Using pre-set license
Built from '2021.3/staging' branch; Version is '2021.3.18f1 (3129e69bc0c7) revision 3221990'; Using compiler version '192829333'; Build Type 'Release'
OS: 'Windows 10  (10.0.19045) 64bit Core' Language: 'en' Physical Memory: 32681 MB
BatchMode: 1, IsHumanControllingUs: 0, StartBugReporterOnCrash: 0, Is64bit: 1, IsPro: 1

COMMAND LINE ARGUMENTS:
C:\Program Files\Unity\Hub\Editor\2021.3.18f1\Editor\Unity.exe
-adb2
-batchMode
-noUpm
-name
AssetImportWorker1
-projectPath
C:/Users/Brett/Documents/GitHub/Personal/AdvDip_ColourChangesEverything
-logFile
Logs/AssetImportWorker1.log
-srvPort
58577
Successfully changed project path to: C:/Users/Brett/Documents/GitHub/Personal/AdvDip_ColourChangesEverything
C:/Users/Brett/Documents/GitHub/Personal/AdvDip_ColourChangesEverything
[UnityMemory] Configuration Parameters - Can be set up in boot.config
    "memorysetup-bucket-allocator-granularity=16"
    "memorysetup-bucket-allocator-bucket-count=8"
    "memorysetup-bucket-allocator-block-size=33554432"
    "memorysetup-bucket-allocator-block-count=8"
    "memorysetup-main-allocator-block-size=16777216"
    "memorysetup-thread-allocator-block-size=16777216"
    "memorysetup-gfx-main-allocator-block-size=16777216"
    "memorysetup-gfx-thread-allocator-block-size=16777216"
    "memorysetup-cache-allocator-block-size=4194304"
    "memorysetup-typetree-allocator-block-size=2097152"
    "memorysetup-profiler-bucket-allocator-granularity=16"
    "memorysetup-profiler-bucket-allocator-bucket-count=8"
    "memorysetup-profiler-bucket-allocator-block-size=33554432"
    "memorysetup-profiler-bucket-allocator-block-count=8"
    "memorysetup-profiler-allocator-block-size=16777216"
    "memorysetup-profiler-editor-allocator-block-size=1048576"
    "memorysetup-temp-allocator-size-main=16777216"
    "memorysetup-job-temp-allocator-block-size=2097152"
    "memorysetup-job-temp-allocator-block-size-background=1048576"
    "memorysetup-job-temp-allocator-reduction-small-platforms=262144"
    "memorysetup-temp-allocator-size-background-worker=32768"
    "memorysetup-temp-allocator-size-job-worker=262144"
    "memorysetup-temp-allocator-size-preload-manager=33554432"
    "memorysetup-temp-allocator-size-nav-mesh-worker=65536"
    "memorysetup-temp-allocator-size-audio-worker=65536"
    "memorysetup-temp-allocator-size-cloud-worker=32768"
    "memorysetup-temp-allocator-size-gi-baking-worker=262144"
    "memorysetup-temp-allocator-size-gfx=262144"
Player connection [18492] Host "[IP] 192.168.20.15 [Port] 0 [Flags] 2 [Guid] 1439247519 [EditorId] 1439247519 [Version] 1048832 [Id] WindowsEditor(7,DESKTOP-SG1H81B) [Debug] 1 [PackageName] WindowsEditor [ProjectName] Editor" joined multi-casting on [225.0.0.222:54997]...

Player connection [18492] Host "[IP] 192.168.20.15 [Port] 0 [Flags] 2 [Guid] 1439247519 [EditorId] 1439247519 [Version] 1048832 [Id] WindowsEditor(7,DESKTOP-SG1H81B) [Debug] 1 [PackageName] WindowsEditor [ProjectName] Editor" joined alternative multi-casting on [225.0.0.222:34997]...

Refreshing native plugins compatible for Editor in 90.64 ms, found 4 plugins.
Preloading 0 native plugins for Editor in 0.00 ms.
Initialize engine version: 2021.3.18f1 (3129e69bc0c7)
[Subsystems] Discovering subsystems at path C:/Program Files/Unity/Hub/Editor/2021.3.18f1/Editor/Data/Resources/UnitySubsystems
[Subsystems] Discovering subsystems at path C:/Users/Brett/Documents/GitHub/Personal/AdvDip_ColourChangesEverything/Assets
GfxDevice: creating device client; threaded=0; jobified=0
Direct3D:
    Version:  Direct3D 11.0 [level 11.1]
    Renderer: NVIDIA GeForce RTX 3070 (ID=0x2484)
    Vendor:   NVIDIA
    VRAM:     8031 MB
    Driver:   31.0.15.2849
Initialize mono
Mono path[0] = 'C:/Program Files/Unity/Hub/Editor/2021.3.18f1/Editor/Data/Managed'
Mono path[1] = 'C:/Program Files/Unity/Hub/Editor/2021.3.18f1/Editor/Data/MonoBleedingEdge/lib/mono/unityjit-win32'
Mono config path = 'C:/Program Files/Unity/Hub/Editor/2021.3.18f1/Editor/Data/MonoBleedingEdge/etc'
Using monoOptions --debugger-agent=transport=dt_socket,embedding=1,server=y,suspend=n,address=127.0.0.1:56140
Begin MonoManager ReloadAssembly
Registering precompiled unity dll's ...
Register platform support module: C:/Program Files/Unity/Hub/Editor/2021.3.18f1/Editor/Data/PlaybackEngines/WindowsStandaloneSupport/UnityEditor.WindowsStandalone.Extensions.dll
Registered in 0.009527 seconds.
Native extension for WindowsStandalone target not found
Refreshing native plugins compatible for Editor in 84.07 ms, found 4 plugins.
Preloading 0 native plugins for Editor in 0.00 ms.
Mono: successfully reloaded assembly
- Completed reload, in  0.629 seconds
Domain Reload Profiling:
	ReloadAssembly (629ms)
		BeginReloadAssembly (74ms)
			ExecutionOrderSort (0ms)
			DisableScriptedObjects (0ms)
			BackupInstance (0ms)
			ReleaseScriptingObjects (0ms)
			CreateAndSetChildDomain (1ms)
		EndReloadAssembly (442ms)
			LoadAssemblies (71ms)
			RebuildTransferFunctionScriptingTraits (0ms)
			SetupTypeCache (102ms)
			ReleaseScriptCaches (0ms)
			RebuildScriptCaches (25ms)
			SetupLoadedEditorAssemblies (264ms)
				LogAssemblyErrors (0ms)
				InitializePlatformSupportModulesInManaged (8ms)
				SetLoadedEditorAssemblies (0ms)
				RefreshPlugins (84ms)
				BeforeProcessingInitializeOnLoad (1ms)
				ProcessInitializeOnLoadAttributes (125ms)
				ProcessInitializeOnLoadMethodAttributes (46ms)
				AfterProcessingInitializeOnLoad (0ms)
				EditorAssembliesLoaded (0ms)
			ExecutionOrderSort2 (0ms)
			AwakeInstancesAfterBackupRestoration (0ms)
Platform modules already initialized, skipping
Registering precompiled user dll's ...
Registered in 0.007387 seconds.
Begin MonoManager ReloadAssembly
Symbol file LoadedFromMemory doesn't match image C:\Users\Brett\Documents\GitHub\Personal\AdvDip_ColourChangesEverything\Library\PackageCache\com.unity.visualscripting@1.8.0\Editor\VisualScripting.Core\Dependencies\YamlDotNet\Unity.VisualScripting.YamlDotNet.dll
Symbol file LoadedFromMemory doesn't match image C:\Users\Brett\Documents\GitHub\Personal\AdvDip_ColourChangesEverything\Library\PackageCache\com.unity.visualscripting@1.8.0\Editor\VisualScripting.Core\Dependencies\DotNetZip\Unity.VisualScripting.IonicZip.dll
Native extension for WindowsStandalone target not found
Refreshing native plugins compatible for Editor in 83.49 ms, found 4 plugins.
Preloading 0 native plugins for Editor in 0.00 ms.
Mono: successfully reloaded assembly
- Completed reload, in  1.100 seconds
Domain Reload Profiling:
	ReloadAssembly (1101ms)
		BeginReloadAssembly (108ms)
			ExecutionOrderSort (0ms)
			DisableScriptedObjects (5ms)
			BackupInstance (0ms)
			ReleaseScriptingObjects (0ms)
			CreateAndSetChildDomain (20ms)
		EndReloadAssembly (876ms)
			LoadAssemblies (83ms)
			RebuildTransferFunctionScriptingTraits (0ms)
			SetupTypeCache (226ms)
			ReleaseScriptCaches (1ms)
			RebuildScriptCaches (67ms)
			SetupLoadedEditorAssemblies (444ms)
				LogAssemblyErrors (0ms)
				InitializePlatformSupportModulesInManaged (4ms)
				SetLoadedEditorAssemblies (0ms)
				RefreshPlugins (84ms)
				BeforeProcessingInitializeOnLoad (97ms)
				ProcessInitializeOnLoadAttributes (214ms)
				ProcessInitializeOnLoadMethodAttributes (36ms)
				AfterProcessingInitializeOnLoad (10ms)
				EditorAssembliesLoaded (0ms)
			ExecutionOrderSort2 (0ms)
			AwakeInstancesAfterBackupRestoration (5ms)
Platform modules already initialized, skipping
========================================================================
Worker process is ready to serve import requests
Launched and connected shader compiler UnityShaderCompiler.exe after 0.05 seconds
Refreshing native plugins compatible for Editor in 0.76 ms, found 4 plugins.
Preloading 0 native plugins for Editor in 0.00 ms.
Unloading 3761 Unused Serialized files (Serialized files now loaded: 0)
Unloading 35 unused Assets / (56.6 KB). Loaded Objects now: 4222.
Memory consumption went from 145.3 MB to 145.2 MB.
Total: 3.632100 ms (FindLiveObjects: 0.403200 ms CreateObjectMapping: 0.101600 ms MarkObjects: 3.020500 ms  DeleteObjects: 0.105300 ms)

AssetImportParameters requested are different than current active one (requested -> active):
  custom:video-decoder-ogg-theora: a1e56fd34408186e4bbccfd4996cb3dc -> 
  custom:container-muxer-webm: aa71ff27fc2769a1b78a27578f13a17b -> 
  custom:container-demuxer-webm: 4f35f7cbe854078d1ac9338744f61a02 -> 
  custom:video-encoder-webm-vp8: eb34c28f22e8b96e1ab97ce403110664 -> 
  custom:audio-encoder-webm-vorbis: bf7c407c2cedff20999df2af8eb42d56 -> 
  custom:framework-win-MediaFoundation: 216162199b28c13a410421893ffa2e32 -> 
  custom:container-demuxer-ogg: 62fdf1f143b41e24485cea50d1cbac27 -> 
  custom:video-decoder-webm-vp8: 9c59270c3fd7afecdb556c50c9e8de78 -> 
  custom:audio-decoder-ogg-vorbis: bf7c407c2cedff20999df2af8eb42d56 -> 
========================================================================
Received Import Request.
  Time since last request: 178684.837139 seconds.
  path: Assets/Art/idle/idle-4.png
  artifactKey: Guid(2d414b37f3de74d2494564eb6ca8b8cb) Importer(815301076,1909f56bfc062723c751e8b465ee728b)
Start importing Assets/Art/idle/idle-4.png using Guid(2d414b37f3de74d2494564eb6ca8b8cb) Importer(815301076,1909f56bfc062723c751e8b465ee728b)  -> (artifact id: '5dd314db25a1a19ea105a29c41613710') in 0.097667 seconds 
========================================================================
Received Import Request.
  Time since last request: 0.943039 seconds.
  path: Assets/_IMPORTS/Warped City Assets/Artwork/SPRITES/player/hurt/hurt.png
  artifactKey: Guid(538fb37dc7b7b41d694e78e801f89a28) Importer(815301076,1909f56bfc062723c751e8b465ee728b)
Start importing Assets/_IMPORTS/Warped City Assets/Artwork/SPRITES/player/hurt/hurt.png using Guid(538fb37dc7b7b41d694e78e801f89a28) Importer(815301076,1909f56bfc062723c751e8b465ee728b)  -> (artifact id: '1f857f8bd166fcf08b0ae41485baf3a9') in 0.021584 seconds 
========================================================================
Received Import Request.
  Time since last request: 1.323438 seconds.
  path: Assets/_IMPORTS/Warped City Assets/Artwork/SPRITES/misc/enemy-explosion/enemy-explosion-2.png
  artifactKey: Guid(e4816b76c47974b188075a4a37fbe55a) Importer(815301076,1909f56bfc062723c751e8b465ee728b)
Start importing Assets/_IMPORTS/Warped City Assets/Artwork/SPRITES/misc/enemy-explosion/enemy-explosion-2.png using Guid(e4816b76c47974b188075a4a37fbe55a) Importer(815301076,1909f56bfc062723c751e8b465ee728b)  -> (artifact id: 'f6785dceeacc5fc6e8751d274cc4d9bd') in 0.017426 seconds 
========================================================================
Received Import Request.
  Time since last request: 0.000016 seconds.
  path: Assets/_IMPORTS/Warped City Assets/Artwork/SPRITES/misc/enemy-explosion/enemy-explosion-4.png
  artifactKey: Guid(b5fe33b9056c44d249e9b8fc43b6dd1e) Importer(815301076,1909f56bfc062723c751e8b465ee728b)
Start importing Assets/_IMPORTS/Warped City Assets/Artwork/SPRITES/misc/enemy-explosion/enemy-explosion-4.png using Guid(b5fe33b9056c44d249e9b8fc43b6dd1e) Importer(815301076,1909f56bfc062723c751e8b465ee728b)  -> (artifact id: '40a5cddf99ee0d6bbe9e245610ec9ba4') in 0.015448 seconds 
========================================================================
Received Import Request.
  Time since last request: 0.000019 seconds.
  path: Assets/_IMPORTS/Warped City Assets/Artwork/SPRITES/misc/drone/drone-4.png
  artifactKey: Guid(f579fd21158db4b9caa8430de17d94e2) Importer(815301076,1909f56bfc062723c751e8b465ee728b)
Start importing Assets/_IMPORTS/Warped City Assets/Artwork/SPRITES/misc/drone/drone-4.png using Guid(f579fd21158db4b9caa8430de17d94e2) Importer(815301076,1909f56bfc062723c751e8b465ee728b)  -> (artifact id: '4c4cfaf3ae6a0e7a2c0ca919e13aaff9') in 0.014176 seconds 
========================================================================
Received Import Request.
  Time since last request: 0.000023 seconds.
  path: Assets/_IMPORTS/Warped City Assets/Artwork/SPRITES/misc/enemy-explosion/enemy-explosion-5.png
  artifactKey: Guid(afb130b24c5274a6182bb53c0d12e23f) Importer(815301076,1909f56bfc062723c751e8b465ee728b)
Start importing Assets/_IMPORTS/Warped City Assets/Artwork/SPRITES/misc/enemy-explosion/enemy-explosion-5.png using Guid(afb130b24c5274a6182bb53c0d12e23f) Importer(815301076,1909f56bfc062723c751e8b465ee728b)  -> (artifact id: '3f7dba079001315c90fe3903e5341b7a') in 0.025320 seconds 
========================================================================
Received Import Request.
  Time since last request: 0.000065 seconds.
  path: Assets/_IMPORTS/Warped City Assets/Artwork/SPRITES/misc/enemy-explosion/enemy-explosion-3.png
  artifactKey: Guid(7ef35a73885d14f1ab8f0925880a2af4) Importer(815301076,1909f56bfc062723c751e8b465ee728b)
Start importing Assets/_IMPORTS/Warped City Assets/Artwork/SPRITES/misc/enemy-explosion/enemy-explosion-3.png using Guid(7ef35a73885d14f1ab8f0925880a2af4) Importer(815301076,1909f56bfc062723c751e8b465ee728b)  -> (artifact id: '7a58a1e4475fb24a4070abf5d95101e8') in 0.020855 seconds 
========================================================================
Received Import Request.
  Time since last request: 0.000041 seconds.
  path: Assets/_IMPORTS/Warped City Assets/Artwork/SPRITES/player/crouch/crouch.png
  artifactKey: Guid(be66b0319e1ce42139de849803d194a7) Importer(815301076,1909f56bfc062723c751e8b465ee728b)
Start importing Assets/_IMPORTS/Warped City Assets/Artwork/SPRITES/player/crouch/crouch.png using Guid(be66b0319e1ce42139de849803d194a7) Importer(815301076,1909f56bfc062723c751e8b465ee728b)  -> (artifact id: 'c4920e424b15269e65d3d73b29768026') in 0.015018 seconds 
========================================================================
Received Import Request.
  Time since last request: 0.008474 seconds.
  path: Assets/_IMPORTS/Warped City Assets/Artwork/SPRITES/player/climb/climb-5.png
  artifactKey: Guid(173ee918bf9b445909661624036c3bd5) Importer(815301076,1909f56bfc062723c751e8b465ee728b)
Start importing Assets/_IMPORTS/Warped City Assets/Artwork/SPRITES/player/climb/climb-5.png using Guid(173ee918bf9b445909661624036c3bd5) Importer(815301076,1909f56bfc062723c751e8b465ee728b)  -> (artifact id: 'e7348cd05742f973d1347bcc7bfe0cc2') in 0.021003 seconds 
========================================================================
Received Import Request.
  Time since last request: 0.000044 seconds.
  path: Assets/_IMPORTS/Warped City Assets/Artwork/ENVIRONMENT/props/control-box-2.png
  artifactKey: Guid(d886ba9ea1c0747f48bd6188b513f837) Importer(815301076,1909f56bfc062723c751e8b465ee728b)
Start importing Assets/_IMPORTS/Warped City Assets/Artwork/ENVIRONMENT/props/control-box-2.png using Guid(d886ba9ea1c0747f48bd6188b513f837) Importer(815301076,1909f56bfc062723c751e8b465ee728b)  -> (artifact id: '285cea4a45ee684c580776de27b18eaa') in 0.020109 seconds 
========================================================================
Received Import Request.
  Time since last request: 0.000073 seconds.
  path: Assets/_IMPORTS/Warped City Assets/Artwork/ENVIRONMENT/props/banner-side/banner-side-2.png
  artifactKey: Guid(9b3027d3d57a94a07b8aed183f1dbfda) Importer(815301076,1909f56bfc062723c751e8b465ee728b)
Start importing Assets/_IMPORTS/Warped City Assets/Artwork/ENVIRONMENT/props/banner-side/banner-side-2.png using Guid(9b3027d3d57a94a07b8aed183f1dbfda) Importer(815301076,1909f56bfc062723c751e8b465ee728b)  -> (artifact id: '03b37f56397279fa181b7a27b4a0553d') in 0.025290 seconds 
========================================================================
Received Import Request.
  Time since last request: 0.000019 seconds.
  path: Assets/_IMPORTS/Warped City Assets/Artwork/SPRITES/player/back-jump/back-jump-4.png
  artifactKey: Guid(6cc3fb510e8ba4969aae8867dd99e326) Importer(815301076,1909f56bfc062723c751e8b465ee728b)
Start importing Assets/_IMPORTS/Warped City Assets/Artwork/SPRITES/player/back-jump/back-jump-4.png using Guid(6cc3fb510e8ba4969aae8867dd99e326) Importer(815301076,1909f56bfc062723c751e8b465ee728b)  -> (artifact id: 'a22bcfd17cafaebb979b1859e17500ee') in 0.022358 seconds 
========================================================================
Received Import Request.
  Time since last request: 0.000057 seconds.
  path: Assets/_IMPORTS/Warped City Assets/Artwork/ENVIRONMENT/props/banner-big/banner-big-1.png
  artifactKey: Guid(4db7d20bea57942e9bc03f26f30c64a5) Importer(815301076,1909f56bfc062723c751e8b465ee728b)
Start importing Assets/_IMPORTS/Warped City Assets/Artwork/ENVIRONMENT/props/banner-big/banner-big-1.png using Guid(4db7d20bea57942e9bc03f26f30c64a5) Importer(815301076,1909f56bfc062723c751e8b465ee728b)  -> (artifact id: '6ba206603d4f21e570c5f984718a1fd0') in 0.021165 seconds 
========================================================================
Received Import Request.
  Time since last request: 0.000023 seconds.
  path: Assets/_IMPORTS/Warped City Assets/Artwork/SPRITES/player/back-jump/back-jump-3.png
  artifactKey: Guid(d185b83f6152c4721a8aa7ea4c529123) Importer(815301076,1909f56bfc062723c751e8b465ee728b)
Start importing Assets/_IMPORTS/Warped City Assets/Artwork/SPRITES/player/back-jump/back-jump-3.png using Guid(d185b83f6152c4721a8aa7ea4c529123) Importer(815301076,1909f56bfc062723c751e8b465ee728b)  -> (artifact id: 'c45c09970cad14da3821ec8804a215b6') in 0.024167 seconds 
========================================================================
Received Import Request.
  Time since last request: 0.000022 seconds.
  path: Assets/_IMPORTS/Warped City Assets/Artwork/ENVIRONMENT/props/banner-arrow.png
  artifactKey: Guid(f87454e6f046e4340b8ae4c03ebfa016) Importer(815301076,1909f56bfc062723c751e8b465ee728b)
Start importing Assets/_IMPORTS/Warped City Assets/Artwork/ENVIRONMENT/props/banner-arrow.png using Guid(f87454e6f046e4340b8ae4c03ebfa016) Importer(815301076,1909f56bfc062723c751e8b465ee728b)  -> (artifact id: 'fc92c8c8393e3e18352b971eda1eebfc') in 0.022992 seconds 
========================================================================
Received Import Request.
  Time since last request: 0.000032 seconds.
  path: Assets/_IMPORTS/Warped City Assets/Artwork/ENVIRONMENT/props/banner-side/banner-side-1.png
  artifactKey: Guid(1423971c298b64565ac2014b97a82662) Importer(815301076,1909f56bfc062723c751e8b465ee728b)
Start importing Assets/_IMPORTS/Warped City Assets/Artwork/ENVIRONMENT/props/banner-side/banner-side-1.png using Guid(1423971c298b64565ac2014b97a82662) Importer(815301076,1909f56bfc062723c751e8b465ee728b)  -> (artifact id: '86a186177b9046fd9cb8f62a8e858b25') in 0.016686 seconds 
========================================================================
Received Import Request.
  Time since last request: 0.000033 seconds.
  path: Assets/_IMPORTS/Warped City Assets/Artwork/ENVIRONMENT/props/banner-open.png
  artifactKey: Guid(a9a2edcef3323439bbd444f77e2c66a6) Importer(815301076,1909f56bfc062723c751e8b465ee728b)
Start importing Assets/_IMPORTS/Warped City Assets/Artwork/ENVIRONMENT/props/banner-open.png using Guid(a9a2edcef3323439bbd444f77e2c66a6) Importer(815301076,1909f56bfc062723c751e8b465ee728b)  -> (artifact id: '1fb5d6cb41aa79102d1408411367e2f7') in 0.021944 seconds 
========================================================================
Received Import Request.
  Time since last request: 0.000017 seconds.
  path: Assets/_IMPORTS/Warped City Assets/Artwork/SPRITES/player/back-jump/back-jump-5.png
  artifactKey: Guid(af6b4020d525741d586a7fe3778dfd6d) Importer(815301076,1909f56bfc062723c751e8b465ee728b)
Start importing Assets/_IMPORTS/Warped City Assets/Artwork/SPRITES/player/back-jump/back-jump-5.png using Guid(af6b4020d525741d586a7fe3778dfd6d) Importer(815301076,1909f56bfc062723c751e8b465ee728b)  -> (artifact id: '3b8c132b5d465a821b4ba4a446eafe72') in 0.015032 seconds 
========================================================================
Received Import Request.
  Time since last request: 0.000023 seconds.
  path: Assets/_IMPORTS/Warped City Assets/Artwork/ENVIRONMENT/props/banner-big/banner-big-3.png
  artifactKey: Guid(0a6ca078b274e43859b20657ebda9a05) Importer(815301076,1909f56bfc062723c751e8b465ee728b)
Start importing Assets/_IMPORTS/Warped City Assets/Artwork/ENVIRONMENT/props/banner-big/banner-big-3.png using Guid(0a6ca078b274e43859b20657ebda9a05) Importer(815301076,1909f56bfc062723c751e8b465ee728b)  -> (artifact id: '8144aa2839e7dd2d81e0868c02bf67c9') in 0.015503 seconds 
========================================================================
Received Import Request.
  Time since last request: 0.000061 seconds.
  path: Assets/_IMPORTS/Warped City Assets/Artwork/SPRITES/player/back-jump/back-jump-6.png
  artifactKey: Guid(543a751d492224d75b38c817e173720c) Importer(815301076,1909f56bfc062723c751e8b465ee728b)
Start importing Assets/_IMPORTS/Warped City Assets/Artwork/SPRITES/player/back-jump/back-jump-6.png using Guid(543a751d492224d75b38c817e173720c) Importer(815301076,1909f56bfc062723c751e8b465ee728b)  -> (artifact id: 'f371a6f635fd62be6dea3927bd4db175') in 0.021152 seconds 
========================================================================
Received Import Request.
  Time since last request: 0.000030 seconds.
  path: Assets/_IMPORTS/Warped City Assets/Artwork/SPRITES/player/climb/climb-3.png
  artifactKey: Guid(acac7b63789b44ec7933ec438a2b2443) Importer(815301076,1909f56bfc062723c751e8b465ee728b)
Start importing Assets/_IMPORTS/Warped City Assets/Artwork/SPRITES/player/climb/climb-3.png using Guid(acac7b63789b44ec7933ec438a2b2443) Importer(815301076,1909f56bfc062723c751e8b465ee728b)  -> (artifact id: 'ce161e48bafd3f07c07dcbb61a5f8721') in 0.016753 seconds 
========================================================================
Received Import Request.
  Time since last request: 0.000022 seconds.
  path: Assets/_IMPORTS/Warped City Assets/Artwork/ENVIRONMENT/props/banner-neon/banner-neon-1.png
  artifactKey: Guid(651479cc07fa5423fb129d992873995b) Importer(815301076,1909f56bfc062723c751e8b465ee728b)
Start importing Assets/_IMPORTS/Warped City Assets/Artwork/ENVIRONMENT/props/banner-neon/banner-neon-1.png using Guid(651479cc07fa5423fb129d992873995b) Importer(815301076,1909f56bfc062723c751e8b465ee728b)  -> (artifact id: '71046b09e0c86b49521299ca693709a3') in 0.016293 seconds 
========================================================================
Received Import Request.
  Time since last request: 0.000023 seconds.
  path: Assets/_IMPORTS/Warped City Assets/Artwork/ENVIRONMENT/props/banner-coke/banner-coke-2.png
  artifactKey: Guid(c3b5f35ae691e4d719d7c458b48c7c28) Importer(815301076,1909f56bfc062723c751e8b465ee728b)
Start importing Assets/_IMPORTS/Warped City Assets/Artwork/ENVIRONMENT/props/banner-coke/banner-coke-2.png using Guid(c3b5f35ae691e4d719d7c458b48c7c28) Importer(815301076,1909f56bfc062723c751e8b465ee728b)  -> (artifact id: '2cc378034b531d5d65350e9b45fb8a10') in 0.016002 seconds 
========================================================================
Received Import Request.
  Time since last request: 0.000024 seconds.
  path: Assets/_IMPORTS/Warped City Assets/Artwork/ENVIRONMENT/props/banner-coke/banner-coke-1.png
  artifactKey: Guid(88271ef8cb2f844a59750124ca3106a2) Importer(815301076,1909f56bfc062723c751e8b465ee728b)
Start importing Assets/_IMPORTS/Warped City Assets/Artwork/ENVIRONMENT/props/banner-coke/banner-coke-1.png using Guid(88271ef8cb2f844a59750124ca3106a2) Importer(815301076,1909f56bfc062723c751e8b465ee728b)  -> (artifact id: '7d657e77c966af7134db1effb58c1ca5') in 0.016309 seconds 
========================================================================
Received Import Request.
  Time since last request: 0.000023 seconds.
  path: Assets/_IMPORTS/Warped City Assets/Artwork/ENVIRONMENT/props/banner-neon/banner-neon-2.png
  artifactKey: Guid(724ba19574b4b41399100a70044d62e7) Importer(815301076,1909f56bfc062723c751e8b465ee728b)
Start importing Assets/_IMPORTS/Warped City Assets/Artwork/ENVIRONMENT/props/banner-neon/banner-neon-2.png using Guid(724ba19574b4b41399100a70044d62e7) Importer(815301076,1909f56bfc062723c751e8b465ee728b)  -> (artifact id: '2c4e0c9dc5271d8a15c02fee95bcb771') in 0.014832 seconds 
========================================================================
Received Import Request.
  Time since last request: 0.000023 seconds.
  path: Assets/_IMPORTS/Warped City Assets/Artwork/SPRITES/player/climb/climb-2.png
  artifactKey: Guid(0b6064e4b1ec84dea8b329201189541b) Importer(815301076,1909f56bfc062723c751e8b465ee728b)
Start importing Assets/_IMPORTS/Warped City Assets/Artwork/SPRITES/player/climb/climb-2.png using Guid(0b6064e4b1ec84dea8b329201189541b) Importer(815301076,1909f56bfc062723c751e8b465ee728b)  -> (artifact id: 'e26a7806addeabe42d8452dfa9ac42f0') in 0.017427 seconds 
========================================================================
Received Import Request.
  Time since last request: 0.000027 seconds.
  path: Assets/_IMPORTS/Warped City Assets/Artwork/SPRITES/player/climb/climb-6.png
  artifactKey: Guid(23f434866843c4f52a434b6996a38df2) Importer(815301076,1909f56bfc062723c751e8b465ee728b)
Start importing Assets/_IMPORTS/Warped City Assets/Artwork/SPRITES/player/climb/climb-6.png using Guid(23f434866843c4f52a434b6996a38df2) Importer(815301076,1909f56bfc062723c751e8b465ee728b)  -> (artifact id: '56c14a129303b0735c7445e519fa97f2') in 0.021129 seconds 
========================================================================
Received Import Request.
  Time since last request: 0.000042 seconds.
  path: Assets/_IMPORTS/Warped City Assets/Artwork/ENVIRONMENT/props/banner-scroll/banner-scroll-1.png
  artifactKey: Guid(4f540a6a2b820425d909a84e4650a499) Importer(815301076,1909f56bfc062723c751e8b465ee728b)
Start importing Assets/_IMPORTS/Warped City Assets/Artwork/ENVIRONMENT/props/banner-scroll/banner-scroll-1.png using Guid(4f540a6a2b820425d909a84e4650a499) Importer(815301076,1909f56bfc062723c751e8b465ee728b)  -> (artifact id: '8969833b9dc08e2b6bbd908f3c07ed87') in 0.019658 seconds 
========================================================================
Received Import Request.
  Time since last request: 0.000027 seconds.
  path: Assets/_IMPORTS/Warped City Assets/Artwork/SPRITES/player/back-jump/back-jump-1.png
  artifactKey: Guid(6bcff3fdeea55447d8b185465a8a7d12) Importer(815301076,1909f56bfc062723c751e8b465ee728b)
Start importing Assets/_IMPORTS/Warped City Assets/Artwork/SPRITES/player/back-jump/back-jump-1.png using Guid(6bcff3fdeea55447d8b185465a8a7d12) Importer(815301076,1909f56bfc062723c751e8b465ee728b)  -> (artifact id: 'e5754bdb518348ec3a639ad3e4e45491') in 0.017212 seconds 
========================================================================
Received Import Request.
  Time since last request: 0.000047 seconds.
  path: Assets/_IMPORTS/Warped City Assets/Artwork/ENVIRONMENT/props/banner-side/banner-side-3.png
  artifactKey: Guid(5420c579b50cd47158e6c73fdad1bd7b) Importer(815301076,1909f56bfc062723c751e8b465ee728b)
Start importing Assets/_IMPORTS/Warped City Assets/Artwork/ENVIRONMENT/props/banner-side/banner-side-3.png using Guid(5420c579b50cd47158e6c73fdad1bd7b) Importer(815301076,1909f56bfc062723c751e8b465ee728b)  -> (artifact id: '766132e9ee371ffaa36c1f86e67a3b29') in 0.016825 seconds 
Editor requested this worker to shutdown with reason: Scaling down because of idle timeout
AssetImportWorker is now disconnected from the server
Process exiting
Exiting without the bug reporter. Application will terminate with return code 0