Using pre-set license
Built from '2021.3/staging' branch; Version is '2021.3.18f1 (3129e69bc0c7) revision 3221990'; Using compiler version '192829333'; Build Type 'Release'
OS: 'Windows 10  (10.0.19045) 64bit Core' Language: 'en' Physical Memory: 32681 MB
BatchMode: 1, IsHumanControllingUs: 0, StartBugReporterOnCrash: 0, Is64bit: 1, IsPro: 1

COMMAND LINE ARGUMENTS:
C:\Program Files\Unity\Hub\Editor\2021.3.18f1\Editor\Unity.exe
-adb2
-batchMode
-noUpm
-name
AssetImportWorker4
-projectPath
C:/Users/Brett/Documents/GitHub/Personal/AdvDip_ColourChangesEverything
-logFile
Logs/AssetImportWorker4.log
-srvPort
51618
Successfully changed project path to: C:/Users/Brett/Documents/GitHub/Personal/AdvDip_ColourChangesEverything
C:/Users/Brett/Documents/GitHub/Personal/AdvDip_ColourChangesEverything
[UnityMemory] Configuration Parameters - Can be set up in boot.config
    "memorysetup-bucket-allocator-granularity=16"
    "memorysetup-bucket-allocator-bucket-count=8"
    "memorysetup-bucket-allocator-block-size=33554432"
    "memorysetup-bucket-allocator-block-count=8"
    "memorysetup-main-allocator-block-size=16777216"
    "memorysetup-thread-allocator-block-size=16777216"
    "memorysetup-gfx-main-allocator-block-size=16777216"
    "memorysetup-gfx-thread-allocator-block-size=16777216"
    "memorysetup-cache-allocator-block-size=4194304"
    "memorysetup-typetree-allocator-block-size=2097152"
    "memorysetup-profiler-bucket-allocator-granularity=16"
    "memorysetup-profiler-bucket-allocator-bucket-count=8"
    "memorysetup-profiler-bucket-allocator-block-size=33554432"
    "memorysetup-profiler-bucket-allocator-block-count=8"
    "memorysetup-profiler-allocator-block-size=16777216"
    "memorysetup-profiler-editor-allocator-block-size=1048576"
    "memorysetup-temp-allocator-size-main=16777216"
    "memorysetup-job-temp-allocator-block-size=2097152"
    "memorysetup-job-temp-allocator-block-size-background=1048576"
    "memorysetup-job-temp-allocator-reduction-small-platforms=262144"
    "memorysetup-temp-allocator-size-background-worker=32768"
    "memorysetup-temp-allocator-size-job-worker=262144"
    "memorysetup-temp-allocator-size-preload-manager=33554432"
    "memorysetup-temp-allocator-size-nav-mesh-worker=65536"
    "memorysetup-temp-allocator-size-audio-worker=65536"
    "memorysetup-temp-allocator-size-cloud-worker=32768"
    "memorysetup-temp-allocator-size-gi-baking-worker=262144"
    "memorysetup-temp-allocator-size-gfx=262144"
Player connection [23668] Host "[IP] 192.168.20.15 [Port] 0 [Flags] 2 [Guid] 1813939702 [EditorId] 1813939702 [Version] 1048832 [Id] WindowsEditor(7,DESKTOP-SG1H81B) [Debug] 1 [PackageName] WindowsEditor [ProjectName] Editor" joined multi-casting on [225.0.0.222:54997]...

Player connection [23668] Host "[IP] 192.168.20.15 [Port] 0 [Flags] 2 [Guid] 1813939702 [EditorId] 1813939702 [Version] 1048832 [Id] WindowsEditor(7,DESKTOP-SG1H81B) [Debug] 1 [PackageName] WindowsEditor [ProjectName] Editor" joined alternative multi-casting on [225.0.0.222:34997]...

Refreshing native plugins compatible for Editor in 109.32 ms, found 4 plugins.
Preloading 0 native plugins for Editor in 0.00 ms.
Initialize engine version: 2021.3.18f1 (3129e69bc0c7)
[Subsystems] Discovering subsystems at path C:/Program Files/Unity/Hub/Editor/2021.3.18f1/Editor/Data/Resources/UnitySubsystems
[Subsystems] Discovering subsystems at path C:/Users/Brett/Documents/GitHub/Personal/AdvDip_ColourChangesEverything/Assets
GfxDevice: creating device client; threaded=0; jobified=0
Direct3D:
    Version:  Direct3D 11.0 [level 11.1]
    Renderer: NVIDIA GeForce RTX 3070 (ID=0x2484)
    Vendor:   NVIDIA
    VRAM:     8031 MB
    Driver:   31.0.15.2849
Initialize mono
Mono path[0] = 'C:/Program Files/Unity/Hub/Editor/2021.3.18f1/Editor/Data/Managed'
Mono path[1] = 'C:/Program Files/Unity/Hub/Editor/2021.3.18f1/Editor/Data/MonoBleedingEdge/lib/mono/unityjit-win32'
Mono config path = 'C:/Program Files/Unity/Hub/Editor/2021.3.18f1/Editor/Data/MonoBleedingEdge/etc'
Using monoOptions --debugger-agent=transport=dt_socket,embedding=1,server=y,suspend=n,address=127.0.0.1:56356
Begin MonoManager ReloadAssembly
Registering precompiled unity dll's ...
Register platform support module: C:/Program Files/Unity/Hub/Editor/2021.3.18f1/Editor/Data/PlaybackEngines/WindowsStandaloneSupport/UnityEditor.WindowsStandalone.Extensions.dll
Registered in 0.011280 seconds.
Native extension for WindowsStandalone target not found
Refreshing native plugins compatible for Editor in 95.29 ms, found 4 plugins.
Preloading 0 native plugins for Editor in 0.00 ms.
Mono: successfully reloaded assembly
- Completed reload, in  0.658 seconds
Domain Reload Profiling:
	ReloadAssembly (659ms)
		BeginReloadAssembly (82ms)
			ExecutionOrderSort (0ms)
			DisableScriptedObjects (0ms)
			BackupInstance (0ms)
			ReleaseScriptingObjects (0ms)
			CreateAndSetChildDomain (1ms)
		EndReloadAssembly (454ms)
			LoadAssemblies (77ms)
			RebuildTransferFunctionScriptingTraits (0ms)
			SetupTypeCache (96ms)
			ReleaseScriptCaches (0ms)
			RebuildScriptCaches (26ms)
			SetupLoadedEditorAssemblies (282ms)
				LogAssemblyErrors (0ms)
				InitializePlatformSupportModulesInManaged (8ms)
				SetLoadedEditorAssemblies (0ms)
				RefreshPlugins (95ms)
				BeforeProcessingInitializeOnLoad (1ms)
				ProcessInitializeOnLoadAttributes (133ms)
				ProcessInitializeOnLoadMethodAttributes (44ms)
				AfterProcessingInitializeOnLoad (0ms)
				EditorAssembliesLoaded (0ms)
			ExecutionOrderSort2 (0ms)
			AwakeInstancesAfterBackupRestoration (0ms)
Platform modules already initialized, skipping
Registering precompiled user dll's ...
Registered in 0.010377 seconds.
Begin MonoManager ReloadAssembly
Symbol file LoadedFromMemory doesn't match image C:\Users\Brett\Documents\GitHub\Personal\AdvDip_ColourChangesEverything\Library\PackageCache\com.unity.visualscripting@1.8.0\Editor\VisualScripting.Core\Dependencies\YamlDotNet\Unity.VisualScripting.YamlDotNet.dll
Symbol file LoadedFromMemory doesn't match image C:\Users\Brett\Documents\GitHub\Personal\AdvDip_ColourChangesEverything\Library\PackageCache\com.unity.visualscripting@1.8.0\Editor\VisualScripting.Core\Dependencies\DotNetZip\Unity.VisualScripting.IonicZip.dll
Native extension for WindowsStandalone target not found
Refreshing native plugins compatible for Editor in 92.37 ms, found 4 plugins.
Preloading 0 native plugins for Editor in 0.00 ms.
Mono: successfully reloaded assembly
- Completed reload, in  1.148 seconds
Domain Reload Profiling:
	ReloadAssembly (1149ms)
		BeginReloadAssembly (123ms)
			ExecutionOrderSort (0ms)
			DisableScriptedObjects (5ms)
			BackupInstance (0ms)
			ReleaseScriptingObjects (0ms)
			CreateAndSetChildDomain (27ms)
		EndReloadAssembly (901ms)
			LoadAssemblies (102ms)
			RebuildTransferFunctionScriptingTraits (0ms)
			SetupTypeCache (244ms)
			ReleaseScriptCaches (1ms)
			RebuildScriptCaches (52ms)
			SetupLoadedEditorAssemblies (457ms)
				LogAssemblyErrors (0ms)
				InitializePlatformSupportModulesInManaged (6ms)
				SetLoadedEditorAssemblies (0ms)
				RefreshPlugins (92ms)
				BeforeProcessingInitializeOnLoad (105ms)
				ProcessInitializeOnLoadAttributes (207ms)
				ProcessInitializeOnLoadMethodAttributes (35ms)
				AfterProcessingInitializeOnLoad (13ms)
				EditorAssembliesLoaded (0ms)
			ExecutionOrderSort2 (0ms)
			AwakeInstancesAfterBackupRestoration (6ms)
Platform modules already initialized, skipping
========================================================================
Worker process is ready to serve import requests
Launched and connected shader compiler UnityShaderCompiler.exe after 0.05 seconds
Refreshing native plugins compatible for Editor in 0.95 ms, found 4 plugins.
Preloading 0 native plugins for Editor in 0.00 ms.
Unloading 3760 Unused Serialized files (Serialized files now loaded: 0)
Unloading 35 unused Assets / (56.6 KB). Loaded Objects now: 4221.
Memory consumption went from 145.3 MB to 145.2 MB.
Total: 3.557000 ms (FindLiveObjects: 0.372000 ms CreateObjectMapping: 0.101000 ms MarkObjects: 2.992400 ms  DeleteObjects: 0.090400 ms)

AssetImportParameters requested are different than current active one (requested -> active):
  custom:video-decoder-ogg-theora: a1e56fd34408186e4bbccfd4996cb3dc -> 
  custom:container-muxer-webm: aa71ff27fc2769a1b78a27578f13a17b -> 
  custom:container-demuxer-webm: 4f35f7cbe854078d1ac9338744f61a02 -> 
  custom:video-encoder-webm-vp8: eb34c28f22e8b96e1ab97ce403110664 -> 
  custom:audio-encoder-webm-vorbis: bf7c407c2cedff20999df2af8eb42d56 -> 
  custom:framework-win-MediaFoundation: 216162199b28c13a410421893ffa2e32 -> 
  custom:container-demuxer-ogg: 62fdf1f143b41e24485cea50d1cbac27 -> 
  custom:video-decoder-webm-vp8: 9c59270c3fd7afecdb556c50c9e8de78 -> 
  custom:audio-decoder-ogg-vorbis: bf7c407c2cedff20999df2af8eb42d56 -> 
========================================================================
Received Import Request.
  Time since last request: 247277.927589 seconds.
  path: Packages/com.unity.textmeshpro/Editor Resources/Textures/btn_AlignMiddle.psd
  artifactKey: Guid(41b96614b2e6494ba995ddcd252d11ae) Importer(815301076,1909f56bfc062723c751e8b465ee728b)
Start importing Packages/com.unity.textmeshpro/Editor Resources/Textures/btn_AlignMiddle.psd using Guid(41b96614b2e6494ba995ddcd252d11ae) Importer(815301076,1909f56bfc062723c751e8b465ee728b)  -> (artifact id: 'cdab0086db3b53799a519d356329a5d7') in 0.072346 seconds 
========================================================================
Received Import Request.
  Time since last request: 20.680460 seconds.
  path: Packages/com.unity.2d.animation/Editor/Assets/Icons/Dark/d_Sprite Library.png
  artifactKey: Guid(7afac7287fbef4e4eb1ba5d37fb251b1) Importer(815301076,1909f56bfc062723c751e8b465ee728b)
Start importing Packages/com.unity.2d.animation/Editor/Assets/Icons/Dark/d_Sprite Library.png using Guid(7afac7287fbef4e4eb1ba5d37fb251b1) Importer(815301076,1909f56bfc062723c751e8b465ee728b)  -> (artifact id: 'd1532451dea5bdc215e32560d52e8c1b') in 0.035493 seconds 
========================================================================
Received Import Request.
  Time since last request: 0.012747 seconds.
  path: Packages/com.unity.timeline/Editor/StyleSheets/Images/Icons/d_TimelineCollapseMarkerButtonDisabled.png
  artifactKey: Guid(40947ddc2dd4f0d499a92d0f3675c4e8) Importer(815301076,1909f56bfc062723c751e8b465ee728b)
Start importing Packages/com.unity.timeline/Editor/StyleSheets/Images/Icons/d_TimelineCollapseMarkerButtonDisabled.png using Guid(40947ddc2dd4f0d499a92d0f3675c4e8) Importer(815301076,1909f56bfc062723c751e8b465ee728b)  -> (artifact id: '0c190273d9f9a4ca5b03bf13cdf02da4') in 0.024884 seconds 
========================================================================
Received Import Request.
  Time since last request: 0.000021 seconds.
  path: Packages/com.unity.timeline/Editor/StyleSheets/Images/Icons/d_TimelineDigIn.png
  artifactKey: Guid(22c3c381bd3cd4a40a8541103023e1ef) Importer(815301076,1909f56bfc062723c751e8b465ee728b)
Start importing Packages/com.unity.timeline/Editor/StyleSheets/Images/Icons/d_TimelineDigIn.png using Guid(22c3c381bd3cd4a40a8541103023e1ef) Importer(815301076,1909f56bfc062723c751e8b465ee728b)  -> (artifact id: '339f97eb2ded8652505d560200854183') in 0.024566 seconds 
========================================================================
Received Import Request.
  Time since last request: 0.000032 seconds.
  path: Packages/com.unity.timeline/Editor/StyleSheets/Images/Icons/d_TimelineSignal.png
  artifactKey: Guid(ad2e3e92b00839c4e991ca602ef19822) Importer(815301076,1909f56bfc062723c751e8b465ee728b)
Start importing Packages/com.unity.timeline/Editor/StyleSheets/Images/Icons/d_TimelineSignal.png using Guid(ad2e3e92b00839c4e991ca602ef19822) Importer(815301076,1909f56bfc062723c751e8b465ee728b)  -> (artifact id: 'fbccaabcdbc866f79d6665dd02d21334') in 0.022824 seconds 
========================================================================
Received Import Request.
  Time since last request: 0.000020 seconds.
  path: Packages/com.unity.timeline/Editor/StyleSheets/Images/Icons/d_TrackLockButtonDisabled@2x.png
  artifactKey: Guid(6f0b77e050cdb12478ed9514b3a0e40e) Importer(815301076,1909f56bfc062723c751e8b465ee728b)
Start importing Packages/com.unity.timeline/Editor/StyleSheets/Images/Icons/d_TrackLockButtonDisabled@2x.png using Guid(6f0b77e050cdb12478ed9514b3a0e40e) Importer(815301076,1909f56bfc062723c751e8b465ee728b)  -> (artifact id: '97b50c232fe437a18de2c82a57ce8674') in 0.023874 seconds 
========================================================================
Received Import Request.
  Time since last request: 0.000024 seconds.
  path: Assets/TextMesh Pro/Sprites/EmojiOne.png
  artifactKey: Guid(dffef66376be4fa480fb02b19edbe903) Importer(815301076,1909f56bfc062723c751e8b465ee728b)
Start importing Assets/TextMesh Pro/Sprites/EmojiOne.png using Guid(dffef66376be4fa480fb02b19edbe903) Importer(815301076,1909f56bfc062723c751e8b465ee728b)  -> (artifact id: '8552dcbbce7adaf92976836d93fded3f') in 0.028333 seconds 
========================================================================
Received Import Request.
  Time since last request: 0.000025 seconds.
  path: Assets/_IMPORTS/Super Grotto Escape/Fx/Explosion/explosion3.png
  artifactKey: Guid(56f88ff2e60f4314a87fad896024e3a3) Importer(815301076,1909f56bfc062723c751e8b465ee728b)
Start importing Assets/_IMPORTS/Super Grotto Escape/Fx/Explosion/explosion3.png using Guid(56f88ff2e60f4314a87fad896024e3a3) Importer(815301076,1909f56bfc062723c751e8b465ee728b)  -> (artifact id: 'e277c77f69061ac920f1831ca3c4bca2') in 0.065348 seconds 
========================================================================
Received Import Request.
  Time since last request: 0.000033 seconds.
  path: Assets/_IMPORTS/Super Grotto Escape/Characters/Enemies/Ghost-shocked/ghost-shocked.png
  artifactKey: Guid(559dfb45e856ac240893a59447b664bc) Importer(815301076,1909f56bfc062723c751e8b465ee728b)
Start importing Assets/_IMPORTS/Super Grotto Escape/Characters/Enemies/Ghost-shocked/ghost-shocked.png using Guid(559dfb45e856ac240893a59447b664bc) Importer(815301076,1909f56bfc062723c751e8b465ee728b)  -> (artifact id: '422d622345aa4a759fdcf59a19beebb7') in 0.024680 seconds 
========================================================================
Received Import Request.
  Time since last request: 0.000027 seconds.
  path: Assets/_IMPORTS/Super Grotto Escape/Characters/Enemies/fly-eye/fly-eye1.png
  artifactKey: Guid(0b3c18f5959451643bd4e621053fff0f) Importer(815301076,1909f56bfc062723c751e8b465ee728b)
Start importing Assets/_IMPORTS/Super Grotto Escape/Characters/Enemies/fly-eye/fly-eye1.png using Guid(0b3c18f5959451643bd4e621053fff0f) Importer(815301076,1909f56bfc062723c751e8b465ee728b)  -> (artifact id: '2927eb7b4186ba0eaeba445f403f31e5') in 0.029534 seconds 
========================================================================
Received Import Request.
  Time since last request: 0.000030 seconds.
  path: Assets/_IMPORTS/Super Grotto Escape/Characters/Enemies/lizard shoots/lizard-shoot3.png
  artifactKey: Guid(87918a2f1c602b246b11824371d3bff2) Importer(815301076,1909f56bfc062723c751e8b465ee728b)
Start importing Assets/_IMPORTS/Super Grotto Escape/Characters/Enemies/lizard shoots/lizard-shoot3.png using Guid(87918a2f1c602b246b11824371d3bff2) Importer(815301076,1909f56bfc062723c751e8b465ee728b)  -> (artifact id: '8be8030580fc8abfbada2c90439c6660') in 0.025373 seconds 
========================================================================
Received Import Request.
  Time since last request: 0.000027 seconds.
  path: Assets/_IMPORTS/Super Grotto Escape/Fx/Pick Feedback 2/pick-feedback-4.png
  artifactKey: Guid(1307f6762dbb2814a94609f12e4a0ac7) Importer(815301076,1909f56bfc062723c751e8b465ee728b)
Start importing Assets/_IMPORTS/Super Grotto Escape/Fx/Pick Feedback 2/pick-feedback-4.png using Guid(1307f6762dbb2814a94609f12e4a0ac7) Importer(815301076,1909f56bfc062723c751e8b465ee728b)  -> (artifact id: '38a8ea4731da496db99d0c29e7909451') in 0.028728 seconds 
========================================================================
Received Import Request.
  Time since last request: 0.000019 seconds.
  path: Assets/_IMPORTS/Super Grotto Escape/Characters/Player/Player-duck/player-duck2.png
  artifactKey: Guid(23461a8099db95643946bc3f86a73d55) Importer(815301076,1909f56bfc062723c751e8b465ee728b)
Start importing Assets/_IMPORTS/Super Grotto Escape/Characters/Player/Player-duck/player-duck2.png using Guid(23461a8099db95643946bc3f86a73d55) Importer(815301076,1909f56bfc062723c751e8b465ee728b)  -> (artifact id: 'a933a69806caa0ce971ba5fdda37f371') in 0.032365 seconds 
========================================================================
Received Import Request.
  Time since last request: 0.000018 seconds.
  path: Assets/_IMPORTS/Super Grotto Escape/Fx/Pick Feedback/pick-feedback5.png
  artifactKey: Guid(3d8bdda4d927ea043add55a3573afdd9) Importer(815301076,1909f56bfc062723c751e8b465ee728b)
Start importing Assets/_IMPORTS/Super Grotto Escape/Fx/Pick Feedback/pick-feedback5.png using Guid(3d8bdda4d927ea043add55a3573afdd9) Importer(815301076,1909f56bfc062723c751e8b465ee728b)  -> (artifact id: '0b9615b0a2708c0f3415d504c53a55b6') in 0.056647 seconds 
========================================================================
Received Import Request.
  Time since last request: 0.000023 seconds.
  path: Assets/_IMPORTS/Super Grotto Escape/Fx/Fireball/fireball1.png
  artifactKey: Guid(8615bf84e9a5a13428ae6275a562a853) Importer(815301076,1909f56bfc062723c751e8b465ee728b)
Start importing Assets/_IMPORTS/Super Grotto Escape/Fx/Fireball/fireball1.png using Guid(8615bf84e9a5a13428ae6275a562a853) Importer(815301076,1909f56bfc062723c751e8b465ee728b)  -> (artifact id: '9878cc7a3fda2ce7c3e07389bd688b23') in 0.024547 seconds 
========================================================================
Received Import Request.
  Time since last request: 0.000044 seconds.
  path: Assets/_IMPORTS/Super Grotto Escape/Props/Fan/fan2.png
  artifactKey: Guid(a1faf71b057771d4099350f84d6187c1) Importer(815301076,1909f56bfc062723c751e8b465ee728b)
Start importing Assets/_IMPORTS/Super Grotto Escape/Props/Fan/fan2.png using Guid(a1faf71b057771d4099350f84d6187c1) Importer(815301076,1909f56bfc062723c751e8b465ee728b)  -> (artifact id: 'e82543f37523815ea0ae8e3301a41073') in 0.025378 seconds 
========================================================================
Received Import Request.
  Time since last request: 0.000047 seconds.
  path: Assets/_IMPORTS/Super Grotto Escape/Characters/Player/player-run/player-run4.png
  artifactKey: Guid(361268217f70db04e9672a89fb75168e) Importer(815301076,1909f56bfc062723c751e8b465ee728b)
Start importing Assets/_IMPORTS/Super Grotto Escape/Characters/Player/player-run/player-run4.png using Guid(361268217f70db04e9672a89fb75168e) Importer(815301076,1909f56bfc062723c751e8b465ee728b)  -> (artifact id: 'ed69e406886c6ce142c5158e573306d8') in 0.023210 seconds 
========================================================================
Received Import Request.
  Time since last request: 0.000021 seconds.
  path: Assets/_IMPORTS/Super Grotto Escape/Characters/Player/player-run/player-run2.png
  artifactKey: Guid(fcc2cced73d7bd04f9fcc2b33b9e5e82) Importer(815301076,1909f56bfc062723c751e8b465ee728b)
Start importing Assets/_IMPORTS/Super Grotto Escape/Characters/Player/player-run/player-run2.png using Guid(fcc2cced73d7bd04f9fcc2b33b9e5e82) Importer(815301076,1909f56bfc062723c751e8b465ee728b)  -> (artifact id: 'b8fe5142d4df9ae580edaeb2d68dbe76') in 0.024039 seconds 
========================================================================
Received Import Request.
  Time since last request: 0.000019 seconds.
  path: Assets/_IMPORTS/Super Grotto Escape/Characters/Player/Player-duck/player-duck1.png
  artifactKey: Guid(6add616ada32f074fae55b976dd4886f) Importer(815301076,1909f56bfc062723c751e8b465ee728b)
Start importing Assets/_IMPORTS/Super Grotto Escape/Characters/Player/Player-duck/player-duck1.png using Guid(6add616ada32f074fae55b976dd4886f) Importer(815301076,1909f56bfc062723c751e8b465ee728b)  -> (artifact id: 'b8261f0cb9a10e4162a9a95f6b9e70c7') in 0.025542 seconds 
========================================================================
Received Import Request.
  Time since last request: 0.000020 seconds.
  path: Assets/_IMPORTS/Super Grotto Escape/Characters/Player/Player-run-shoot/player-run-shoott4.png
  artifactKey: Guid(2aefa9f0549e694499d3d15baa5f2e7b) Importer(815301076,1909f56bfc062723c751e8b465ee728b)
Start importing Assets/_IMPORTS/Super Grotto Escape/Characters/Player/Player-run-shoot/player-run-shoott4.png using Guid(2aefa9f0549e694499d3d15baa5f2e7b) Importer(815301076,1909f56bfc062723c751e8b465ee728b)  -> (artifact id: '27d55815b78f534d8bad75a232c3632b') in 0.022954 seconds 
========================================================================
Received Import Request.
  Time since last request: 0.000023 seconds.
  path: Assets/_IMPORTS/Super Grotto Escape/Characters/Enemies/lizard moves/lizard-move2.png
  artifactKey: Guid(a43cde19cb64fd34da0d1eb2359f10a9) Importer(815301076,1909f56bfc062723c751e8b465ee728b)
Start importing Assets/_IMPORTS/Super Grotto Escape/Characters/Enemies/lizard moves/lizard-move2.png using Guid(a43cde19cb64fd34da0d1eb2359f10a9) Importer(815301076,1909f56bfc062723c751e8b465ee728b)  -> (artifact id: 'd92f1af57928ab22470d3dec81bc292c') in 0.011517 seconds 
========================================================================
Received Import Request.
  Time since last request: 0.000028 seconds.
  path: Assets/_IMPORTS/Super Grotto Escape/Characters/Player/Player-idle/player-idle5.png
  artifactKey: Guid(be1758156d324504ebe4c30af194d83e) Importer(815301076,1909f56bfc062723c751e8b465ee728b)
Start importing Assets/_IMPORTS/Super Grotto Escape/Characters/Player/Player-idle/player-idle5.png using Guid(be1758156d324504ebe4c30af194d83e) Importer(815301076,1909f56bfc062723c751e8b465ee728b)  -> (artifact id: '55b6b682949c22ea68618783b788d858') in 0.022961 seconds 
========================================================================
Received Import Request.
  Time since last request: 0.000023 seconds.
  path: Assets/_IMPORTS/Super Grotto Escape/Characters/Player/Player-idle/player-idle2.png
  artifactKey: Guid(9e15c84997439a841948f7de7ae89ed6) Importer(815301076,1909f56bfc062723c751e8b465ee728b)
Start importing Assets/_IMPORTS/Super Grotto Escape/Characters/Player/Player-idle/player-idle2.png using Guid(9e15c84997439a841948f7de7ae89ed6) Importer(815301076,1909f56bfc062723c751e8b465ee728b)  -> (artifact id: '17411dbcc9a825aefbb9f67f7667c3f9') in 0.019296 seconds 
========================================================================
Received Import Request.
  Time since last request: 0.070380 seconds.
  path: Assets/_IMPORTS/Super Grotto Escape/Fx/Player-shoot-hit/player-shoot-hit2.png
  artifactKey: Guid(b8f06dfa9f724e8479724032f73e4f05) Importer(815301076,1909f56bfc062723c751e8b465ee728b)
Start importing Assets/_IMPORTS/Super Grotto Escape/Fx/Player-shoot-hit/player-shoot-hit2.png using Guid(b8f06dfa9f724e8479724032f73e4f05) Importer(815301076,1909f56bfc062723c751e8b465ee728b)  -> (artifact id: 'd72987637e1f4a2f5538b572670396c3') in 0.027451 seconds 
========================================================================
Received Import Request.
  Time since last request: 0.093195 seconds.
  path: Assets/_IMPORTS/Super Grotto Escape/Fx/Player-Shoot/player-shoot3.png
  artifactKey: Guid(b923d9dc483ca5c449c9f0a3fd79bfd8) Importer(815301076,1909f56bfc062723c751e8b465ee728b)
Start importing Assets/_IMPORTS/Super Grotto Escape/Fx/Player-Shoot/player-shoot3.png using Guid(b923d9dc483ca5c449c9f0a3fd79bfd8) Importer(815301076,1909f56bfc062723c751e8b465ee728b)  -> (artifact id: '441a71a19d171a807f00c970abdc6974') in 0.023433 seconds 
========================================================================
Received Import Request.
  Time since last request: 0.000049 seconds.
  path: Assets/_IMPORTS/Super Grotto Escape/Characters/Player/Player-spin/player-spin5.png
  artifactKey: Guid(c56f33247dce04f4fb2e9a0e31fffe93) Importer(815301076,1909f56bfc062723c751e8b465ee728b)
Start importing Assets/_IMPORTS/Super Grotto Escape/Characters/Player/Player-spin/player-spin5.png using Guid(c56f33247dce04f4fb2e9a0e31fffe93) Importer(815301076,1909f56bfc062723c751e8b465ee728b)  -> (artifact id: '71e8f754a8538c7683af2862e26330dd') in 0.019380 seconds 
========================================================================
Received Import Request.
  Time since last request: 0.024671 seconds.
  path: Assets/_IMPORTS/Super Grotto Escape/Characters/Player/Player-spin/player-spin6.png
  artifactKey: Guid(222d0d50a43eaa84fb78d50bd487271f) Importer(815301076,1909f56bfc062723c751e8b465ee728b)
Start importing Assets/_IMPORTS/Super Grotto Escape/Characters/Player/Player-spin/player-spin6.png using Guid(222d0d50a43eaa84fb78d50bd487271f) Importer(815301076,1909f56bfc062723c751e8b465ee728b)  -> (artifact id: '9fa7b1065910fbb3056cd24c25d4c784') in 0.021507 seconds 
========================================================================
Received Import Request.
  Time since last request: 0.038581 seconds.
  path: Assets/Art/Sprites/Player/run/run-4.png
  artifactKey: Guid(3a94caeb06e2049a0bcc696ac4715ed8) Importer(815301076,1909f56bfc062723c751e8b465ee728b)
Start importing Assets/Art/Sprites/Player/run/run-4.png using Guid(3a94caeb06e2049a0bcc696ac4715ed8) Importer(815301076,1909f56bfc062723c751e8b465ee728b)  -> (artifact id: '653388c51d1ce983d7320b9861f1e5bf') in 0.023077 seconds 
========================================================================
Received Import Request.
  Time since last request: 0.045779 seconds.
  path: Assets/_IMPORTS/Warped City Assets/Artwork/SPRITES/player/run-shoot/run-shoot-4.png
  artifactKey: Guid(2b50f26fd5be3438cb6ee8e28a8ce6bb) Importer(815301076,1909f56bfc062723c751e8b465ee728b)
Start importing Assets/_IMPORTS/Warped City Assets/Artwork/SPRITES/player/run-shoot/run-shoot-4.png using Guid(2b50f26fd5be3438cb6ee8e28a8ce6bb) Importer(815301076,1909f56bfc062723c751e8b465ee728b)  -> (artifact id: '50e84ce27c0a885bdf5c0c650a204b6b') in 0.030453 seconds 
========================================================================
Received Import Request.
  Time since last request: 0.019788 seconds.
  path: Packages/com.unity.textmeshpro/Editor Resources/Textures/SectionHeader_Light.psd
  artifactKey: Guid(e3b0f810fdea84e40ab4ba20f256f7e8) Importer(815301076,1909f56bfc062723c751e8b465ee728b)
Start importing Packages/com.unity.textmeshpro/Editor Resources/Textures/SectionHeader_Light.psd using Guid(e3b0f810fdea84e40ab4ba20f256f7e8) Importer(815301076,1909f56bfc062723c751e8b465ee728b)  -> (artifact id: '9bc21cd8c37870df7b21b5e8ca6f310c') in 0.022136 seconds 
========================================================================
Received Import Request.
  Time since last request: 0.000030 seconds.
  path: Assets/_IMPORTS/Warped City Assets/Artwork/SPRITES/misc/shot-hit/shot-hit-3.png
  artifactKey: Guid(0c376fba3cf5246948d64bdaeca77f0e) Importer(815301076,1909f56bfc062723c751e8b465ee728b)
Start importing Assets/_IMPORTS/Warped City Assets/Artwork/SPRITES/misc/shot-hit/shot-hit-3.png using Guid(0c376fba3cf5246948d64bdaeca77f0e) Importer(815301076,1909f56bfc062723c751e8b465ee728b)  -> (artifact id: '46b39cd36ef284acde8650903cd7b476') in 0.023994 seconds 
========================================================================
Received Import Request.
  Time since last request: 0.000021 seconds.
  path: Assets/_IMPORTS/Super Grotto Escape/Characters/Enemies/Skeleton-Walk/skeleton-walk1.png
  artifactKey: Guid(86674ecbc09c78c4bb594590d49b671c) Importer(815301076,1909f56bfc062723c751e8b465ee728b)
Start importing Assets/_IMPORTS/Super Grotto Escape/Characters/Enemies/Skeleton-Walk/skeleton-walk1.png using Guid(86674ecbc09c78c4bb594590d49b671c) Importer(815301076,1909f56bfc062723c751e8b465ee728b)  -> (artifact id: 'c8cf0eb3c98cfced3b154eb0ea36b1fa') in 0.019515 seconds 
========================================================================
Received Import Request.
  Time since last request: 0.026063 seconds.
  path: Assets/_IMPORTS/Super Grotto Escape/Characters/Enemies/Skeleton-Walk/skeleton-walk5.png
  artifactKey: Guid(77ca1102616f280408a892395d184f4b) Importer(815301076,1909f56bfc062723c751e8b465ee728b)
Start importing Assets/_IMPORTS/Super Grotto Escape/Characters/Enemies/Skeleton-Walk/skeleton-walk5.png using Guid(77ca1102616f280408a892395d184f4b) Importer(815301076,1909f56bfc062723c751e8b465ee728b)  -> (artifact id: '60e8e721111e11db258bce1008be11e6') in 0.041989 seconds 
========================================================================
Received Import Request.
  Time since last request: 0.542511 seconds.
  path: Assets/_IMPORTS/Super Grotto Escape/Characters/Enemies/Slime/slime3.png
  artifactKey: Guid(6985082748b4e324f9d4d1348f18c980) Importer(815301076,1909f56bfc062723c751e8b465ee728b)
Start importing Assets/_IMPORTS/Super Grotto Escape/Characters/Enemies/Slime/slime3.png using Guid(6985082748b4e324f9d4d1348f18c980) Importer(815301076,1909f56bfc062723c751e8b465ee728b)  -> (artifact id: '6e158fad1870a5e09da9b1a65be529c1') in 0.022146 seconds 
========================================================================
Received Import Request.
  Time since last request: 0.028077 seconds.
  path: Packages/com.unity.2d.animation/Editor/Assets/Icons/Selected/Sprite Library.png
  artifactKey: Guid(1b8aa18d56d7623428cad9997223857e) Importer(815301076,1909f56bfc062723c751e8b465ee728b)
Start importing Packages/com.unity.2d.animation/Editor/Assets/Icons/Selected/Sprite Library.png using Guid(1b8aa18d56d7623428cad9997223857e) Importer(815301076,1909f56bfc062723c751e8b465ee728b)  -> (artifact id: 'cbc8a51e22441ab01a34c321aa2bee9a') in 0.020476 seconds 
========================================================================
Received Import Request.
  Time since last request: 0.000022 seconds.
  path: Packages/com.unity.2d.animation/Editor/Assets/Icons/Light/Sprite Resolver@8x.png
  artifactKey: Guid(70477a350df2c3a43afd510b7f827424) Importer(815301076,1909f56bfc062723c751e8b465ee728b)
Start importing Packages/com.unity.2d.animation/Editor/Assets/Icons/Light/Sprite Resolver@8x.png using Guid(70477a350df2c3a43afd510b7f827424) Importer(815301076,1909f56bfc062723c751e8b465ee728b)  -> (artifact id: '033971a4a8552df04d9ff2230c08d666') in 0.021358 seconds 
========================================================================
Received Import Request.
  Time since last request: 0.000026 seconds.
  path: Packages/com.unity.2d.animation/Editor/Assets/Icons/Light/Sprite Resolver.png
  artifactKey: Guid(f9fa586a59622974c8757320292933e5) Importer(815301076,1909f56bfc062723c751e8b465ee728b)
Start importing Packages/com.unity.2d.animation/Editor/Assets/Icons/Light/Sprite Resolver.png using Guid(f9fa586a59622974c8757320292933e5) Importer(815301076,1909f56bfc062723c751e8b465ee728b)  -> (artifact id: 'd2e2a1f3c6da54ac696f01daf7b2a659') in 0.015062 seconds 
========================================================================
Received Import Request.
  Time since last request: 0.000023 seconds.
  path: Packages/com.unity.2d.spriteshape/Editor/Icons/SpriteShape@64.png
  artifactKey: Guid(0a9a0f36a52ce7f4d813fbf5d8f76a1c) Importer(815301076,1909f56bfc062723c751e8b465ee728b)
Start importing Packages/com.unity.2d.spriteshape/Editor/Icons/SpriteShape@64.png using Guid(0a9a0f36a52ce7f4d813fbf5d8f76a1c) Importer(815301076,1909f56bfc062723c751e8b465ee728b)  -> (artifact id: 'db6e1ebe8c5afae7d1db33bac44ae027') in 0.014873 seconds 
========================================================================
Received Import Request.
  Time since last request: 0.008585 seconds.
  path: Packages/com.unity.timeline/Editor/StyleSheets/Images/DarkSkin/TimelineActivation.png
  artifactKey: Guid(359cf58d5969d1a4aad29b095c7fc338) Importer(815301076,1909f56bfc062723c751e8b465ee728b)
Start importing Packages/com.unity.timeline/Editor/StyleSheets/Images/DarkSkin/TimelineActivation.png using Guid(359cf58d5969d1a4aad29b095c7fc338) Importer(815301076,1909f56bfc062723c751e8b465ee728b)  -> (artifact id: '15ee84c93707027f8e8a4102040fa346') in 0.020880 seconds 
========================================================================
Received Import Request.
  Time since last request: 0.000021 seconds.
  path: Packages/com.unity.timeline/Editor/StyleSheets/Images/LightSkin/TimelineAutokey_active@2x.png
  artifactKey: Guid(f6717d61970edba4686c297677881a77) Importer(815301076,1909f56bfc062723c751e8b465ee728b)
Start importing Packages/com.unity.timeline/Editor/StyleSheets/Images/LightSkin/TimelineAutokey_active@2x.png using Guid(f6717d61970edba4686c297677881a77) Importer(815301076,1909f56bfc062723c751e8b465ee728b)  -> (artifact id: 'e08b76fc02e9936683c0af3e63c3e207') in 0.020993 seconds 
========================================================================
Received Import Request.
  Time since last request: 0.000021 seconds.
  path: Packages/com.unity.timeline/Editor/StyleSheets/Images/Icons/TimelineEditModeReplaceOFF.png
  artifactKey: Guid(09ae14686a02d484ab41e76fd1efba14) Importer(815301076,1909f56bfc062723c751e8b465ee728b)
Start importing Packages/com.unity.timeline/Editor/StyleSheets/Images/Icons/TimelineEditModeReplaceOFF.png using Guid(09ae14686a02d484ab41e76fd1efba14) Importer(815301076,1909f56bfc062723c751e8b465ee728b)  -> (artifact id: '0e1f0a66d0483b147a50d78a7c56bf34') in 0.021125 seconds 
========================================================================
Received Import Request.
  Time since last request: 0.000025 seconds.
  path: Packages/com.unity.timeline/Editor/StyleSheets/Images/DarkSkin/TimelineIconClipOut.png
  artifactKey: Guid(32f7e3598d6414c489127629e29af3f6) Importer(815301076,1909f56bfc062723c751e8b465ee728b)
Start importing Packages/com.unity.timeline/Editor/StyleSheets/Images/DarkSkin/TimelineIconClipOut.png using Guid(32f7e3598d6414c489127629e29af3f6) Importer(815301076,1909f56bfc062723c751e8b465ee728b)  -> (artifact id: '80e9d06e0585695643643c05c2cfca96') in 0.023631 seconds 
========================================================================
Received Import Request.
  Time since last request: 0.000023 seconds.
  path: Packages/com.unity.timeline/Editor/StyleSheets/Images/DarkSkin/TimelineKeyframe.png
  artifactKey: Guid(8eba099eb091faf419fecdcd5cdabfd7) Importer(815301076,1909f56bfc062723c751e8b465ee728b)
Start importing Packages/com.unity.timeline/Editor/StyleSheets/Images/DarkSkin/TimelineKeyframe.png using Guid(8eba099eb091faf419fecdcd5cdabfd7) Importer(815301076,1909f56bfc062723c751e8b465ee728b)  -> (artifact id: 'c6795ad8ddf0afa1636c7dfed5830f5d') in 0.021582 seconds 
========================================================================
Received Import Request.
  Time since last request: 0.000023 seconds.
  path: Packages/com.unity.timeline/Editor/StyleSheets/Images/DarkSkin/TimelineHold.png
  artifactKey: Guid(ddbd45249a133a846b2f20e39b537565) Importer(815301076,1909f56bfc062723c751e8b465ee728b)
Start importing Packages/com.unity.timeline/Editor/StyleSheets/Images/DarkSkin/TimelineHold.png using Guid(ddbd45249a133a846b2f20e39b537565) Importer(815301076,1909f56bfc062723c751e8b465ee728b)  -> (artifact id: 'de84eea8fca31f3c11ffc27c2f9cabbe') in 0.019460 seconds 
========================================================================
Received Import Request.
  Time since last request: 0.000023 seconds.
  path: Packages/com.unity.timeline/Editor/StyleSheets/Images/DarkSkin/TimelineMarkerItemCollapsed.png
  artifactKey: Guid(f179d9a3cccffb04ba2e27f681e9b147) Importer(815301076,1909f56bfc062723c751e8b465ee728b)
Start importing Packages/com.unity.timeline/Editor/StyleSheets/Images/DarkSkin/TimelineMarkerItemCollapsed.png using Guid(f179d9a3cccffb04ba2e27f681e9b147) Importer(815301076,1909f56bfc062723c751e8b465ee728b)  -> (artifact id: '97f65a0b24a4e54acd2185573cf6148b') in 0.017963 seconds 
========================================================================
Received Import Request.
  Time since last request: 0.000021 seconds.
  path: Packages/com.unity.timeline/Editor/StyleSheets/Images/Icons/TimelineEditModeMixON.png
  artifactKey: Guid(a82846d41464fcf4b962ebdc815963f5) Importer(815301076,1909f56bfc062723c751e8b465ee728b)
Start importing Packages/com.unity.timeline/Editor/StyleSheets/Images/Icons/TimelineEditModeMixON.png using Guid(a82846d41464fcf4b962ebdc815963f5) Importer(815301076,1909f56bfc062723c751e8b465ee728b)  -> (artifact id: '7311b3abd1f99a0fe8b46485503a6a4e') in 0.020512 seconds 
========================================================================
Received Import Request.
  Time since last request: 3.479653 seconds.
  path: Packages/com.unity.timeline/Editor/StyleSheets/Images/DarkSkin/TimelineMarkerItemSelected.png
  artifactKey: Guid(3dd65256ca8837544b3e738c0d3ee0e2) Importer(815301076,1909f56bfc062723c751e8b465ee728b)
Start importing Packages/com.unity.timeline/Editor/StyleSheets/Images/DarkSkin/TimelineMarkerItemSelected.png using Guid(3dd65256ca8837544b3e738c0d3ee0e2) Importer(815301076,1909f56bfc062723c751e8b465ee728b)  -> (artifact id: '6d76f237428d155fcd131a433b67b82d') in 0.017204 seconds 
========================================================================
Received Import Request.
  Time since last request: 0.000021 seconds.
  path: Packages/com.unity.timeline/Editor/StyleSheets/Images/Icons/TimelineSelector.png
  artifactKey: Guid(73f5ebb64da7b2a40ab6bffac80f1a61) Importer(815301076,1909f56bfc062723c751e8b465ee728b)
Start importing Packages/com.unity.timeline/Editor/StyleSheets/Images/Icons/TimelineSelector.png using Guid(73f5ebb64da7b2a40ab6bffac80f1a61) Importer(815301076,1909f56bfc062723c751e8b465ee728b)  -> (artifact id: '8f343d5645a7b506737b8b7082be5fd6') in 0.029018 seconds 
========================================================================
Received Import Request.
  Time since last request: 0.028412 seconds.
  path: Packages/com.unity.timeline/Editor/StyleSheets/Images/Icons/TimelineSignal.png
  artifactKey: Guid(15845fb26c2846947b4dedb9fb348cc1) Importer(815301076,1909f56bfc062723c751e8b465ee728b)
Start importing Packages/com.unity.timeline/Editor/StyleSheets/Images/Icons/TimelineSignal.png using Guid(15845fb26c2846947b4dedb9fb348cc1) Importer(815301076,1909f56bfc062723c751e8b465ee728b)  -> (artifact id: 'f9d31010f3a22ce9a5448b4919f8ac5d') in 0.025759 seconds 
========================================================================
Received Import Request.
  Time since last request: 0.000021 seconds.
  path: Packages/com.unity.timeline/Editor/StyleSheets/Images/LightSkin/TimelineStartPlayback.png
  artifactKey: Guid(824c4beb0ca6c934bbc7a26919302236) Importer(815301076,1909f56bfc062723c751e8b465ee728b)
Start importing Packages/com.unity.timeline/Editor/StyleSheets/Images/LightSkin/TimelineStartPlayback.png using Guid(824c4beb0ca6c934bbc7a26919302236) Importer(815301076,1909f56bfc062723c751e8b465ee728b)  -> (artifact id: '8e330a65e5f0e9cd7217391122fde320') in 0.012640 seconds 
========================================================================
Received Import Request.
  Time since last request: 3.684365 seconds.
  path: Packages/com.unity.timeline/Editor/StyleSheets/Images/LightSkin/TimelineTimeCursor.png
  artifactKey: Guid(ed665472b4fee2043a5c1cc802beaa8e) Importer(815301076,1909f56bfc062723c751e8b465ee728b)
Start importing Packages/com.unity.timeline/Editor/StyleSheets/Images/LightSkin/TimelineTimeCursor.png using Guid(ed665472b4fee2043a5c1cc802beaa8e) Importer(815301076,1909f56bfc062723c751e8b465ee728b)  -> (artifact id: 'a730bede39b8634ebe5b0093366b5546') in 0.020512 seconds 
========================================================================
Received Import Request.
  Time since last request: 0.033860 seconds.
  path: Packages/com.unity.timeline/Editor/StyleSheets/Images/Icons/TrackAvatarButtonDisabled.png
  artifactKey: Guid(54623075676bd504d93243fb18745161) Importer(815301076,1909f56bfc062723c751e8b465ee728b)
Start importing Packages/com.unity.timeline/Editor/StyleSheets/Images/Icons/TrackAvatarButtonDisabled.png using Guid(54623075676bd504d93243fb18745161) Importer(815301076,1909f56bfc062723c751e8b465ee728b)  -> (artifact id: 'fc9df9bde2608be7bd1d81bb941c90ee') in 0.023714 seconds 
========================================================================
Received Import Request.
  Time since last request: 0.000040 seconds.
  path: Packages/com.unity.timeline/Editor/StyleSheets/Images/Icons/TrackLockButtonDisabled.png
  artifactKey: Guid(fef7487d8b06bba408f70354e2463ce4) Importer(815301076,1909f56bfc062723c751e8b465ee728b)
Start importing Packages/com.unity.timeline/Editor/StyleSheets/Images/Icons/TrackLockButtonDisabled.png using Guid(fef7487d8b06bba408f70354e2463ce4) Importer(815301076,1909f56bfc062723c751e8b465ee728b)  -> (artifact id: 'b367b34d71602ae30ea3762dbcff2785') in 0.024000 seconds 
========================================================================
Received Import Request.
  Time since last request: 0.105735 seconds.
  path: Packages/com.unity.timeline/Editor/StyleSheets/Images/Icons/TrackMuteButtonDisabled.png
  artifactKey: Guid(5216b1b48296ef345ad2d2ec43105bf0) Importer(815301076,1909f56bfc062723c751e8b465ee728b)
Start importing Packages/com.unity.timeline/Editor/StyleSheets/Images/Icons/TrackMuteButtonDisabled.png using Guid(5216b1b48296ef345ad2d2ec43105bf0) Importer(815301076,1909f56bfc062723c751e8b465ee728b)  -> (artifact id: '59e994d5284bcf096818b13ae9e6632e') in 0.020943 seconds 
========================================================================
Received Import Request.
  Time since last request: 0.000039 seconds.
  path: Packages/com.unity.timeline/Editor/StyleSheets/Images/Icons/TrackRecordButtonEnabled@2x.png
  artifactKey: Guid(8fdae4ac756ed6047b01021ff0cc3ebb) Importer(815301076,1909f56bfc062723c751e8b465ee728b)
Start importing Packages/com.unity.timeline/Editor/StyleSheets/Images/Icons/TrackRecordButtonEnabled@2x.png using Guid(8fdae4ac756ed6047b01021ff0cc3ebb) Importer(815301076,1909f56bfc062723c751e8b465ee728b)  -> (artifact id: 'fadfb5bc2ea46a31ae5149488a652ac5') in 0.018716 seconds 
========================================================================
Received Import Request.
  Time since last request: 0.482073 seconds.
  path: Assets/_IMPORTS/Warped City Assets/Artwork/SPRITES/misc/turret/turret-1.png
  artifactKey: Guid(7880821ae0e694ff185fd812fdbe7efd) Importer(815301076,1909f56bfc062723c751e8b465ee728b)
Start importing Assets/_IMPORTS/Warped City Assets/Artwork/SPRITES/misc/turret/turret-1.png using Guid(7880821ae0e694ff185fd812fdbe7efd) Importer(815301076,1909f56bfc062723c751e8b465ee728b)  -> (artifact id: '5e7a377cdbda4bfddc764bfdb31c0c63') in 0.025270 seconds 
========================================================================
Received Import Request.
  Time since last request: 0.000027 seconds.
  path: Assets/_IMPORTS/Warped City Assets/Artwork/SPRITES/vehicles/v-police.png
  artifactKey: Guid(024ffe66a86ec4801aa4ec8eb8c4d942) Importer(815301076,1909f56bfc062723c751e8b465ee728b)
Start importing Assets/_IMPORTS/Warped City Assets/Artwork/SPRITES/vehicles/v-police.png using Guid(024ffe66a86ec4801aa4ec8eb8c4d942) Importer(815301076,1909f56bfc062723c751e8b465ee728b)  -> (artifact id: 'dc0d1d30fa19964b8946e2a13f0f35f8') in 0.024014 seconds 
========================================================================
Received Import Request.
  Time since last request: 0.016779 seconds.
  path: Assets/_IMPORTS/Warped City Assets/Artwork/SPRITES/vehicles/v-truck.png
  artifactKey: Guid(7dcf9689e6bb9415aa01184ca305c8dd) Importer(815301076,1909f56bfc062723c751e8b465ee728b)
Start importing Assets/_IMPORTS/Warped City Assets/Artwork/SPRITES/vehicles/v-truck.png using Guid(7dcf9689e6bb9415aa01184ca305c8dd) Importer(815301076,1909f56bfc062723c751e8b465ee728b)  -> (artifact id: '96cb67d1da109d685b8a794294fb0065') in 0.024365 seconds 
========================================================================
Received Import Request.
  Time since last request: 0.000017 seconds.
  path: Assets/_IMPORTS/Warped City Assets/Artwork/SPRITES/player/walk/walk-1.png
  artifactKey: Guid(f7ab50a8333a04732a74c0a65031df73) Importer(815301076,1909f56bfc062723c751e8b465ee728b)
Start importing Assets/_IMPORTS/Warped City Assets/Artwork/SPRITES/player/walk/walk-1.png using Guid(f7ab50a8333a04732a74c0a65031df73) Importer(815301076,1909f56bfc062723c751e8b465ee728b)  -> (artifact id: 'e3d883026126cdecf6df346cfc7a3c39') in 0.017552 seconds 
========================================================================
Received Import Request.
  Time since last request: 0.016423 seconds.
  path: Assets/_IMPORTS/Warped City Assets/Artwork/SPRITES/player/walk/walk-2.png
  artifactKey: Guid(39cd37b504ee049f6be16449707d93f7) Importer(815301076,1909f56bfc062723c751e8b465ee728b)
Start importing Assets/_IMPORTS/Warped City Assets/Artwork/SPRITES/player/walk/walk-2.png using Guid(39cd37b504ee049f6be16449707d93f7) Importer(815301076,1909f56bfc062723c751e8b465ee728b)  -> (artifact id: 'bd873a7e1a0b09dc120da2bca57ab85b') in 0.029980 seconds 
========================================================================
Received Import Request.
  Time since last request: 0.014709 seconds.
  path: Assets/_IMPORTS/Warped City Assets/Artwork/SPRITES/player/walk/walk-10.png
  artifactKey: Guid(8721cf2af87de484e859e860a59e7373) Importer(815301076,1909f56bfc062723c751e8b465ee728b)
Start importing Assets/_IMPORTS/Warped City Assets/Artwork/SPRITES/player/walk/walk-10.png using Guid(8721cf2af87de484e859e860a59e7373) Importer(815301076,1909f56bfc062723c751e8b465ee728b)  -> (artifact id: '07484a90ba1060ba7cabf2328f63e387') in 0.023384 seconds 
========================================================================
Received Import Request.
  Time since last request: 0.000023 seconds.
  path: Assets/_IMPORTS/Warped City Assets/Artwork/SPRITES/player/walk/walk-14.png
  artifactKey: Guid(2c442ecc369e64cf09f52850b12d82e3) Importer(815301076,1909f56bfc062723c751e8b465ee728b)
Start importing Assets/_IMPORTS/Warped City Assets/Artwork/SPRITES/player/walk/walk-14.png using Guid(2c442ecc369e64cf09f52850b12d82e3) Importer(815301076,1909f56bfc062723c751e8b465ee728b)  -> (artifact id: '6bafc89420cf8b87bc9acfd2d1cef03f') in 0.020044 seconds 
========================================================================
Received Import Request.
  Time since last request: 0.000742 seconds.
  path: Packages/com.unity.2d.animation/Editor/Assets/SkinningModule/Icons/Light/Weight_Brush.png
  artifactKey: Guid(9d026c034cfd40746a436496efe2dd7f) Importer(815301076,1909f56bfc062723c751e8b465ee728b)
Start importing Packages/com.unity.2d.animation/Editor/Assets/SkinningModule/Icons/Light/Weight_Brush.png using Guid(9d026c034cfd40746a436496efe2dd7f) Importer(815301076,1909f56bfc062723c751e8b465ee728b)  -> (artifact id: 'c2ce0d65f2e6a447a6578b8340e82248') in 0.026952 seconds 
========================================================================
Received Import Request.
  Time since last request: 0.022613 seconds.
  path: Packages/com.unity.2d.animation/Editor/Assets/SkinningModule/Icons/Selected/Weight_Slider.png
  artifactKey: Guid(96b029a4248c85a4e8de2aa81fc0b60a) Importer(815301076,1909f56bfc062723c751e8b465ee728b)
Start importing Packages/com.unity.2d.animation/Editor/Assets/SkinningModule/Icons/Selected/Weight_Slider.png using Guid(96b029a4248c85a4e8de2aa81fc0b60a) Importer(815301076,1909f56bfc062723c751e8b465ee728b)  -> (artifact id: '473562742a70c490000828065b990b93') in 0.020005 seconds 
========================================================================
Received Import Request.
  Time since last request: 0.000026 seconds.
  path: Packages/com.unity.2d.animation/Editor/Assets/SkinningModule/Icons/Light/Weight_Slider@4x.png
  artifactKey: Guid(4e494ad3b858ecf4fab63aae9075d43d) Importer(815301076,1909f56bfc062723c751e8b465ee728b)
Start importing Packages/com.unity.2d.animation/Editor/Assets/SkinningModule/Icons/Light/Weight_Slider@4x.png using Guid(4e494ad3b858ecf4fab63aae9075d43d) Importer(815301076,1909f56bfc062723c751e8b465ee728b)  -> (artifact id: '6137eda3338ac98c48ca0d019987f20b') in 0.019127 seconds 
========================================================================
Received Import Request.
  Time since last request: 43.724257 seconds.
  path: Assets/TextMesh Pro/Resources/Style Sheets/Default Style Sheet.asset
  artifactKey: Guid(f952c082cb03451daed3ee968ac6c63e) Importer(815301076,1909f56bfc062723c751e8b465ee728b)
Start importing Assets/TextMesh Pro/Resources/Style Sheets/Default Style Sheet.asset using Guid(f952c082cb03451daed3ee968ac6c63e) Importer(815301076,1909f56bfc062723c751e8b465ee728b)  -> (artifact id: '1b24171538fb9a08cfb6b64c6d3ba0ce') in 0.014479 seconds 
========================================================================
Received Import Request.
  Time since last request: 6.597029 seconds.
  path: Assets/TextMesh Pro/Resources/Sprite Assets/EmojiOne.asset
  artifactKey: Guid(c41005c129ba4d66911b75229fd70b45) Importer(815301076,1909f56bfc062723c751e8b465ee728b)
Start importing Assets/TextMesh Pro/Resources/Sprite Assets/EmojiOne.asset using Guid(c41005c129ba4d66911b75229fd70b45) Importer(815301076,1909f56bfc062723c751e8b465ee728b)  -> (artifact id: 'f0414faea1c6f1344a6dae4d382a2a07') in 0.014457 seconds 
========================================================================
Received Import Request.
  Time since last request: 132.202093 seconds.
  path: Assets/TextMesh Pro/Resources/Fonts & Materials/Exima Geometric2.asset
  artifactKey: Guid(bd97cc816423a7a4ca8697ad88722983) Importer(815301076,1909f56bfc062723c751e8b465ee728b)
Start importing Assets/TextMesh Pro/Resources/Fonts & Materials/Exima Geometric2.asset using Guid(bd97cc816423a7a4ca8697ad88722983) Importer(815301076,1909f56bfc062723c751e8b465ee728b)  -> (artifact id: 'e82a1a036a1013bd4fd062183944c9e0') in 0.063355 seconds 
========================================================================
Received Import Request.
  Time since last request: 107.417077 seconds.
  path: Assets/Scripts/Menu/NewGame.cs
  artifactKey: Guid(dfb8a833757764046956fe305172134d) Importer(815301076,1909f56bfc062723c751e8b465ee728b)
Start importing Assets/Scripts/Menu/NewGame.cs using Guid(dfb8a833757764046956fe305172134d) Importer(815301076,1909f56bfc062723c751e8b465ee728b)  -> (artifact id: '47eb2edcf705479ad0ab0811cbfbd2ad') in 0.009029 seconds 
========================================================================
Received Prepare
Registering precompiled user dll's ...
Registered in 0.007442 seconds.
Begin MonoManager ReloadAssembly
Symbol file LoadedFromMemory doesn't match image C:\Users\Brett\Documents\GitHub\Personal\AdvDip_ColourChangesEverything\Library\PackageCache\com.unity.visualscripting@1.8.0\Editor\VisualScripting.Core\Dependencies\YamlDotNet\Unity.VisualScripting.YamlDotNet.dll
Symbol file LoadedFromMemory doesn't match image C:\Users\Brett\Documents\GitHub\Personal\AdvDip_ColourChangesEverything\Library\PackageCache\com.unity.visualscripting@1.8.0\Editor\VisualScripting.Core\Dependencies\DotNetZip\Unity.VisualScripting.IonicZip.dll
Native extension for WindowsStandalone target not found
Refreshing native plugins compatible for Editor in 0.69 ms, found 4 plugins.
Preloading 0 native plugins for Editor in 0.00 ms.
Mono: successfully reloaded assembly
- Completed reload, in  0.906 seconds
Domain Reload Profiling:
	ReloadAssembly (907ms)
		BeginReloadAssembly (138ms)
			ExecutionOrderSort (0ms)
			DisableScriptedObjects (5ms)
			BackupInstance (0ms)
			ReleaseScriptingObjects (0ms)
			CreateAndSetChildDomain (43ms)
		EndReloadAssembly (675ms)
			LoadAssemblies (86ms)
			RebuildTransferFunctionScriptingTraits (0ms)
			SetupTypeCache (207ms)
			ReleaseScriptCaches (2ms)
			RebuildScriptCaches (40ms)
			SetupLoadedEditorAssemblies (304ms)
				LogAssemblyErrors (0ms)
				InitializePlatformSupportModulesInManaged (11ms)
				SetLoadedEditorAssemblies (0ms)
				RefreshPlugins (1ms)
				BeforeProcessingInitializeOnLoad (77ms)
				ProcessInitializeOnLoadAttributes (174ms)
				ProcessInitializeOnLoadMethodAttributes (29ms)
				AfterProcessingInitializeOnLoad (11ms)
				EditorAssembliesLoaded (0ms)
			ExecutionOrderSort2 (0ms)
			AwakeInstancesAfterBackupRestoration (9ms)
Platform modules already initialized, skipping
Refreshing native plugins compatible for Editor in 2.79 ms, found 4 plugins.
Preloading 0 native plugins for Editor in 0.00 ms.
Unloading 3736 Unused Serialized files (Serialized files now loaded: 0)
Unloading 22 unused Assets / (24.6 KB). Loaded Objects now: 4304.
Memory consumption went from 147.6 MB to 147.6 MB.
Total: 3.861600 ms (FindLiveObjects: 0.354700 ms CreateObjectMapping: 0.091200 ms MarkObjects: 3.390000 ms  DeleteObjects: 0.024000 ms)

AssetImportParameters requested are different than current active one (requested -> active):
  custom:video-decoder-ogg-theora: a1e56fd34408186e4bbccfd4996cb3dc -> 
  custom:container-muxer-webm: aa71ff27fc2769a1b78a27578f13a17b -> 
  custom:container-demuxer-webm: 4f35f7cbe854078d1ac9338744f61a02 -> 
  custom:video-encoder-webm-vp8: eb34c28f22e8b96e1ab97ce403110664 -> 
  custom:audio-encoder-webm-vorbis: bf7c407c2cedff20999df2af8eb42d56 -> 
  custom:framework-win-MediaFoundation: 216162199b28c13a410421893ffa2e32 -> 
  custom:container-demuxer-ogg: 62fdf1f143b41e24485cea50d1cbac27 -> 
  custom:video-decoder-webm-vp8: 9c59270c3fd7afecdb556c50c9e8de78 -> 
  custom:audio-decoder-ogg-vorbis: bf7c407c2cedff20999df2af8eb42d56 -> 
========================================================================
Received Import Request.
  Time since last request: 15.214888 seconds.
  path: Assets/Scripts/Menu/NewGame.cs
  artifactKey: Guid(dfb8a833757764046956fe305172134d) Importer(815301076,1909f56bfc062723c751e8b465ee728b)
Start importing Assets/Scripts/Menu/NewGame.cs using Guid(dfb8a833757764046956fe305172134d) Importer(815301076,1909f56bfc062723c751e8b465ee728b)  -> (artifact id: 'bb349fa9fadeecbbd4f3812a785acf20') in 0.009978 seconds 
========================================================================
Received Prepare
Registering precompiled user dll's ...
Registered in 0.006558 seconds.
Begin MonoManager ReloadAssembly
Symbol file LoadedFromMemory doesn't match image C:\Users\Brett\Documents\GitHub\Personal\AdvDip_ColourChangesEverything\Library\PackageCache\com.unity.visualscripting@1.8.0\Editor\VisualScripting.Core\Dependencies\YamlDotNet\Unity.VisualScripting.YamlDotNet.dll
Symbol file LoadedFromMemory doesn't match image C:\Users\Brett\Documents\GitHub\Personal\AdvDip_ColourChangesEverything\Library\PackageCache\com.unity.visualscripting@1.8.0\Editor\VisualScripting.Core\Dependencies\DotNetZip\Unity.VisualScripting.IonicZip.dll
Native extension for WindowsStandalone target not found
Refreshing native plugins compatible for Editor in 0.79 ms, found 4 plugins.
Preloading 0 native plugins for Editor in 0.00 ms.
Mono: successfully reloaded assembly
- Completed reload, in  0.870 seconds
Domain Reload Profiling:
	ReloadAssembly (871ms)
		BeginReloadAssembly (119ms)
			ExecutionOrderSort (0ms)
			DisableScriptedObjects (6ms)
			BackupInstance (0ms)
			ReleaseScriptingObjects (0ms)
			CreateAndSetChildDomain (36ms)
		EndReloadAssembly (661ms)
			LoadAssemblies (75ms)
			RebuildTransferFunctionScriptingTraits (0ms)
			SetupTypeCache (197ms)
			ReleaseScriptCaches (2ms)
			RebuildScriptCaches (40ms)
			SetupLoadedEditorAssemblies (307ms)
				LogAssemblyErrors (0ms)
				InitializePlatformSupportModulesInManaged (12ms)
				SetLoadedEditorAssemblies (0ms)
				RefreshPlugins (1ms)
				BeforeProcessingInitializeOnLoad (75ms)
				ProcessInitializeOnLoadAttributes (176ms)
				ProcessInitializeOnLoadMethodAttributes (31ms)
				AfterProcessingInitializeOnLoad (11ms)
				EditorAssembliesLoaded (0ms)
			ExecutionOrderSort2 (0ms)
			AwakeInstancesAfterBackupRestoration (8ms)
Platform modules already initialized, skipping
Refreshing native plugins compatible for Editor in 2.71 ms, found 4 plugins.
Preloading 0 native plugins for Editor in 0.00 ms.
Unloading 3736 Unused Serialized files (Serialized files now loaded: 0)
Unloading 22 unused Assets / (24.7 KB). Loaded Objects now: 4307.
Memory consumption went from 147.6 MB to 147.6 MB.
Total: 3.022500 ms (FindLiveObjects: 0.356800 ms CreateObjectMapping: 0.108100 ms MarkObjects: 2.536400 ms  DeleteObjects: 0.020200 ms)

AssetImportParameters requested are different than current active one (requested -> active):
  custom:video-decoder-ogg-theora: a1e56fd34408186e4bbccfd4996cb3dc -> 
  custom:container-muxer-webm: aa71ff27fc2769a1b78a27578f13a17b -> 
  custom:container-demuxer-webm: 4f35f7cbe854078d1ac9338744f61a02 -> 
  custom:video-encoder-webm-vp8: eb34c28f22e8b96e1ab97ce403110664 -> 
  custom:audio-encoder-webm-vorbis: bf7c407c2cedff20999df2af8eb42d56 -> 
  custom:framework-win-MediaFoundation: 216162199b28c13a410421893ffa2e32 -> 
  custom:container-demuxer-ogg: 62fdf1f143b41e24485cea50d1cbac27 -> 
  custom:video-decoder-webm-vp8: 9c59270c3fd7afecdb556c50c9e8de78 -> 
  custom:audio-decoder-ogg-vorbis: bf7c407c2cedff20999df2af8eb42d56 -> 
========================================================================
Received Import Request.
  Time since last request: 5.060315 seconds.
  path: Assets/Scripts/Menu/NewGame.cs
  artifactKey: Guid(dfb8a833757764046956fe305172134d) Importer(815301076,1909f56bfc062723c751e8b465ee728b)
Start importing Assets/Scripts/Menu/NewGame.cs using Guid(dfb8a833757764046956fe305172134d) Importer(815301076,1909f56bfc062723c751e8b465ee728b)  -> (artifact id: 'a7a24e4c4cf93f474aa98ad6bc31fb53') in 0.009841 seconds 
========================================================================
Received Import Request.
  Time since last request: 59.573259 seconds.
  path: Assets/Scripts/Menu/NewGame.cs
  artifactKey: Guid(dfb8a833757764046956fe305172134d) Importer(815301076,1909f56bfc062723c751e8b465ee728b)
Start importing Assets/Scripts/Menu/NewGame.cs using Guid(dfb8a833757764046956fe305172134d) Importer(815301076,1909f56bfc062723c751e8b465ee728b)  -> (artifact id: '826488aae493331f9e780d70f59376f1') in 0.002405 seconds 
========================================================================
Received Prepare
Registering precompiled user dll's ...
Registered in 0.006482 seconds.
Begin MonoManager ReloadAssembly
Symbol file LoadedFromMemory doesn't match image C:\Users\Brett\Documents\GitHub\Personal\AdvDip_ColourChangesEverything\Library\PackageCache\com.unity.visualscripting@1.8.0\Editor\VisualScripting.Core\Dependencies\YamlDotNet\Unity.VisualScripting.YamlDotNet.dll
Symbol file LoadedFromMemory doesn't match image C:\Users\Brett\Documents\GitHub\Personal\AdvDip_ColourChangesEverything\Library\PackageCache\com.unity.visualscripting@1.8.0\Editor\VisualScripting.Core\Dependencies\DotNetZip\Unity.VisualScripting.IonicZip.dll
Native extension for WindowsStandalone target not found
Refreshing native plugins compatible for Editor in 0.89 ms, found 4 plugins.
Preloading 0 native plugins for Editor in 0.00 ms.
Mono: successfully reloaded assembly
- Completed reload, in  0.884 seconds
Domain Reload Profiling:
	ReloadAssembly (884ms)
		BeginReloadAssembly (125ms)
			ExecutionOrderSort (0ms)
			DisableScriptedObjects (6ms)
			BackupInstance (0ms)
			ReleaseScriptingObjects (0ms)
			CreateAndSetChildDomain (35ms)
		EndReloadAssembly (665ms)
			LoadAssemblies (82ms)
			RebuildTransferFunctionScriptingTraits (0ms)
			SetupTypeCache (209ms)
			ReleaseScriptCaches (2ms)
			RebuildScriptCaches (40ms)
			SetupLoadedEditorAssemblies (299ms)
				LogAssemblyErrors (0ms)
				InitializePlatformSupportModulesInManaged (12ms)
				SetLoadedEditorAssemblies (0ms)
				RefreshPlugins (1ms)
				BeforeProcessingInitializeOnLoad (76ms)
				ProcessInitializeOnLoadAttributes (173ms)
				ProcessInitializeOnLoadMethodAttributes (28ms)
				AfterProcessingInitializeOnLoad (9ms)
				EditorAssembliesLoaded (0ms)
			ExecutionOrderSort2 (0ms)
			AwakeInstancesAfterBackupRestoration (7ms)
Platform modules already initialized, skipping
Refreshing native plugins compatible for Editor in 2.78 ms, found 4 plugins.
Preloading 0 native plugins for Editor in 0.00 ms.
Unloading 3736 Unused Serialized files (Serialized files now loaded: 0)
Unloading 22 unused Assets / (24.6 KB). Loaded Objects now: 4310.
Memory consumption went from 147.6 MB to 147.6 MB.
Total: 3.300100 ms (FindLiveObjects: 0.400900 ms CreateObjectMapping: 0.095500 ms MarkObjects: 2.781000 ms  DeleteObjects: 0.021700 ms)

AssetImportParameters requested are different than current active one (requested -> active):
  custom:video-decoder-ogg-theora: a1e56fd34408186e4bbccfd4996cb3dc -> 
  custom:container-muxer-webm: aa71ff27fc2769a1b78a27578f13a17b -> 
  custom:container-demuxer-webm: 4f35f7cbe854078d1ac9338744f61a02 -> 
  custom:video-encoder-webm-vp8: eb34c28f22e8b96e1ab97ce403110664 -> 
  custom:audio-encoder-webm-vorbis: bf7c407c2cedff20999df2af8eb42d56 -> 
  custom:framework-win-MediaFoundation: 216162199b28c13a410421893ffa2e32 -> 
  custom:container-demuxer-ogg: 62fdf1f143b41e24485cea50d1cbac27 -> 
  custom:video-decoder-webm-vp8: 9c59270c3fd7afecdb556c50c9e8de78 -> 
  custom:audio-decoder-ogg-vorbis: bf7c407c2cedff20999df2af8eb42d56 -> 
========================================================================
Received Import Request.
  Time since last request: 6.546317 seconds.
  path: Assets/Scripts/Menu/NewGame.cs
  artifactKey: Guid(dfb8a833757764046956fe305172134d) Importer(815301076,1909f56bfc062723c751e8b465ee728b)
Start importing Assets/Scripts/Menu/NewGame.cs using Guid(dfb8a833757764046956fe305172134d) Importer(815301076,1909f56bfc062723c751e8b465ee728b)  -> (artifact id: 'ebc4f39e0563a155904ee1d862559042') in 0.009715 seconds 
========================================================================
Received Prepare
Registering precompiled user dll's ...
Registered in 0.007196 seconds.
Begin MonoManager ReloadAssembly
Symbol file LoadedFromMemory doesn't match image C:\Users\Brett\Documents\GitHub\Personal\AdvDip_ColourChangesEverything\Library\PackageCache\com.unity.visualscripting@1.8.0\Editor\VisualScripting.Core\Dependencies\YamlDotNet\Unity.VisualScripting.YamlDotNet.dll
Symbol file LoadedFromMemory doesn't match image C:\Users\Brett\Documents\GitHub\Personal\AdvDip_ColourChangesEverything\Library\PackageCache\com.unity.visualscripting@1.8.0\Editor\VisualScripting.Core\Dependencies\DotNetZip\Unity.VisualScripting.IonicZip.dll
Native extension for WindowsStandalone target not found
Refreshing native plugins compatible for Editor in 0.91 ms, found 4 plugins.
Preloading 0 native plugins for Editor in 0.00 ms.
Mono: successfully reloaded assembly
- Completed reload, in  0.884 seconds
Domain Reload Profiling:
	ReloadAssembly (884ms)
		BeginReloadAssembly (124ms)
			ExecutionOrderSort (0ms)
			DisableScriptedObjects (6ms)
			BackupInstance (0ms)
			ReleaseScriptingObjects (0ms)
			CreateAndSetChildDomain (33ms)
		EndReloadAssembly (660ms)
			LoadAssemblies (80ms)
			RebuildTransferFunctionScriptingTraits (0ms)
			SetupTypeCache (207ms)
			ReleaseScriptCaches (2ms)
			RebuildScriptCaches (41ms)
			SetupLoadedEditorAssemblies (300ms)
				LogAssemblyErrors (0ms)
				InitializePlatformSupportModulesInManaged (12ms)
				SetLoadedEditorAssemblies (0ms)
				RefreshPlugins (1ms)
				BeforeProcessingInitializeOnLoad (73ms)
				ProcessInitializeOnLoadAttributes (175ms)
				ProcessInitializeOnLoadMethodAttributes (29ms)
				AfterProcessingInitializeOnLoad (9ms)
				EditorAssembliesLoaded (0ms)
			ExecutionOrderSort2 (0ms)
			AwakeInstancesAfterBackupRestoration (8ms)
Platform modules already initialized, skipping
Refreshing native plugins compatible for Editor in 2.36 ms, found 4 plugins.
Preloading 0 native plugins for Editor in 0.00 ms.
Unloading 3736 Unused Serialized files (Serialized files now loaded: 0)
Unloading 22 unused Assets / (24.7 KB). Loaded Objects now: 4313.
Memory consumption went from 147.6 MB to 147.6 MB.
Total: 2.971800 ms (FindLiveObjects: 0.331200 ms CreateObjectMapping: 0.088100 ms MarkObjects: 2.535000 ms  DeleteObjects: 0.016600 ms)

AssetImportParameters requested are different than current active one (requested -> active):
  custom:video-decoder-ogg-theora: a1e56fd34408186e4bbccfd4996cb3dc -> 
  custom:container-muxer-webm: aa71ff27fc2769a1b78a27578f13a17b -> 
  custom:container-demuxer-webm: 4f35f7cbe854078d1ac9338744f61a02 -> 
  custom:video-encoder-webm-vp8: eb34c28f22e8b96e1ab97ce403110664 -> 
  custom:audio-encoder-webm-vorbis: bf7c407c2cedff20999df2af8eb42d56 -> 
  custom:framework-win-MediaFoundation: 216162199b28c13a410421893ffa2e32 -> 
  custom:container-demuxer-ogg: 62fdf1f143b41e24485cea50d1cbac27 -> 
  custom:video-decoder-webm-vp8: 9c59270c3fd7afecdb556c50c9e8de78 -> 
  custom:audio-decoder-ogg-vorbis: bf7c407c2cedff20999df2af8eb42d56 -> 
========================================================================
Received Import Request.
  Time since last request: 20.435174 seconds.
  path: Assets/Scripts/Menu/MenuManager.cs
  artifactKey: Guid(dfb8a833757764046956fe305172134d) Importer(815301076,1909f56bfc062723c751e8b465ee728b)
Start importing Assets/Scripts/Menu/MenuManager.cs using Guid(dfb8a833757764046956fe305172134d) Importer(815301076,1909f56bfc062723c751e8b465ee728b)  -> (artifact id: '5258f183d71707f2d70b13693e358459') in 0.013808 seconds 
========================================================================
Received Prepare
Registering precompiled user dll's ...
Registered in 0.006594 seconds.
Begin MonoManager ReloadAssembly
Symbol file LoadedFromMemory doesn't match image C:\Users\Brett\Documents\GitHub\Personal\AdvDip_ColourChangesEverything\Library\PackageCache\com.unity.visualscripting@1.8.0\Editor\VisualScripting.Core\Dependencies\YamlDotNet\Unity.VisualScripting.YamlDotNet.dll
Symbol file LoadedFromMemory doesn't match image C:\Users\Brett\Documents\GitHub\Personal\AdvDip_ColourChangesEverything\Library\PackageCache\com.unity.visualscripting@1.8.0\Editor\VisualScripting.Core\Dependencies\DotNetZip\Unity.VisualScripting.IonicZip.dll
Native extension for WindowsStandalone target not found
Refreshing native plugins compatible for Editor in 1.66 ms, found 4 plugins.
Preloading 0 native plugins for Editor in 0.00 ms.
Mono: successfully reloaded assembly
- Completed reload, in  0.895 seconds
Domain Reload Profiling:
	ReloadAssembly (895ms)
		BeginReloadAssembly (127ms)
			ExecutionOrderSort (0ms)
			DisableScriptedObjects (8ms)
			BackupInstance (0ms)
			ReleaseScriptingObjects (0ms)
			CreateAndSetChildDomain (36ms)
		EndReloadAssembly (672ms)
			LoadAssemblies (78ms)
			RebuildTransferFunctionScriptingTraits (0ms)
			SetupTypeCache (199ms)
			ReleaseScriptCaches (2ms)
			RebuildScriptCaches (40ms)
			SetupLoadedEditorAssemblies (316ms)
				LogAssemblyErrors (0ms)
				InitializePlatformSupportModulesInManaged (14ms)
				SetLoadedEditorAssemblies (1ms)
				RefreshPlugins (2ms)
				BeforeProcessingInitializeOnLoad (83ms)
				ProcessInitializeOnLoadAttributes (177ms)
				ProcessInitializeOnLoadMethodAttributes (30ms)
				AfterProcessingInitializeOnLoad (9ms)
				EditorAssembliesLoaded (0ms)
			ExecutionOrderSort2 (0ms)
			AwakeInstancesAfterBackupRestoration (7ms)
Platform modules already initialized, skipping
Refreshing native plugins compatible for Editor in 2.42 ms, found 4 plugins.
Preloading 0 native plugins for Editor in 0.00 ms.
Unloading 3736 Unused Serialized files (Serialized files now loaded: 0)
Unloading 22 unused Assets / (24.6 KB). Loaded Objects now: 4316.
Memory consumption went from 147.7 MB to 147.6 MB.
Total: 3.172600 ms (FindLiveObjects: 0.380300 ms CreateObjectMapping: 0.090800 ms MarkObjects: 2.672300 ms  DeleteObjects: 0.028200 ms)

AssetImportParameters requested are different than current active one (requested -> active):
  custom:video-decoder-ogg-theora: a1e56fd34408186e4bbccfd4996cb3dc -> 
  custom:container-muxer-webm: aa71ff27fc2769a1b78a27578f13a17b -> 
  custom:container-demuxer-webm: 4f35f7cbe854078d1ac9338744f61a02 -> 
  custom:video-encoder-webm-vp8: eb34c28f22e8b96e1ab97ce403110664 -> 
  custom:audio-encoder-webm-vorbis: bf7c407c2cedff20999df2af8eb42d56 -> 
  custom:framework-win-MediaFoundation: 216162199b28c13a410421893ffa2e32 -> 
  custom:container-demuxer-ogg: 62fdf1f143b41e24485cea50d1cbac27 -> 
  custom:video-decoder-webm-vp8: 9c59270c3fd7afecdb556c50c9e8de78 -> 
  custom:audio-decoder-ogg-vorbis: bf7c407c2cedff20999df2af8eb42d56 -> 
========================================================================
Received Import Request.
  Time since last request: 28.673484 seconds.
  path: Assets/Scripts/Menu/MenuManager.cs
  artifactKey: Guid(dfb8a833757764046956fe305172134d) Importer(815301076,1909f56bfc062723c751e8b465ee728b)
Start importing Assets/Scripts/Menu/MenuManager.cs using Guid(dfb8a833757764046956fe305172134d) Importer(815301076,1909f56bfc062723c751e8b465ee728b)  -> (artifact id: 'c9028f036f7bc9df322b25ceb7924a00') in 0.008547 seconds 
========================================================================
Received Prepare
Registering precompiled user dll's ...
Registered in 0.007193 seconds.
Begin MonoManager ReloadAssembly
Symbol file LoadedFromMemory doesn't match image C:\Users\Brett\Documents\GitHub\Personal\AdvDip_ColourChangesEverything\Library\PackageCache\com.unity.visualscripting@1.8.0\Editor\VisualScripting.Core\Dependencies\YamlDotNet\Unity.VisualScripting.YamlDotNet.dll
Symbol file LoadedFromMemory doesn't match image C:\Users\Brett\Documents\GitHub\Personal\AdvDip_ColourChangesEverything\Library\PackageCache\com.unity.visualscripting@1.8.0\Editor\VisualScripting.Core\Dependencies\DotNetZip\Unity.VisualScripting.IonicZip.dll
Native extension for WindowsStandalone target not found
Refreshing native plugins compatible for Editor in 0.93 ms, found 4 plugins.
Preloading 0 native plugins for Editor in 0.00 ms.
Mono: successfully reloaded assembly
- Completed reload, in  0.881 seconds
Domain Reload Profiling:
	ReloadAssembly (881ms)
		BeginReloadAssembly (123ms)
			ExecutionOrderSort (0ms)
			DisableScriptedObjects (6ms)
			BackupInstance (0ms)
			ReleaseScriptingObjects (0ms)
			CreateAndSetChildDomain (33ms)
		EndReloadAssembly (662ms)
			LoadAssemblies (81ms)
			RebuildTransferFunctionScriptingTraits (0ms)
			SetupTypeCache (199ms)
			ReleaseScriptCaches (2ms)
			RebuildScriptCaches (42ms)
			SetupLoadedEditorAssemblies (300ms)
				LogAssemblyErrors (0ms)
				InitializePlatformSupportModulesInManaged (13ms)
				SetLoadedEditorAssemblies (0ms)
				RefreshPlugins (1ms)
				BeforeProcessingInitializeOnLoad (75ms)
				ProcessInitializeOnLoadAttributes (173ms)
				ProcessInitializeOnLoadMethodAttributes (27ms)
				AfterProcessingInitializeOnLoad (10ms)
				EditorAssembliesLoaded (0ms)
			ExecutionOrderSort2 (0ms)
			AwakeInstancesAfterBackupRestoration (8ms)
Platform modules already initialized, skipping
Refreshing native plugins compatible for Editor in 2.47 ms, found 4 plugins.
Preloading 0 native plugins for Editor in 0.00 ms.
Unloading 3736 Unused Serialized files (Serialized files now loaded: 0)
Unloading 22 unused Assets / (24.6 KB). Loaded Objects now: 4319.
Memory consumption went from 147.7 MB to 147.6 MB.
Total: 3.587400 ms (FindLiveObjects: 0.403600 ms CreateObjectMapping: 0.096600 ms MarkObjects: 3.065400 ms  DeleteObjects: 0.020500 ms)

AssetImportParameters requested are different than current active one (requested -> active):
  custom:video-decoder-ogg-theora: a1e56fd34408186e4bbccfd4996cb3dc -> 
  custom:container-muxer-webm: aa71ff27fc2769a1b78a27578f13a17b -> 
  custom:container-demuxer-webm: 4f35f7cbe854078d1ac9338744f61a02 -> 
  custom:video-encoder-webm-vp8: eb34c28f22e8b96e1ab97ce403110664 -> 
  custom:audio-encoder-webm-vorbis: bf7c407c2cedff20999df2af8eb42d56 -> 
  custom:framework-win-MediaFoundation: 216162199b28c13a410421893ffa2e32 -> 
  custom:container-demuxer-ogg: 62fdf1f143b41e24485cea50d1cbac27 -> 
  custom:video-decoder-webm-vp8: 9c59270c3fd7afecdb556c50c9e8de78 -> 
  custom:audio-decoder-ogg-vorbis: bf7c407c2cedff20999df2af8eb42d56 -> 
========================================================================
Received Prepare
Registering precompiled user dll's ...
Registered in 0.007683 seconds.
Begin MonoManager ReloadAssembly
Symbol file LoadedFromMemory doesn't match image C:\Users\Brett\Documents\GitHub\Personal\AdvDip_ColourChangesEverything\Library\PackageCache\com.unity.visualscripting@1.8.0\Editor\VisualScripting.Core\Dependencies\YamlDotNet\Unity.VisualScripting.YamlDotNet.dll
Symbol file LoadedFromMemory doesn't match image C:\Users\Brett\Documents\GitHub\Personal\AdvDip_ColourChangesEverything\Library\PackageCache\com.unity.visualscripting@1.8.0\Editor\VisualScripting.Core\Dependencies\DotNetZip\Unity.VisualScripting.IonicZip.dll
Native extension for WindowsStandalone target not found
Refreshing native plugins compatible for Editor in 0.71 ms, found 4 plugins.
Preloading 0 native plugins for Editor in 0.00 ms.
Mono: successfully reloaded assembly
- Completed reload, in  0.877 seconds
Domain Reload Profiling:
	ReloadAssembly (878ms)
		BeginReloadAssembly (124ms)
			ExecutionOrderSort (0ms)
			DisableScriptedObjects (6ms)
			BackupInstance (0ms)
			ReleaseScriptingObjects (0ms)
			CreateAndSetChildDomain (34ms)
		EndReloadAssembly (658ms)
			LoadAssemblies (79ms)
			RebuildTransferFunctionScriptingTraits (0ms)
			SetupTypeCache (198ms)
			ReleaseScriptCaches (2ms)
			RebuildScriptCaches (44ms)
			SetupLoadedEditorAssemblies (297ms)
				LogAssemblyErrors (0ms)
				InitializePlatformSupportModulesInManaged (11ms)
				SetLoadedEditorAssemblies (0ms)
				RefreshPlugins (1ms)
				BeforeProcessingInitializeOnLoad (75ms)
				ProcessInitializeOnLoadAttributes (172ms)
				ProcessInitializeOnLoadMethodAttributes (29ms)
				AfterProcessingInitializeOnLoad (9ms)
				EditorAssembliesLoaded (0ms)
			ExecutionOrderSort2 (0ms)
			AwakeInstancesAfterBackupRestoration (7ms)
Platform modules already initialized, skipping
Refreshing native plugins compatible for Editor in 2.57 ms, found 4 plugins.
Preloading 0 native plugins for Editor in 0.00 ms.
Unloading 3736 Unused Serialized files (Serialized files now loaded: 0)
Unloading 22 unused Assets / (24.6 KB). Loaded Objects now: 4322.
Memory consumption went from 147.7 MB to 147.7 MB.
Total: 3.116300 ms (FindLiveObjects: 0.346300 ms CreateObjectMapping: 0.102500 ms MarkObjects: 2.645100 ms  DeleteObjects: 0.021200 ms)

AssetImportParameters requested are different than current active one (requested -> active):
  custom:video-decoder-ogg-theora: a1e56fd34408186e4bbccfd4996cb3dc -> 
  custom:container-muxer-webm: aa71ff27fc2769a1b78a27578f13a17b -> 
  custom:container-demuxer-webm: 4f35f7cbe854078d1ac9338744f61a02 -> 
  custom:video-encoder-webm-vp8: eb34c28f22e8b96e1ab97ce403110664 -> 
  custom:audio-encoder-webm-vorbis: bf7c407c2cedff20999df2af8eb42d56 -> 
  custom:framework-win-MediaFoundation: 216162199b28c13a410421893ffa2e32 -> 
  custom:container-demuxer-ogg: 62fdf1f143b41e24485cea50d1cbac27 -> 
  custom:video-decoder-webm-vp8: 9c59270c3fd7afecdb556c50c9e8de78 -> 
  custom:audio-decoder-ogg-vorbis: bf7c407c2cedff20999df2af8eb42d56 -> 
========================================================================
Received Prepare
Registering precompiled user dll's ...
Registered in 0.007501 seconds.
Begin MonoManager ReloadAssembly
Symbol file LoadedFromMemory doesn't match image C:\Users\Brett\Documents\GitHub\Personal\AdvDip_ColourChangesEverything\Library\PackageCache\com.unity.visualscripting@1.8.0\Editor\VisualScripting.Core\Dependencies\YamlDotNet\Unity.VisualScripting.YamlDotNet.dll
Symbol file LoadedFromMemory doesn't match image C:\Users\Brett\Documents\GitHub\Personal\AdvDip_ColourChangesEverything\Library\PackageCache\com.unity.visualscripting@1.8.0\Editor\VisualScripting.Core\Dependencies\DotNetZip\Unity.VisualScripting.IonicZip.dll
Native extension for WindowsStandalone target not found
Refreshing native plugins compatible for Editor in 0.89 ms, found 4 plugins.
Preloading 0 native plugins for Editor in 0.00 ms.
Mono: successfully reloaded assembly
- Completed reload, in  0.873 seconds
Domain Reload Profiling:
	ReloadAssembly (874ms)
		BeginReloadAssembly (123ms)
			ExecutionOrderSort (0ms)
			DisableScriptedObjects (6ms)
			BackupInstance (0ms)
			ReleaseScriptingObjects (0ms)
			CreateAndSetChildDomain (34ms)
		EndReloadAssembly (660ms)
			LoadAssemblies (78ms)
			RebuildTransferFunctionScriptingTraits (0ms)
			SetupTypeCache (194ms)
			ReleaseScriptCaches (2ms)
			RebuildScriptCaches (41ms)
			SetupLoadedEditorAssemblies (310ms)
				LogAssemblyErrors (0ms)
				InitializePlatformSupportModulesInManaged (13ms)
				SetLoadedEditorAssemblies (0ms)
				RefreshPlugins (1ms)
				BeforeProcessingInitializeOnLoad (78ms)
				ProcessInitializeOnLoadAttributes (175ms)
				ProcessInitializeOnLoadMethodAttributes (30ms)
				AfterProcessingInitializeOnLoad (12ms)
				EditorAssembliesLoaded (0ms)
			ExecutionOrderSort2 (0ms)
			AwakeInstancesAfterBackupRestoration (8ms)
Platform modules already initialized, skipping
Refreshing native plugins compatible for Editor in 2.82 ms, found 4 plugins.
Preloading 0 native plugins for Editor in 0.00 ms.
Unloading 3736 Unused Serialized files (Serialized files now loaded: 0)
Unloading 22 unused Assets / (24.6 KB). Loaded Objects now: 4325.
Memory consumption went from 147.7 MB to 147.7 MB.
Total: 3.289100 ms (FindLiveObjects: 0.358400 ms CreateObjectMapping: 0.087600 ms MarkObjects: 2.817000 ms  DeleteObjects: 0.024800 ms)

AssetImportParameters requested are different than current active one (requested -> active):
  custom:video-decoder-ogg-theora: a1e56fd34408186e4bbccfd4996cb3dc -> 
  custom:container-muxer-webm: aa71ff27fc2769a1b78a27578f13a17b -> 
  custom:container-demuxer-webm: 4f35f7cbe854078d1ac9338744f61a02 -> 
  custom:video-encoder-webm-vp8: eb34c28f22e8b96e1ab97ce403110664 -> 
  custom:audio-encoder-webm-vorbis: bf7c407c2cedff20999df2af8eb42d56 -> 
  custom:framework-win-MediaFoundation: 216162199b28c13a410421893ffa2e32 -> 
  custom:container-demuxer-ogg: 62fdf1f143b41e24485cea50d1cbac27 -> 
  custom:video-decoder-webm-vp8: 9c59270c3fd7afecdb556c50c9e8de78 -> 
  custom:audio-decoder-ogg-vorbis: bf7c407c2cedff20999df2af8eb42d56 -> 
========================================================================
Received Prepare
Registering precompiled user dll's ...
Registered in 0.007866 seconds.
Begin MonoManager ReloadAssembly
Symbol file LoadedFromMemory doesn't match image C:\Users\Brett\Documents\GitHub\Personal\AdvDip_ColourChangesEverything\Library\PackageCache\com.unity.visualscripting@1.8.0\Editor\VisualScripting.Core\Dependencies\YamlDotNet\Unity.VisualScripting.YamlDotNet.dll
Symbol file LoadedFromMemory doesn't match image C:\Users\Brett\Documents\GitHub\Personal\AdvDip_ColourChangesEverything\Library\PackageCache\com.unity.visualscripting@1.8.0\Editor\VisualScripting.Core\Dependencies\DotNetZip\Unity.VisualScripting.IonicZip.dll
Native extension for WindowsStandalone target not found
Refreshing native plugins compatible for Editor in 0.90 ms, found 4 plugins.
Preloading 0 native plugins for Editor in 0.00 ms.
Mono: successfully reloaded assembly
- Completed reload, in  0.867 seconds
Domain Reload Profiling:
	ReloadAssembly (868ms)
		BeginReloadAssembly (122ms)
			ExecutionOrderSort (0ms)
			DisableScriptedObjects (8ms)
			BackupInstance (0ms)
			ReleaseScriptingObjects (0ms)
			CreateAndSetChildDomain (34ms)
		EndReloadAssembly (653ms)
			LoadAssemblies (74ms)
			RebuildTransferFunctionScriptingTraits (0ms)
			SetupTypeCache (192ms)
			ReleaseScriptCaches (2ms)
			RebuildScriptCaches (41ms)
			SetupLoadedEditorAssemblies (302ms)
				LogAssemblyErrors (0ms)
				InitializePlatformSupportModulesInManaged (13ms)
				SetLoadedEditorAssemblies (0ms)
				RefreshPlugins (1ms)
				BeforeProcessingInitializeOnLoad (81ms)
				ProcessInitializeOnLoadAttributes (169ms)
				ProcessInitializeOnLoadMethodAttributes (28ms)
				AfterProcessingInitializeOnLoad (10ms)
				EditorAssembliesLoaded (0ms)
			ExecutionOrderSort2 (0ms)
			AwakeInstancesAfterBackupRestoration (8ms)
Platform modules already initialized, skipping
Refreshing native plugins compatible for Editor in 2.72 ms, found 4 plugins.
Preloading 0 native plugins for Editor in 0.00 ms.
Unloading 3736 Unused Serialized files (Serialized files now loaded: 0)
Unloading 22 unused Assets / (24.6 KB). Loaded Objects now: 4328.
Memory consumption went from 147.7 MB to 147.7 MB.
Total: 3.065700 ms (FindLiveObjects: 0.348300 ms CreateObjectMapping: 0.093800 ms MarkObjects: 2.601600 ms  DeleteObjects: 0.021000 ms)

AssetImportParameters requested are different than current active one (requested -> active):
  custom:video-decoder-ogg-theora: a1e56fd34408186e4bbccfd4996cb3dc -> 
  custom:container-muxer-webm: aa71ff27fc2769a1b78a27578f13a17b -> 
  custom:container-demuxer-webm: 4f35f7cbe854078d1ac9338744f61a02 -> 
  custom:video-encoder-webm-vp8: eb34c28f22e8b96e1ab97ce403110664 -> 
  custom:audio-encoder-webm-vorbis: bf7c407c2cedff20999df2af8eb42d56 -> 
  custom:framework-win-MediaFoundation: 216162199b28c13a410421893ffa2e32 -> 
  custom:container-demuxer-ogg: 62fdf1f143b41e24485cea50d1cbac27 -> 
  custom:video-decoder-webm-vp8: 9c59270c3fd7afecdb556c50c9e8de78 -> 
  custom:audio-decoder-ogg-vorbis: bf7c407c2cedff20999df2af8eb42d56 -> 
