Using pre-set license
Built from '2021.3/staging' branch; Version is '2021.3.18f1 (3129e69bc0c7) revision 3221990'; Using compiler version '192829333'; Build Type 'Release'
OS: 'Windows 10  (10.0.19045) 64bit Core' Language: 'en' Physical Memory: 32681 MB
BatchMode: 1, IsHumanControllingUs: 0, StartBugReporterOnCrash: 0, Is64bit: 1, IsPro: 1

COMMAND LINE ARGUMENTS:
C:\Program Files\Unity\Hub\Editor\2021.3.18f1\Editor\Unity.exe
-adb2
-batchMode
-noUpm
-name
AssetImportWorker0
-projectPath
C:/Users/Brett/Documents/GitHub/Personal/AdvDip_ColourChangesEverything
-logFile
Logs/AssetImportWorker0.log
-srvPort
58577
Successfully changed project path to: C:/Users/Brett/Documents/GitHub/Personal/AdvDip_ColourChangesEverything
C:/Users/Brett/Documents/GitHub/Personal/AdvDip_ColourChangesEverything
[UnityMemory] Configuration Parameters - Can be set up in boot.config
    "memorysetup-bucket-allocator-granularity=16"
    "memorysetup-bucket-allocator-bucket-count=8"
    "memorysetup-bucket-allocator-block-size=33554432"
    "memorysetup-bucket-allocator-block-count=8"
    "memorysetup-main-allocator-block-size=16777216"
    "memorysetup-thread-allocator-block-size=16777216"
    "memorysetup-gfx-main-allocator-block-size=16777216"
    "memorysetup-gfx-thread-allocator-block-size=16777216"
    "memorysetup-cache-allocator-block-size=4194304"
    "memorysetup-typetree-allocator-block-size=2097152"
    "memorysetup-profiler-bucket-allocator-granularity=16"
    "memorysetup-profiler-bucket-allocator-bucket-count=8"
    "memorysetup-profiler-bucket-allocator-block-size=33554432"
    "memorysetup-profiler-bucket-allocator-block-count=8"
    "memorysetup-profiler-allocator-block-size=16777216"
    "memorysetup-profiler-editor-allocator-block-size=1048576"
    "memorysetup-temp-allocator-size-main=16777216"
    "memorysetup-job-temp-allocator-block-size=2097152"
    "memorysetup-job-temp-allocator-block-size-background=1048576"
    "memorysetup-job-temp-allocator-reduction-small-platforms=262144"
    "memorysetup-temp-allocator-size-background-worker=32768"
    "memorysetup-temp-allocator-size-job-worker=262144"
    "memorysetup-temp-allocator-size-preload-manager=33554432"
    "memorysetup-temp-allocator-size-nav-mesh-worker=65536"
    "memorysetup-temp-allocator-size-audio-worker=65536"
    "memorysetup-temp-allocator-size-cloud-worker=32768"
    "memorysetup-temp-allocator-size-gi-baking-worker=262144"
    "memorysetup-temp-allocator-size-gfx=262144"
Player connection [2968] Host "[IP] 192.168.20.15 [Port] 0 [Flags] 2 [Guid] 2855908196 [EditorId] 2855908196 [Version] 1048832 [Id] WindowsEditor(7,DESKTOP-SG1H81B) [Debug] 1 [PackageName] WindowsEditor [ProjectName] Editor" joined multi-casting on [225.0.0.222:54997]...

Player connection [2968] Host "[IP] 192.168.20.15 [Port] 0 [Flags] 2 [Guid] 2855908196 [EditorId] 2855908196 [Version] 1048832 [Id] WindowsEditor(7,DESKTOP-SG1H81B) [Debug] 1 [PackageName] WindowsEditor [ProjectName] Editor" joined alternative multi-casting on [225.0.0.222:34997]...

Refreshing native plugins compatible for Editor in 83.79 ms, found 4 plugins.
Preloading 0 native plugins for Editor in 0.00 ms.
Initialize engine version: 2021.3.18f1 (3129e69bc0c7)
[Subsystems] Discovering subsystems at path C:/Program Files/Unity/Hub/Editor/2021.3.18f1/Editor/Data/Resources/UnitySubsystems
[Subsystems] Discovering subsystems at path C:/Users/Brett/Documents/GitHub/Personal/AdvDip_ColourChangesEverything/Assets
GfxDevice: creating device client; threaded=0; jobified=0
Direct3D:
    Version:  Direct3D 11.0 [level 11.1]
    Renderer: NVIDIA GeForce RTX 3070 (ID=0x2484)
    Vendor:   NVIDIA
    VRAM:     8031 MB
    Driver:   31.0.15.2849
Initialize mono
Mono path[0] = 'C:/Program Files/Unity/Hub/Editor/2021.3.18f1/Editor/Data/Managed'
Mono path[1] = 'C:/Program Files/Unity/Hub/Editor/2021.3.18f1/Editor/Data/MonoBleedingEdge/lib/mono/unityjit-win32'
Mono config path = 'C:/Program Files/Unity/Hub/Editor/2021.3.18f1/Editor/Data/MonoBleedingEdge/etc'
Using monoOptions --debugger-agent=transport=dt_socket,embedding=1,server=y,suspend=n,address=127.0.0.1:56084
Begin MonoManager ReloadAssembly
Registering precompiled unity dll's ...
Register platform support module: C:/Program Files/Unity/Hub/Editor/2021.3.18f1/Editor/Data/PlaybackEngines/WindowsStandaloneSupport/UnityEditor.WindowsStandalone.Extensions.dll
Registered in 0.009847 seconds.
Native extension for WindowsStandalone target not found
Refreshing native plugins compatible for Editor in 83.05 ms, found 4 plugins.
Preloading 0 native plugins for Editor in 0.00 ms.
Mono: successfully reloaded assembly
- Completed reload, in  0.627 seconds
Domain Reload Profiling:
	ReloadAssembly (627ms)
		BeginReloadAssembly (81ms)
			ExecutionOrderSort (0ms)
			DisableScriptedObjects (0ms)
			BackupInstance (0ms)
			ReleaseScriptingObjects (0ms)
			CreateAndSetChildDomain (1ms)
		EndReloadAssembly (429ms)
			LoadAssemblies (78ms)
			RebuildTransferFunctionScriptingTraits (0ms)
			SetupTypeCache (94ms)
			ReleaseScriptCaches (0ms)
			RebuildScriptCaches (24ms)
			SetupLoadedEditorAssemblies (261ms)
				LogAssemblyErrors (0ms)
				InitializePlatformSupportModulesInManaged (7ms)
				SetLoadedEditorAssemblies (0ms)
				RefreshPlugins (83ms)
				BeforeProcessingInitializeOnLoad (1ms)
				ProcessInitializeOnLoadAttributes (127ms)
				ProcessInitializeOnLoadMethodAttributes (42ms)
				AfterProcessingInitializeOnLoad (0ms)
				EditorAssembliesLoaded (0ms)
			ExecutionOrderSort2 (0ms)
			AwakeInstancesAfterBackupRestoration (0ms)
Platform modules already initialized, skipping
Registering precompiled user dll's ...
Registered in 0.008693 seconds.
Begin MonoManager ReloadAssembly
Symbol file LoadedFromMemory doesn't match image C:\Users\Brett\Documents\GitHub\Personal\AdvDip_ColourChangesEverything\Library\PackageCache\com.unity.visualscripting@1.8.0\Editor\VisualScripting.Core\Dependencies\YamlDotNet\Unity.VisualScripting.YamlDotNet.dll
Symbol file LoadedFromMemory doesn't match image C:\Users\Brett\Documents\GitHub\Personal\AdvDip_ColourChangesEverything\Library\PackageCache\com.unity.visualscripting@1.8.0\Editor\VisualScripting.Core\Dependencies\DotNetZip\Unity.VisualScripting.IonicZip.dll
Native extension for WindowsStandalone target not found
Refreshing native plugins compatible for Editor in 84.21 ms, found 4 plugins.
Preloading 0 native plugins for Editor in 0.00 ms.
Mono: successfully reloaded assembly
- Completed reload, in  1.069 seconds
Domain Reload Profiling:
	ReloadAssembly (1069ms)
		BeginReloadAssembly (102ms)
			ExecutionOrderSort (0ms)
			DisableScriptedObjects (5ms)
			BackupInstance (0ms)
			ReleaseScriptingObjects (0ms)
			CreateAndSetChildDomain (19ms)
		EndReloadAssembly (858ms)
			LoadAssemblies (78ms)
			RebuildTransferFunctionScriptingTraits (0ms)
			SetupTypeCache (214ms)
			ReleaseScriptCaches (1ms)
			RebuildScriptCaches (64ms)
			SetupLoadedEditorAssemblies (447ms)
				LogAssemblyErrors (0ms)
				InitializePlatformSupportModulesInManaged (5ms)
				SetLoadedEditorAssemblies (0ms)
				RefreshPlugins (84ms)
				BeforeProcessingInitializeOnLoad (104ms)
				ProcessInitializeOnLoadAttributes (208ms)
				ProcessInitializeOnLoadMethodAttributes (35ms)
				AfterProcessingInitializeOnLoad (11ms)
				EditorAssembliesLoaded (0ms)
			ExecutionOrderSort2 (0ms)
			AwakeInstancesAfterBackupRestoration (6ms)
Platform modules already initialized, skipping
========================================================================
Worker process is ready to serve import requests
Launched and connected shader compiler UnityShaderCompiler.exe after 0.05 seconds
Refreshing native plugins compatible for Editor in 0.76 ms, found 4 plugins.
Preloading 0 native plugins for Editor in 0.00 ms.
Unloading 3761 Unused Serialized files (Serialized files now loaded: 0)
Unloading 35 unused Assets / (56.6 KB). Loaded Objects now: 4222.
Memory consumption went from 145.3 MB to 145.2 MB.
Total: 3.369500 ms (FindLiveObjects: 0.353900 ms CreateObjectMapping: 0.098000 ms MarkObjects: 2.838000 ms  DeleteObjects: 0.078300 ms)

AssetImportParameters requested are different than current active one (requested -> active):
  custom:video-decoder-ogg-theora: a1e56fd34408186e4bbccfd4996cb3dc -> 
  custom:container-muxer-webm: aa71ff27fc2769a1b78a27578f13a17b -> 
  custom:container-demuxer-webm: 4f35f7cbe854078d1ac9338744f61a02 -> 
  custom:video-encoder-webm-vp8: eb34c28f22e8b96e1ab97ce403110664 -> 
  custom:audio-encoder-webm-vorbis: bf7c407c2cedff20999df2af8eb42d56 -> 
  custom:framework-win-MediaFoundation: 216162199b28c13a410421893ffa2e32 -> 
  custom:container-demuxer-ogg: 62fdf1f143b41e24485cea50d1cbac27 -> 
  custom:video-decoder-webm-vp8: 9c59270c3fd7afecdb556c50c9e8de78 -> 
  custom:audio-decoder-ogg-vorbis: bf7c407c2cedff20999df2af8eb42d56 -> 
========================================================================
Received Import Request.
  Time since last request: 178223.370389 seconds.
  path: Assets/_IMPORTS/Warped City Assets
  artifactKey: Guid(8fe1848549f11df409e946359b67befa) Importer(815301076,1909f56bfc062723c751e8b465ee728b)
Start importing Assets/_IMPORTS/Warped City Assets using Guid(8fe1848549f11df409e946359b67befa) Importer(815301076,1909f56bfc062723c751e8b465ee728b)  -> (artifact id: '891b1f877d8fa557ebda7f1d1afeed7d') in 0.012903 seconds 
========================================================================
Received Import Request.
  Time since last request: 16.534631 seconds.
  path: Assets/_IMPORTS/Warped City Assets/Artwork/SPRITES/player/idle
  artifactKey: Guid(019717333f856432fa21f951884699c5) Importer(815301076,1909f56bfc062723c751e8b465ee728b)
Start importing Assets/_IMPORTS/Warped City Assets/Artwork/SPRITES/player/idle using Guid(019717333f856432fa21f951884699c5) Importer(815301076,1909f56bfc062723c751e8b465ee728b)  -> (artifact id: '7f3ff846286bf9a25bfb1a1a78f9f09b') in 0.006997 seconds 
========================================================================
Received Import Request.
  Time since last request: 1.948080 seconds.
  path: Assets/_IMPORTS/Warped City Assets/Artwork/SPRITES/player/idle/idle-1.png
  artifactKey: Guid(041f56d6a022446e8b09e8a5be7f79ab) Importer(815301076,1909f56bfc062723c751e8b465ee728b)
Start importing Assets/_IMPORTS/Warped City Assets/Artwork/SPRITES/player/idle/idle-1.png using Guid(041f56d6a022446e8b09e8a5be7f79ab) Importer(815301076,1909f56bfc062723c751e8b465ee728b)  -> (artifact id: '828924a72c2404665c888b4949a0d4ea') in 0.105525 seconds 
========================================================================
Received Import Request.
  Time since last request: 1.256529 seconds.
  path: Assets/_IMPORTS/Warped City Assets/Artwork/SPRITES/player/idle/idle-2.png
  artifactKey: Guid(549d483e5cacc460f8489223b7bedc15) Importer(815301076,1909f56bfc062723c751e8b465ee728b)
Start importing Assets/_IMPORTS/Warped City Assets/Artwork/SPRITES/player/idle/idle-2.png using Guid(549d483e5cacc460f8489223b7bedc15) Importer(815301076,1909f56bfc062723c751e8b465ee728b)  -> (artifact id: 'abc9dccacb6e0773ff7336163c4819ac') in 0.011444 seconds 
========================================================================
Received Import Request.
  Time since last request: 0.343270 seconds.
  path: Assets/_IMPORTS/Warped City Assets/Artwork/SPRITES/player/idle/idle-3.png
  artifactKey: Guid(0e5a39e99f841451ea202f086f8c456e) Importer(815301076,1909f56bfc062723c751e8b465ee728b)
Start importing Assets/_IMPORTS/Warped City Assets/Artwork/SPRITES/player/idle/idle-3.png using Guid(0e5a39e99f841451ea202f086f8c456e) Importer(815301076,1909f56bfc062723c751e8b465ee728b)  -> (artifact id: 'f9d54888fd8aebe306d64936fd785dec') in 0.014278 seconds 
========================================================================
Received Import Request.
  Time since last request: 0.590822 seconds.
  path: Assets/_IMPORTS/Warped City Assets/Artwork/SPRITES/player/idle/idle-4.png
  artifactKey: Guid(2d414b37f3de74d2494564eb6ca8b8cb) Importer(815301076,1909f56bfc062723c751e8b465ee728b)
Start importing Assets/_IMPORTS/Warped City Assets/Artwork/SPRITES/player/idle/idle-4.png using Guid(2d414b37f3de74d2494564eb6ca8b8cb) Importer(815301076,1909f56bfc062723c751e8b465ee728b)  -> (artifact id: 'a9d01cead0730e7afd4d0ed4a5d03a93') in 0.010917 seconds 
========================================================================
Received Import Request.
  Time since last request: 19.719435 seconds.
  path: Assets/_IMPORTS/Warped City Assets/Artwork/SPRITES/player/idle/idle-1.png
  artifactKey: Guid(041f56d6a022446e8b09e8a5be7f79ab) Importer(815301076,1909f56bfc062723c751e8b465ee728b)
Start importing Assets/_IMPORTS/Warped City Assets/Artwork/SPRITES/player/idle/idle-1.png using Guid(041f56d6a022446e8b09e8a5be7f79ab) Importer(815301076,1909f56bfc062723c751e8b465ee728b)  -> (artifact id: '74e756ea6578dac723758737f350fe18') in 0.007743 seconds 
========================================================================
Received Import Request.
  Time since last request: 3.857399 seconds.
  path: Assets/_IMPORTS/Warped City Assets/Artwork/SPRITES/player/idle/idle-1.png
  artifactKey: Guid(041f56d6a022446e8b09e8a5be7f79ab) Importer(815301076,1909f56bfc062723c751e8b465ee728b)
Start importing Assets/_IMPORTS/Warped City Assets/Artwork/SPRITES/player/idle/idle-1.png using Guid(041f56d6a022446e8b09e8a5be7f79ab) Importer(815301076,1909f56bfc062723c751e8b465ee728b)  -> (artifact id: '88d3d21d1c570c12883501b7e1f0e402') in 0.008392 seconds 
========================================================================
Received Import Request.
  Time since last request: 12.693955 seconds.
  path: Assets/_IMPORTS/Warped City Assets/Artwork/SPRITES/player/idle/idle-1.png
  artifactKey: Guid(041f56d6a022446e8b09e8a5be7f79ab) Importer(815301076,1909f56bfc062723c751e8b465ee728b)
Start importing Assets/_IMPORTS/Warped City Assets/Artwork/SPRITES/player/idle/idle-1.png using Guid(041f56d6a022446e8b09e8a5be7f79ab) Importer(815301076,1909f56bfc062723c751e8b465ee728b)  -> (artifact id: '7c973242dbcaba8a73193fe8d0ff0047') in 0.008095 seconds 
========================================================================
Received Import Request.
  Time since last request: 66.606698 seconds.
  path: Assets/_IMPORTS/Warped City Assets/Artwork/SPRITES/player/idle/idle-3.png
  artifactKey: Guid(0e5a39e99f841451ea202f086f8c456e) Importer(815301076,1909f56bfc062723c751e8b465ee728b)
Start importing Assets/_IMPORTS/Warped City Assets/Artwork/SPRITES/player/idle/idle-3.png using Guid(0e5a39e99f841451ea202f086f8c456e) Importer(815301076,1909f56bfc062723c751e8b465ee728b)  -> (artifact id: 'e98bdceaafaaac5db20e046f85376413') in 0.010140 seconds 
========================================================================
Received Import Request.
  Time since last request: 7.325371 seconds.
  path: Assets/_IMPORTS/Warped City Assets/Artwork/SPRITES/player/run/run-1.png
  artifactKey: Guid(35f0345bce07647ac927afb5b0e28a98) Importer(815301076,1909f56bfc062723c751e8b465ee728b)
Start importing Assets/_IMPORTS/Warped City Assets/Artwork/SPRITES/player/run/run-1.png using Guid(35f0345bce07647ac927afb5b0e28a98) Importer(815301076,1909f56bfc062723c751e8b465ee728b)  -> (artifact id: '87a31c071ccb54e0a0fe52b9674c457d') in 0.011282 seconds 
========================================================================
Received Import Request.
  Time since last request: 1.389580 seconds.
  path: Assets/_IMPORTS/Warped City Assets/Artwork/SPRITES/player/run/run-8.png
  artifactKey: Guid(14df0b26474d0497f88592b611ff88ea) Importer(815301076,1909f56bfc062723c751e8b465ee728b)
Start importing Assets/_IMPORTS/Warped City Assets/Artwork/SPRITES/player/run/run-8.png using Guid(14df0b26474d0497f88592b611ff88ea) Importer(815301076,1909f56bfc062723c751e8b465ee728b)  -> (artifact id: '0784886fb99434598fc2b85ef731628c') in 0.011862 seconds 
========================================================================
Received Import Request.
  Time since last request: 4.112243 seconds.
  path: Assets/_IMPORTS/Warped City Assets/Artwork/SPRITES/player/run/run-8.png
  artifactKey: Guid(14df0b26474d0497f88592b611ff88ea) Importer(815301076,1909f56bfc062723c751e8b465ee728b)
Start importing Assets/_IMPORTS/Warped City Assets/Artwork/SPRITES/player/run/run-8.png using Guid(14df0b26474d0497f88592b611ff88ea) Importer(815301076,1909f56bfc062723c751e8b465ee728b)  -> (artifact id: '513c58c47b28eef20db7acc1b6126cb3') in 0.007655 seconds 
========================================================================
Received Import Request.
  Time since last request: 0.854003 seconds.
  path: Assets/_IMPORTS/Warped City Assets/Artwork/SPRITES/player/run
  artifactKey: Guid(734d93535da4449718aaa993ed378f02) Importer(815301076,1909f56bfc062723c751e8b465ee728b)
Start importing Assets/_IMPORTS/Warped City Assets/Artwork/SPRITES/player/run using Guid(734d93535da4449718aaa993ed378f02) Importer(815301076,1909f56bfc062723c751e8b465ee728b)  -> (artifact id: '25877588659843ed554e08cb607745d9') in 0.006269 seconds 
========================================================================
Received Import Request.
  Time since last request: 12.251497 seconds.
  path: Assets/_IMPORTS/Warped City Assets/Artwork/SPRITES/player/walk/walk-1.png
  artifactKey: Guid(f7ab50a8333a04732a74c0a65031df73) Importer(815301076,1909f56bfc062723c751e8b465ee728b)
Start importing Assets/_IMPORTS/Warped City Assets/Artwork/SPRITES/player/walk/walk-1.png using Guid(f7ab50a8333a04732a74c0a65031df73) Importer(815301076,1909f56bfc062723c751e8b465ee728b)  -> (artifact id: '84707a5ede8dd218152095f7e950064e') in 0.014552 seconds 
========================================================================
Received Import Request.
  Time since last request: 2.420918 seconds.
  path: Assets/_IMPORTS/Warped City Assets/Artwork/SPRITES/player/jump
  artifactKey: Guid(7957b56a74cf94e649e77cb217ee1148) Importer(815301076,1909f56bfc062723c751e8b465ee728b)
Start importing Assets/_IMPORTS/Warped City Assets/Artwork/SPRITES/player/jump using Guid(7957b56a74cf94e649e77cb217ee1148) Importer(815301076,1909f56bfc062723c751e8b465ee728b)  -> (artifact id: 'f949355d9ea01f660e6b6b59229d5522') in 0.007461 seconds 
========================================================================
Received Import Request.
  Time since last request: 2.942965 seconds.
  path: Assets/_IMPORTS/Warped City Assets/Artwork/SPRITES/player/jump/jump-1.png
  artifactKey: Guid(9251ef29ed0b341278e89a78ef96131c) Importer(815301076,1909f56bfc062723c751e8b465ee728b)
Start importing Assets/_IMPORTS/Warped City Assets/Artwork/SPRITES/player/jump/jump-1.png using Guid(9251ef29ed0b341278e89a78ef96131c) Importer(815301076,1909f56bfc062723c751e8b465ee728b)  -> (artifact id: 'c982154f3076d230962a26c4c5f34aa8') in 0.010437 seconds 
========================================================================
Received Import Request.
  Time since last request: 0.698505 seconds.
  path: Assets/_IMPORTS/Warped City Assets/Artwork/SPRITES/player/jump/jump-3.png
  artifactKey: Guid(e093257ab2fbe4ae794aa3160018b9a0) Importer(815301076,1909f56bfc062723c751e8b465ee728b)
Start importing Assets/_IMPORTS/Warped City Assets/Artwork/SPRITES/player/jump/jump-3.png using Guid(e093257ab2fbe4ae794aa3160018b9a0) Importer(815301076,1909f56bfc062723c751e8b465ee728b)  -> (artifact id: '10c862ff529daa4c595d6697fe7f90d5') in 0.012398 seconds 
========================================================================
Received Import Request.
  Time since last request: 3.156541 seconds.
  path: Assets/_IMPORTS/Warped City Assets/Artwork/SPRITES/player/jump/jump-3.png
  artifactKey: Guid(e093257ab2fbe4ae794aa3160018b9a0) Importer(815301076,1909f56bfc062723c751e8b465ee728b)
Start importing Assets/_IMPORTS/Warped City Assets/Artwork/SPRITES/player/jump/jump-3.png using Guid(e093257ab2fbe4ae794aa3160018b9a0) Importer(815301076,1909f56bfc062723c751e8b465ee728b)  -> (artifact id: '13aa048eb014db9a039b467f206aa2ac') in 0.008030 seconds 
========================================================================
Received Import Request.
  Time since last request: 19.295580 seconds.
  path: Assets/Art/Animations/Player.controller
  artifactKey: Guid(4126f1f69d6cad849903725f53a5ed24) Importer(815301076,1909f56bfc062723c751e8b465ee728b)
Start importing Assets/Art/Animations/Player.controller using Guid(4126f1f69d6cad849903725f53a5ed24) Importer(815301076,1909f56bfc062723c751e8b465ee728b)  -> (artifact id: 'bf3d6c72ca6ef83ac02e69828a96e22b') in 0.010482 seconds 
========================================================================
Received Import Request.
  Time since last request: 5.309443 seconds.
  path: Assets/Art/Animations/Player_Idle_anim.anim
  artifactKey: Guid(e1aa376b18599c44cb19b4b0490e0a6b) Importer(815301076,1909f56bfc062723c751e8b465ee728b)
Start importing Assets/Art/Animations/Player_Idle_anim.anim using Guid(e1aa376b18599c44cb19b4b0490e0a6b) Importer(815301076,1909f56bfc062723c751e8b465ee728b)  -> (artifact id: '5edfa47e49b078a0e3bdce786291e419') in 0.010028 seconds 
========================================================================
Received Import Request.
  Time since last request: 111.566447 seconds.
  path: Assets/Art/Animations/Idle_anim.anim
  artifactKey: Guid(ea4becf1653e7da4382bcf582913682f) Importer(815301076,1909f56bfc062723c751e8b465ee728b)
Start importing Assets/Art/Animations/Idle_anim.anim using Guid(ea4becf1653e7da4382bcf582913682f) Importer(815301076,1909f56bfc062723c751e8b465ee728b)  -> (artifact id: '98e0d3f2bcc758d4f5e9b7d17196afc8') in 0.007085 seconds 
========================================================================
Received Import Request.
  Time since last request: 32.111058 seconds.
  path: Assets/Art/jump/jump-1.png
  artifactKey: Guid(9251ef29ed0b341278e89a78ef96131c) Importer(815301076,1909f56bfc062723c751e8b465ee728b)
Start importing Assets/Art/jump/jump-1.png using Guid(9251ef29ed0b341278e89a78ef96131c) Importer(815301076,1909f56bfc062723c751e8b465ee728b)  -> (artifact id: 'c8d3eaa7304294ec248eecb10757f69c') in 0.010797 seconds 
========================================================================
Received Import Request.
  Time since last request: 36.924870 seconds.
  path: Assets/Art/Animations/Player 1.controller
  artifactKey: Guid(5da521d43f52a8c4a921ba07ab1d2e06) Importer(815301076,1909f56bfc062723c751e8b465ee728b)
Start importing Assets/Art/Animations/Player 1.controller using Guid(5da521d43f52a8c4a921ba07ab1d2e06) Importer(815301076,1909f56bfc062723c751e8b465ee728b)  -> (artifact id: 'bd5876cd9108324191571af44b5e953b') in 0.006754 seconds 
========================================================================
Received Import Request.
  Time since last request: 97.087018 seconds.
  path: Assets/Art/idle/idle-2.png
  artifactKey: Guid(549d483e5cacc460f8489223b7bedc15) Importer(815301076,1909f56bfc062723c751e8b465ee728b)
Start importing Assets/Art/idle/idle-2.png using Guid(549d483e5cacc460f8489223b7bedc15) Importer(815301076,1909f56bfc062723c751e8b465ee728b)  -> (artifact id: 'dc7b2d657bdf13eec99b7df57b916de0') in 0.012107 seconds 
========================================================================
Received Import Request.
  Time since last request: 0.000026 seconds.
  path: Assets/Art/jump/jump-4.png
  artifactKey: Guid(e5169b822b3bc4ee4989145e2000068a) Importer(815301076,1909f56bfc062723c751e8b465ee728b)
Start importing Assets/Art/jump/jump-4.png using Guid(e5169b822b3bc4ee4989145e2000068a) Importer(815301076,1909f56bfc062723c751e8b465ee728b)  -> (artifact id: 'e2dcfa20a475389f725d8befc3321567') in 0.018005 seconds 
========================================================================
Received Import Request.
  Time since last request: 0.000028 seconds.
  path: Assets/Art/jump/jump-2.png
  artifactKey: Guid(665c40316675647449fdde10e30698d1) Importer(815301076,1909f56bfc062723c751e8b465ee728b)
Start importing Assets/Art/jump/jump-2.png using Guid(665c40316675647449fdde10e30698d1) Importer(815301076,1909f56bfc062723c751e8b465ee728b)  -> (artifact id: '1e74bae3acbe15f3305287ccee2e6c61') in 0.015796 seconds 
========================================================================
Received Import Request.
  Time since last request: 0.985060 seconds.
  path: Assets/_IMPORTS/Warped City Assets/Artwork/ENVIRONMENT/props/hotel-sign.png
  artifactKey: Guid(70fcf1bcc07324fbd9403a07682a2f88) Importer(815301076,1909f56bfc062723c751e8b465ee728b)
Start importing Assets/_IMPORTS/Warped City Assets/Artwork/ENVIRONMENT/props/hotel-sign.png using Guid(70fcf1bcc07324fbd9403a07682a2f88) Importer(815301076,1909f56bfc062723c751e8b465ee728b)  -> (artifact id: '1892f3c204822a5d47e079aae3a6f832') in 0.039272 seconds 
========================================================================
Received Import Request.
  Time since last request: 1.305421 seconds.
  path: Assets/_IMPORTS/Warped City Assets/Artwork/SPRITES/misc/enemy-explosion/enemy-explosion-1.png
  artifactKey: Guid(6f962f3b4e75746d496c3010cd39cea5) Importer(815301076,1909f56bfc062723c751e8b465ee728b)
Start importing Assets/_IMPORTS/Warped City Assets/Artwork/SPRITES/misc/enemy-explosion/enemy-explosion-1.png using Guid(6f962f3b4e75746d496c3010cd39cea5) Importer(815301076,1909f56bfc062723c751e8b465ee728b)  -> (artifact id: '1589da01564bad856e6e2a5665cbfaae') in 0.017302 seconds 
========================================================================
Received Import Request.
  Time since last request: 0.000023 seconds.
  path: Assets/_IMPORTS/Warped City Assets/Artwork/SPRITES/misc/enemy-explosion/enemy-explosion-6.png
  artifactKey: Guid(f2918979de862409cbf2089f7fd99bc6) Importer(815301076,1909f56bfc062723c751e8b465ee728b)
Start importing Assets/_IMPORTS/Warped City Assets/Artwork/SPRITES/misc/enemy-explosion/enemy-explosion-6.png using Guid(f2918979de862409cbf2089f7fd99bc6) Importer(815301076,1909f56bfc062723c751e8b465ee728b)  -> (artifact id: '49ad43c7f17329879deafe3e5da508e4') in 0.015473 seconds 
========================================================================
Received Import Request.
  Time since last request: 0.000025 seconds.
  path: Assets/_IMPORTS/Warped City Assets/Artwork/SPRITES/misc/drone/drone-1.png
  artifactKey: Guid(a1fc1786c427341769dba6c83feadde4) Importer(815301076,1909f56bfc062723c751e8b465ee728b)
Start importing Assets/_IMPORTS/Warped City Assets/Artwork/SPRITES/misc/drone/drone-1.png using Guid(a1fc1786c427341769dba6c83feadde4) Importer(815301076,1909f56bfc062723c751e8b465ee728b)  -> (artifact id: '752fe668be9f3f54fc9a6515347cb7b7') in 0.014799 seconds 
========================================================================
Received Import Request.
  Time since last request: 0.000018 seconds.
  path: Assets/_IMPORTS/Warped City Assets/Artwork/SPRITES/misc/drone/drone-2.png
  artifactKey: Guid(f911be1073fbd40da8ffc0c33983b5e4) Importer(815301076,1909f56bfc062723c751e8b465ee728b)
Start importing Assets/_IMPORTS/Warped City Assets/Artwork/SPRITES/misc/drone/drone-2.png using Guid(f911be1073fbd40da8ffc0c33983b5e4) Importer(815301076,1909f56bfc062723c751e8b465ee728b)  -> (artifact id: '8bff3ca8e964eeec372d252c9c0e43f3') in 0.024769 seconds 
========================================================================
Received Import Request.
  Time since last request: 0.000071 seconds.
  path: Assets/_IMPORTS/Warped City Assets/Artwork/SPRITES/misc/drone/drone-3.png
  artifactKey: Guid(4040d1bf6a141427f85f43f7b555de63) Importer(815301076,1909f56bfc062723c751e8b465ee728b)
Start importing Assets/_IMPORTS/Warped City Assets/Artwork/SPRITES/misc/drone/drone-3.png using Guid(4040d1bf6a141427f85f43f7b555de63) Importer(815301076,1909f56bfc062723c751e8b465ee728b)  -> (artifact id: 'ea74d2a4299dfc996e6d10ac0fdd6707') in 0.025290 seconds 
========================================================================
Received Import Request.
  Time since last request: 0.014227 seconds.
  path: Assets/_IMPORTS/Warped City Assets/Artwork/SPRITES/player/climb/climb-1.png
  artifactKey: Guid(72cac08d2c0d544c6ad54223e8c20a94) Importer(815301076,1909f56bfc062723c751e8b465ee728b)
Start importing Assets/_IMPORTS/Warped City Assets/Artwork/SPRITES/player/climb/climb-1.png using Guid(72cac08d2c0d544c6ad54223e8c20a94) Importer(815301076,1909f56bfc062723c751e8b465ee728b)  -> (artifact id: 'bb97f864f3d2ee3d13976b3cfa493913') in 0.016269 seconds 
========================================================================
Received Import Request.
  Time since last request: 0.000031 seconds.
  path: Assets/_IMPORTS/Warped City Assets/Artwork/SPRITES/player/climb/climb-4.png
  artifactKey: Guid(b3eae502da0f045f09a5a62ad28d383e) Importer(815301076,1909f56bfc062723c751e8b465ee728b)
Start importing Assets/_IMPORTS/Warped City Assets/Artwork/SPRITES/player/climb/climb-4.png using Guid(b3eae502da0f045f09a5a62ad28d383e) Importer(815301076,1909f56bfc062723c751e8b465ee728b)  -> (artifact id: 'dd5ab2259569e32d97837a9e5ab20b71') in 0.023304 seconds 
========================================================================
Received Import Request.
  Time since last request: 0.002171 seconds.
  path: Assets/_IMPORTS/Warped City Assets/Artwork/ENVIRONMENT/props/banner-scroll/banner-scroll-3.png
  artifactKey: Guid(10874c17f15914f2f95c00efdccf6907) Importer(815301076,1909f56bfc062723c751e8b465ee728b)
Start importing Assets/_IMPORTS/Warped City Assets/Artwork/ENVIRONMENT/props/banner-scroll/banner-scroll-3.png using Guid(10874c17f15914f2f95c00efdccf6907) Importer(815301076,1909f56bfc062723c751e8b465ee728b)  -> (artifact id: '23c24bda6c2d1c65da0ee9e672667f49') in 0.025162 seconds 
========================================================================
Received Import Request.
  Time since last request: 0.000028 seconds.
  path: Assets/_IMPORTS/Warped City Assets/Artwork/ENVIRONMENT/props/banners.png
  artifactKey: Guid(3a52cc9a5ecd14d5aad2ba568f124b04) Importer(815301076,1909f56bfc062723c751e8b465ee728b)
Start importing Assets/_IMPORTS/Warped City Assets/Artwork/ENVIRONMENT/props/banners.png using Guid(3a52cc9a5ecd14d5aad2ba568f124b04) Importer(815301076,1909f56bfc062723c751e8b465ee728b)  -> (artifact id: 'fba0e9e336672b78743fb22f044a7e91') in 0.022175 seconds 
========================================================================
Received Import Request.
  Time since last request: 0.000030 seconds.
  path: Assets/_IMPORTS/Warped City Assets/Artwork/ENVIRONMENT/props/banner-coke/banner-coke-3.png
  artifactKey: Guid(f1d96a02791e840bfa329a4a5b5b8f14) Importer(815301076,1909f56bfc062723c751e8b465ee728b)
Start importing Assets/_IMPORTS/Warped City Assets/Artwork/ENVIRONMENT/props/banner-coke/banner-coke-3.png using Guid(f1d96a02791e840bfa329a4a5b5b8f14) Importer(815301076,1909f56bfc062723c751e8b465ee728b)  -> (artifact id: '37f481511b27746e8d9bca8b01e31860') in 0.022749 seconds 
========================================================================
Received Import Request.
  Time since last request: 0.000029 seconds.
  path: Assets/_IMPORTS/Warped City Assets/Artwork/SPRITES/player/back-jump/back-jump-2.png
  artifactKey: Guid(00e93ca0cc2c747c5814543f3f40d110) Importer(815301076,1909f56bfc062723c751e8b465ee728b)
Start importing Assets/_IMPORTS/Warped City Assets/Artwork/SPRITES/player/back-jump/back-jump-2.png using Guid(00e93ca0cc2c747c5814543f3f40d110) Importer(815301076,1909f56bfc062723c751e8b465ee728b)  -> (artifact id: '942ec23ffedc33b4e886011c4f879a84') in 0.016682 seconds 
========================================================================
Received Import Request.
  Time since last request: 0.000028 seconds.
  path: Assets/_IMPORTS/Warped City Assets/Artwork/ENVIRONMENT/props/banner-big/banner-big-4.png
  artifactKey: Guid(0f306fd9e5e6f446f8448898b82634b8) Importer(815301076,1909f56bfc062723c751e8b465ee728b)
Start importing Assets/_IMPORTS/Warped City Assets/Artwork/ENVIRONMENT/props/banner-big/banner-big-4.png using Guid(0f306fd9e5e6f446f8448898b82634b8) Importer(815301076,1909f56bfc062723c751e8b465ee728b)  -> (artifact id: '2d8215589fd09bbc2ee31431517f2de2') in 0.022131 seconds 
========================================================================
Received Import Request.
  Time since last request: 0.000025 seconds.
  path: Assets/_IMPORTS/Warped City Assets/Artwork/ENVIRONMENT/props/banner-sushi/banner-sushi-1.png
  artifactKey: Guid(fe6890c81e672497f963f4b292a7050a) Importer(815301076,1909f56bfc062723c751e8b465ee728b)
Start importing Assets/_IMPORTS/Warped City Assets/Artwork/ENVIRONMENT/props/banner-sushi/banner-sushi-1.png using Guid(fe6890c81e672497f963f4b292a7050a) Importer(815301076,1909f56bfc062723c751e8b465ee728b)  -> (artifact id: '2232951558e0bd663757284d7eb2a7b1') in 0.022531 seconds 
========================================================================
Received Import Request.
  Time since last request: 0.000048 seconds.
  path: Assets/_IMPORTS/Warped City Assets/Artwork/ENVIRONMENT/props/banner-floor.png
  artifactKey: Guid(09d1aa2af774c4085b9f379c5092bf84) Importer(815301076,1909f56bfc062723c751e8b465ee728b)
Start importing Assets/_IMPORTS/Warped City Assets/Artwork/ENVIRONMENT/props/banner-floor.png using Guid(09d1aa2af774c4085b9f379c5092bf84) Importer(815301076,1909f56bfc062723c751e8b465ee728b)  -> (artifact id: 'f4ee1413eb2af4df319bba77c6282e37') in 0.016911 seconds 
========================================================================
Received Import Request.
  Time since last request: 0.000021 seconds.
  path: Assets/_IMPORTS/Warped City Assets/Artwork/ENVIRONMENT/props/banner-sushi/banner-sushi-3.png
  artifactKey: Guid(40ff3ff28c63f46e2bc32f70a58a4401) Importer(815301076,1909f56bfc062723c751e8b465ee728b)
Start importing Assets/_IMPORTS/Warped City Assets/Artwork/ENVIRONMENT/props/banner-sushi/banner-sushi-3.png using Guid(40ff3ff28c63f46e2bc32f70a58a4401) Importer(815301076,1909f56bfc062723c751e8b465ee728b)  -> (artifact id: '49fb85b4e046c210079301f062320dc2') in 0.018972 seconds 
========================================================================
Received Import Request.
  Time since last request: 0.000021 seconds.
  path: Assets/_IMPORTS/Warped City Assets/Artwork/ENVIRONMENT/props/banner-neon/banner-neon-4.png
  artifactKey: Guid(a0a3a0567001d4203bfdec3ec2095491) Importer(815301076,1909f56bfc062723c751e8b465ee728b)
Start importing Assets/_IMPORTS/Warped City Assets/Artwork/ENVIRONMENT/props/banner-neon/banner-neon-4.png using Guid(a0a3a0567001d4203bfdec3ec2095491) Importer(815301076,1909f56bfc062723c751e8b465ee728b)  -> (artifact id: '464712f4ff1d3de4c723523792c8c11c') in 0.016228 seconds 
========================================================================
Received Import Request.
  Time since last request: 0.000019 seconds.
  path: Assets/_IMPORTS/Warped City Assets/Artwork/ENVIRONMENT/props/banner-scroll/banner-scroll-4.png
  artifactKey: Guid(b84356a1060a54545adc0b90dd3a5141) Importer(815301076,1909f56bfc062723c751e8b465ee728b)
Start importing Assets/_IMPORTS/Warped City Assets/Artwork/ENVIRONMENT/props/banner-scroll/banner-scroll-4.png using Guid(b84356a1060a54545adc0b90dd3a5141) Importer(815301076,1909f56bfc062723c751e8b465ee728b)  -> (artifact id: '06a1081434b8122b5086c09b673aef3e') in 0.018955 seconds 
========================================================================
Received Import Request.
  Time since last request: 0.000021 seconds.
  path: Assets/_IMPORTS/Warped City Assets/Artwork/ENVIRONMENT/props/control-box-1.png
  artifactKey: Guid(166ee1a541de14030b238510ce729b13) Importer(815301076,1909f56bfc062723c751e8b465ee728b)
Start importing Assets/_IMPORTS/Warped City Assets/Artwork/ENVIRONMENT/props/control-box-1.png using Guid(166ee1a541de14030b238510ce729b13) Importer(815301076,1909f56bfc062723c751e8b465ee728b)  -> (artifact id: 'b2e32460763968b8f4f99658a57ddaa6') in 0.015481 seconds 
========================================================================
Received Import Request.
  Time since last request: 0.000023 seconds.
  path: Assets/_IMPORTS/Warped City Assets/Artwork/ENVIRONMENT/props/antenna.png
  artifactKey: Guid(7c2c0a20447e14bd0a4767191ddc7d72) Importer(815301076,1909f56bfc062723c751e8b465ee728b)
Start importing Assets/_IMPORTS/Warped City Assets/Artwork/ENVIRONMENT/props/antenna.png using Guid(7c2c0a20447e14bd0a4767191ddc7d72) Importer(815301076,1909f56bfc062723c751e8b465ee728b)  -> (artifact id: '467f976aa5cc931897bd401f3f5092a2') in 0.015433 seconds 
========================================================================
Received Import Request.
  Time since last request: 0.000022 seconds.
  path: Assets/_IMPORTS/Warped City Assets/Artwork/SPRITES/player/back-jump/back-jump-7.png
  artifactKey: Guid(80ad1c68c2e1e4bd2b29fe6f4163bbc0) Importer(815301076,1909f56bfc062723c751e8b465ee728b)
Start importing Assets/_IMPORTS/Warped City Assets/Artwork/SPRITES/player/back-jump/back-jump-7.png using Guid(80ad1c68c2e1e4bd2b29fe6f4163bbc0) Importer(815301076,1909f56bfc062723c751e8b465ee728b)  -> (artifact id: '3145d21fbf3f1c6848c16c3f3fcf4583') in 0.015211 seconds 
========================================================================
Received Import Request.
  Time since last request: 0.000021 seconds.
  path: Assets/_IMPORTS/Warped City Assets/Artwork/ENVIRONMENT/props/banner-big/banner-big-2.png
  artifactKey: Guid(55e98b85e57fe472fa74b40d9b61538b) Importer(815301076,1909f56bfc062723c751e8b465ee728b)
Start importing Assets/_IMPORTS/Warped City Assets/Artwork/ENVIRONMENT/props/banner-big/banner-big-2.png using Guid(55e98b85e57fe472fa74b40d9b61538b) Importer(815301076,1909f56bfc062723c751e8b465ee728b)  -> (artifact id: '8aa4aabbb9fbb137660a001d3c728428') in 0.016048 seconds 
========================================================================
Received Import Request.
  Time since last request: 0.000027 seconds.
  path: Assets/_IMPORTS/Warped City Assets/Artwork/ENVIRONMENT/props/banner-scroll/banner-scroll-2.png
  artifactKey: Guid(ab86af47e722e4469aab2bcc38e6f6ee) Importer(815301076,1909f56bfc062723c751e8b465ee728b)
Start importing Assets/_IMPORTS/Warped City Assets/Artwork/ENVIRONMENT/props/banner-scroll/banner-scroll-2.png using Guid(ab86af47e722e4469aab2bcc38e6f6ee) Importer(815301076,1909f56bfc062723c751e8b465ee728b)  -> (artifact id: '97956f5e3018138889e37532632ae7d1') in 0.014807 seconds 
========================================================================
Received Import Request.
  Time since last request: 0.000039 seconds.
  path: Assets/_IMPORTS/Warped City Assets/Artwork/ENVIRONMENT/props/banner-neon/banner-neon-3.png
  artifactKey: Guid(ec31b0297eee742efaa7251fb981fa42) Importer(815301076,1909f56bfc062723c751e8b465ee728b)
Start importing Assets/_IMPORTS/Warped City Assets/Artwork/ENVIRONMENT/props/banner-neon/banner-neon-3.png using Guid(ec31b0297eee742efaa7251fb981fa42) Importer(815301076,1909f56bfc062723c751e8b465ee728b)  -> (artifact id: '136b006860235af881d8f07242e74529') in 0.015765 seconds 
========================================================================
Received Import Request.
  Time since last request: 0.000030 seconds.
  path: Assets/_IMPORTS/Warped City Assets/Artwork/ENVIRONMENT/background/buildings-bg.png
  artifactKey: Guid(37d1bdb3e1de647ae915d01a2b7def15) Importer(815301076,1909f56bfc062723c751e8b465ee728b)
Start importing Assets/_IMPORTS/Warped City Assets/Artwork/ENVIRONMENT/background/buildings-bg.png using Guid(37d1bdb3e1de647ae915d01a2b7def15) Importer(815301076,1909f56bfc062723c751e8b465ee728b)  -> (artifact id: '5a680043f302eeef58a7776e3064620f') in 0.025097 seconds 
========================================================================
Received Import Request.
  Time since last request: 0.000035 seconds.
  path: Assets/_IMPORTS/Warped City Assets/Artwork/ENVIRONMENT/props/banner-small.png
  artifactKey: Guid(9edee812d1564448d9a52b0472611b90) Importer(815301076,1909f56bfc062723c751e8b465ee728b)
Start importing Assets/_IMPORTS/Warped City Assets/Artwork/ENVIRONMENT/props/banner-small.png using Guid(9edee812d1564448d9a52b0472611b90) Importer(815301076,1909f56bfc062723c751e8b465ee728b)  -> (artifact id: '415c91d4ff01c2359b9309af1872fb81') in 0.019805 seconds 
========================================================================
Received Import Request.
  Time since last request: 0.000026 seconds.
  path: Assets/_IMPORTS/Warped City Assets/Artwork/ENVIRONMENT/props/banner-side/banner-side-4.png
  artifactKey: Guid(e20c9176086b94af3bdcf5158f6cfd8d) Importer(815301076,1909f56bfc062723c751e8b465ee728b)
Start importing Assets/_IMPORTS/Warped City Assets/Artwork/ENVIRONMENT/props/banner-side/banner-side-4.png using Guid(e20c9176086b94af3bdcf5158f6cfd8d) Importer(815301076,1909f56bfc062723c751e8b465ee728b)  -> (artifact id: '7fb2165b57cfccb1c40d8f81a7da56fe') in 0.017308 seconds 
========================================================================
Received Import Request.
  Time since last request: 0.000029 seconds.
  path: Assets/_IMPORTS/Warped City Assets/Artwork/ENVIRONMENT/props/control-box-3.png
  artifactKey: Guid(86504eb5fad8043ec87c8b72b000ca2c) Importer(815301076,1909f56bfc062723c751e8b465ee728b)
Start importing Assets/_IMPORTS/Warped City Assets/Artwork/ENVIRONMENT/props/control-box-3.png using Guid(86504eb5fad8043ec87c8b72b000ca2c) Importer(815301076,1909f56bfc062723c751e8b465ee728b)  -> (artifact id: '09f9f8958d6a08eb6f4792b16d6dcfbb') in 0.017906 seconds 
========================================================================
Received Import Request.
  Time since last request: 0.000036 seconds.
  path: Assets/_IMPORTS/Warped City Assets/Artwork/ENVIRONMENT/props/banner-sushi/banner-sushi-2.png
  artifactKey: Guid(ea1214dcca59c4b5aa083ef4f735407c) Importer(815301076,1909f56bfc062723c751e8b465ee728b)
Start importing Assets/_IMPORTS/Warped City Assets/Artwork/ENVIRONMENT/props/banner-sushi/banner-sushi-2.png using Guid(ea1214dcca59c4b5aa083ef4f735407c) Importer(815301076,1909f56bfc062723c751e8b465ee728b)  -> (artifact id: 'b1ef24c6406ed4c8479c94f7abfd5fe4') in 0.015577 seconds 
Editor requested this worker to shutdown with reason: Scaling down because of idle timeout
AssetImportWorker is now disconnected from the server
Process exiting
Exiting without the bug reporter. Application will terminate with return code 0