Using pre-set license
Built from '2021.3/staging' branch; Version is '2021.3.18f1 (3129e69bc0c7) revision 3221990'; Using compiler version '192829333'; Build Type 'Release'
OS: 'Windows 10  (10.0.19045) 64bit Enterprise' Language: 'en' Physical Memory: 32603 MB
BatchMode: 1, IsHumanControllingUs: 0, StartBugReporterOnCrash: 0, Is64bit: 1, IsPro: 1

COMMAND LINE ARGUMENTS:
C:\Program Files\Unity\Hub\Editor\2021.3.18f1\Editor\Unity.exe
-adb2
-batchMode
-noUpm
-name
AssetImportWorker0
-projectPath
C:/Users/3ce64b7061da419e/Documents/GitHub/AdvDip_ColourChangesEverything
-logFile
Logs/AssetImportWorker0.log
-srvPort
54618
Successfully changed project path to: C:/Users/3ce64b7061da419e/Documents/GitHub/AdvDip_ColourChangesEverything
C:/Users/3ce64b7061da419e/Documents/GitHub/AdvDip_ColourChangesEverything
[UnityMemory] Configuration Parameters - Can be set up in boot.config
    "memorysetup-bucket-allocator-granularity=16"
    "memorysetup-bucket-allocator-bucket-count=8"
    "memorysetup-bucket-allocator-block-size=33554432"
    "memorysetup-bucket-allocator-block-count=8"
    "memorysetup-main-allocator-block-size=16777216"
    "memorysetup-thread-allocator-block-size=16777216"
    "memorysetup-gfx-main-allocator-block-size=16777216"
    "memorysetup-gfx-thread-allocator-block-size=16777216"
    "memorysetup-cache-allocator-block-size=4194304"
    "memorysetup-typetree-allocator-block-size=2097152"
    "memorysetup-profiler-bucket-allocator-granularity=16"
    "memorysetup-profiler-bucket-allocator-bucket-count=8"
    "memorysetup-profiler-bucket-allocator-block-size=33554432"
    "memorysetup-profiler-bucket-allocator-block-count=8"
    "memorysetup-profiler-allocator-block-size=16777216"
    "memorysetup-profiler-editor-allocator-block-size=1048576"
    "memorysetup-temp-allocator-size-main=16777216"
    "memorysetup-job-temp-allocator-block-size=2097152"
    "memorysetup-job-temp-allocator-block-size-background=1048576"
    "memorysetup-job-temp-allocator-reduction-small-platforms=262144"
    "memorysetup-temp-allocator-size-background-worker=32768"
    "memorysetup-temp-allocator-size-job-worker=262144"
    "memorysetup-temp-allocator-size-preload-manager=33554432"
    "memorysetup-temp-allocator-size-nav-mesh-worker=65536"
    "memorysetup-temp-allocator-size-audio-worker=65536"
    "memorysetup-temp-allocator-size-cloud-worker=32768"
    "memorysetup-temp-allocator-size-gi-baking-worker=262144"
    "memorysetup-temp-allocator-size-gfx=262144"
Player connection [15180] Host "[IP] 172.27.4.86 [Port] 0 [Flags] 2 [Guid] 63586075 [EditorId] 63586075 [Version] 1048832 [Id] WindowsEditor(7,NS00J004022DE09) [Debug] 1 [PackageName] WindowsEditor [ProjectName] Editor" joined multi-casting on [225.0.0.222:54997]...

Player connection [15180] Host "[IP] 172.27.4.86 [Port] 0 [Flags] 2 [Guid] 63586075 [EditorId] 63586075 [Version] 1048832 [Id] WindowsEditor(7,NS00J004022DE09) [Debug] 1 [PackageName] WindowsEditor [ProjectName] Editor" joined alternative multi-casting on [225.0.0.222:34997]...

Refreshing native plugins compatible for Editor in 84.75 ms, found 4 plugins.
Preloading 0 native plugins for Editor in 0.00 ms.
Initialize engine version: 2021.3.18f1 (3129e69bc0c7)
[Subsystems] Discovering subsystems at path C:/Program Files/Unity/Hub/Editor/2021.3.18f1/Editor/Data/Resources/UnitySubsystems
[Subsystems] Discovering subsystems at path C:/Users/3ce64b7061da419e/Documents/GitHub/AdvDip_ColourChangesEverything/Assets
GfxDevice: creating device client; threaded=0; jobified=0
Direct3D:
    Version:  Direct3D 11.0 [level 11.1]
    Renderer: NVIDIA Quadro P2000 (ID=0x1c30)
    Vendor:   NVIDIA
    VRAM:     5032 MB
    Driver:   31.0.15.1737
Initialize mono
Mono path[0] = 'C:/Program Files/Unity/Hub/Editor/2021.3.18f1/Editor/Data/Managed'
Mono path[1] = 'C:/Program Files/Unity/Hub/Editor/2021.3.18f1/Editor/Data/MonoBleedingEdge/lib/mono/unityjit-win32'
Mono config path = 'C:/Program Files/Unity/Hub/Editor/2021.3.18f1/Editor/Data/MonoBleedingEdge/etc'
Using monoOptions --debugger-agent=transport=dt_socket,embedding=1,server=y,suspend=n,address=127.0.0.1:56680
Begin MonoManager ReloadAssembly
Registering precompiled unity dll's ...
Register platform support module: C:/Program Files/Unity/Hub/Editor/2021.3.18f1/Editor/Data/PlaybackEngines/AndroidPlayer/UnityEditor.Android.Extensions.dll
Register platform support module: C:/Program Files/Unity/Hub/Editor/2021.3.18f1/Editor/Data/PlaybackEngines/WindowsStandaloneSupport/UnityEditor.WindowsStandalone.Extensions.dll
Registered in 0.005578 seconds.
Native extension for WindowsStandalone target not found
Native extension for Android target not found
Android Extension - Scanning For ADB Devices 222 ms
Refreshing native plugins compatible for Editor in 80.98 ms, found 4 plugins.
Preloading 0 native plugins for Editor in 0.00 ms.
Mono: successfully reloaded assembly
- Completed reload, in  0.829 seconds
Domain Reload Profiling:
	ReloadAssembly (830ms)
		BeginReloadAssembly (67ms)
			ExecutionOrderSort (0ms)
			DisableScriptedObjects (0ms)
			BackupInstance (0ms)
			ReleaseScriptingObjects (0ms)
			CreateAndSetChildDomain (1ms)
		EndReloadAssembly (665ms)
			LoadAssemblies (65ms)
			RebuildTransferFunctionScriptingTraits (0ms)
			SetupTypeCache (103ms)
			ReleaseScriptCaches (0ms)
			RebuildScriptCaches (27ms)
			SetupLoadedEditorAssemblies (491ms)
				LogAssemblyErrors (0ms)
				InitializePlatformSupportModulesInManaged (294ms)
				SetLoadedEditorAssemblies (0ms)
				RefreshPlugins (81ms)
				BeforeProcessingInitializeOnLoad (1ms)
				ProcessInitializeOnLoadAttributes (78ms)
				ProcessInitializeOnLoadMethodAttributes (37ms)
				AfterProcessingInitializeOnLoad (0ms)
				EditorAssembliesLoaded (0ms)
			ExecutionOrderSort2 (0ms)
			AwakeInstancesAfterBackupRestoration (0ms)
Platform modules already initialized, skipping
Registering precompiled user dll's ...
Registered in 0.005523 seconds.
Begin MonoManager ReloadAssembly
Symbol file LoadedFromMemory doesn't match image C:\Users\3ce64b7061da419e\Documents\GitHub\AdvDip_ColourChangesEverything\Library\PackageCache\com.unity.visualscripting@1.8.0\Editor\VisualScripting.Core\Dependencies\YamlDotNet\Unity.VisualScripting.YamlDotNet.dll
Symbol file LoadedFromMemory doesn't match image C:\Users\3ce64b7061da419e\Documents\GitHub\AdvDip_ColourChangesEverything\Library\PackageCache\com.unity.visualscripting@1.8.0\Editor\VisualScripting.Core\Dependencies\DotNetZip\Unity.VisualScripting.IonicZip.dll
Native extension for WindowsStandalone target not found
Native extension for Android target not found
Refreshing native plugins compatible for Editor in 79.41 ms, found 4 plugins.
Preloading 0 native plugins for Editor in 0.00 ms.
Mono: successfully reloaded assembly
- Completed reload, in  1.011 seconds
Domain Reload Profiling:
	ReloadAssembly (1012ms)
		BeginReloadAssembly (94ms)
			ExecutionOrderSort (0ms)
			DisableScriptedObjects (5ms)
			BackupInstance (0ms)
			ReleaseScriptingObjects (0ms)
			CreateAndSetChildDomain (20ms)
		EndReloadAssembly (805ms)
			LoadAssemblies (68ms)
			RebuildTransferFunctionScriptingTraits (0ms)
			SetupTypeCache (220ms)
			ReleaseScriptCaches (1ms)
			RebuildScriptCaches (50ms)
			SetupLoadedEditorAssemblies (401ms)
				LogAssemblyErrors (0ms)
				InitializePlatformSupportModulesInManaged (14ms)
				SetLoadedEditorAssemblies (0ms)
				RefreshPlugins (79ms)
				BeforeProcessingInitializeOnLoad (82ms)
				ProcessInitializeOnLoadAttributes (187ms)
				ProcessInitializeOnLoadMethodAttributes (33ms)
				AfterProcessingInitializeOnLoad (5ms)
				EditorAssembliesLoaded (0ms)
			ExecutionOrderSort2 (0ms)
			AwakeInstancesAfterBackupRestoration (5ms)
Platform modules already initialized, skipping
========================================================================
Worker process is ready to serve import requests
Launched and connected shader compiler UnityShaderCompiler.exe after 0.04 seconds
Refreshing native plugins compatible for Editor in 1.11 ms, found 4 plugins.
Preloading 0 native plugins for Editor in 0.00 ms.
Unloading 3760 Unused Serialized files (Serialized files now loaded: 0)
Unloading 35 unused Assets / (56.2 KB). Loaded Objects now: 4222.
Memory consumption went from 145.2 MB to 145.1 MB.
Total: 2.934100 ms (FindLiveObjects: 0.274200 ms CreateObjectMapping: 0.207700 ms MarkObjects: 2.379100 ms  DeleteObjects: 0.072400 ms)

AssetImportParameters requested are different than current active one (requested -> active):
  custom:video-decoder-ogg-theora: a1e56fd34408186e4bbccfd4996cb3dc -> 
  custom:container-muxer-webm: aa71ff27fc2769a1b78a27578f13a17b -> 
  custom:container-demuxer-webm: 4f35f7cbe854078d1ac9338744f61a02 -> 
  custom:video-encoder-webm-vp8: eb34c28f22e8b96e1ab97ce403110664 -> 
  custom:audio-encoder-webm-vorbis: bf7c407c2cedff20999df2af8eb42d56 -> 
  custom:framework-win-MediaFoundation: 216162199b28c13a410421893ffa2e32 -> 
  custom:container-demuxer-ogg: 62fdf1f143b41e24485cea50d1cbac27 -> 
  custom:video-decoder-webm-vp8: 9c59270c3fd7afecdb556c50c9e8de78 -> 
  custom:audio-decoder-ogg-vorbis: bf7c407c2cedff20999df2af8eb42d56 -> 
========================================================================
Received Import Request.
  Time since last request: 1296.456896 seconds.
  path: Assets/Scenes/GameScene.unity
  artifactKey: Guid(2cda990e2423bbf4892e6590ba056729) Importer(815301076,1909f56bfc062723c751e8b465ee728b)
Start importing Assets/Scenes/GameScene.unity using Guid(2cda990e2423bbf4892e6590ba056729) Importer(815301076,1909f56bfc062723c751e8b465ee728b)  -> (artifact id: '6e804d25f8fa9319b69ddfbba179e368') in 0.009065 seconds 
========================================================================
Received Import Request.
  Time since last request: 123.228192 seconds.
  path: Assets/Scripts/Enemy/EnemyCollisionCheck.cs
  artifactKey: Guid(c86a0c85504513943ab0f2ea8360ae8e) Importer(815301076,1909f56bfc062723c751e8b465ee728b)
Start importing Assets/Scripts/Enemy/EnemyCollisionCheck.cs using Guid(c86a0c85504513943ab0f2ea8360ae8e) Importer(815301076,1909f56bfc062723c751e8b465ee728b)  -> (artifact id: '7f3d1b0d73e0117eb2f892b94b4bb6af') in 0.022132 seconds 
========================================================================
Received Import Request.
  Time since last request: 11.424044 seconds.
  path: Assets/Scripts/Enemy
  artifactKey: Guid(e38e9b95a0bfdd547b9ec28d6efe7c8e) Importer(815301076,1909f56bfc062723c751e8b465ee728b)
Start importing Assets/Scripts/Enemy using Guid(e38e9b95a0bfdd547b9ec28d6efe7c8e) Importer(815301076,1909f56bfc062723c751e8b465ee728b)  -> (artifact id: '0362dcfb3a2a698d080f51047b181fd8') in 0.005466 seconds 
========================================================================
Received Import Request.
  Time since last request: 184.928397 seconds.
  path: Assets/Art/mouse-left-click-transparent.png
  artifactKey: Guid(4352d90aa12beb84584e2c2511f13b09) Importer(815301076,1909f56bfc062723c751e8b465ee728b)
Start importing Assets/Art/mouse-left-click-transparent.png using Guid(4352d90aa12beb84584e2c2511f13b09) Importer(815301076,1909f56bfc062723c751e8b465ee728b)  -> (artifact id: 'e9b6b48510d03b8017aa72a85c0e9318') in 0.116373 seconds 
========================================================================
Received Import Request.
  Time since last request: 60.767292 seconds.
  path: Assets/Art/mouse-right-click-transparent.png
  artifactKey: Guid(1089d07e55db4424da62f7fe8b85777e) Importer(815301076,1909f56bfc062723c751e8b465ee728b)
Start importing Assets/Art/mouse-right-click-transparent.png using Guid(1089d07e55db4424da62f7fe8b85777e) Importer(815301076,1909f56bfc062723c751e8b465ee728b)  -> (artifact id: '5c26ceb47b8eb96a4a87f3e10284e30e') in 0.042172 seconds 
========================================================================
Received Import Request.
  Time since last request: 11.629818 seconds.
  path: Assets/Art/mouse-right-click-transparent.png
  artifactKey: Guid(1089d07e55db4424da62f7fe8b85777e) Importer(815301076,1909f56bfc062723c751e8b465ee728b)
Start importing Assets/Art/mouse-right-click-transparent.png using Guid(1089d07e55db4424da62f7fe8b85777e) Importer(815301076,1909f56bfc062723c751e8b465ee728b)  -> (artifact id: 'f84abf1daf063778eca53aad58fdc4e0') in 0.035349 seconds 
========================================================================
Received Import Request.
  Time since last request: 32.739102 seconds.
  path: Assets/Art/mouse-left-click-transparent.png
  artifactKey: Guid(4352d90aa12beb84584e2c2511f13b09) Importer(815301076,1909f56bfc062723c751e8b465ee728b)
Start importing Assets/Art/mouse-left-click-transparent.png using Guid(4352d90aa12beb84584e2c2511f13b09) Importer(815301076,1909f56bfc062723c751e8b465ee728b)  -> (artifact id: '72ecdb049e0f56a0b237ee1fcd73cc2d') in 0.036043 seconds 
========================================================================
Received Import Request.
  Time since last request: 24.892603 seconds.
  path: Assets/Art/mouse-left-click-transparent.png
  artifactKey: Guid(4352d90aa12beb84584e2c2511f13b09) Importer(815301076,1909f56bfc062723c751e8b465ee728b)
Start importing Assets/Art/mouse-left-click-transparent.png using Guid(4352d90aa12beb84584e2c2511f13b09) Importer(815301076,1909f56bfc062723c751e8b465ee728b)  -> (artifact id: '1ab638680e93938d68dd57a8d4ee2003') in 0.015025 seconds 
========================================================================
Received Import Request.
  Time since last request: 3.672643 seconds.
  path: Assets/Art/mouse-left-click-transparent.png
  artifactKey: Guid(4352d90aa12beb84584e2c2511f13b09) Importer(815301076,1909f56bfc062723c751e8b465ee728b)
Start importing Assets/Art/mouse-left-click-transparent.png using Guid(4352d90aa12beb84584e2c2511f13b09) Importer(815301076,1909f56bfc062723c751e8b465ee728b)  -> (artifact id: '3c0e129b1529747256de2a047b3fb89d') in 0.014064 seconds 
========================================================================
Received Import Request.
  Time since last request: 15.379623 seconds.
  path: Assets/Art/mouse-left-click-transparent.png
  artifactKey: Guid(4352d90aa12beb84584e2c2511f13b09) Importer(815301076,1909f56bfc062723c751e8b465ee728b)
Start importing Assets/Art/mouse-left-click-transparent.png using Guid(4352d90aa12beb84584e2c2511f13b09) Importer(815301076,1909f56bfc062723c751e8b465ee728b)  -> (artifact id: '04ea9d764b515ce3debdbd6af1e09a03') in 0.010601 seconds 
========================================================================
Received Import Request.
  Time since last request: 3.928003 seconds.
  path: Assets/Art/mouse-left-click-transparent.png
  artifactKey: Guid(4352d90aa12beb84584e2c2511f13b09) Importer(815301076,1909f56bfc062723c751e8b465ee728b)
Start importing Assets/Art/mouse-left-click-transparent.png using Guid(4352d90aa12beb84584e2c2511f13b09) Importer(815301076,1909f56bfc062723c751e8b465ee728b)  -> (artifact id: '8dffeb9ea17b934040d77010daed40c6') in 0.012893 seconds 
========================================================================
Received Import Request.
  Time since last request: 3.018122 seconds.
  path: Assets/Art/mouse-left-click-transparent.png
  artifactKey: Guid(4352d90aa12beb84584e2c2511f13b09) Importer(815301076,1909f56bfc062723c751e8b465ee728b)
Start importing Assets/Art/mouse-left-click-transparent.png using Guid(4352d90aa12beb84584e2c2511f13b09) Importer(815301076,1909f56bfc062723c751e8b465ee728b)  -> (artifact id: '3771bc7f2fffb25373585b6ffdafcdbd') in 0.009741 seconds 
========================================================================
Received Import Request.
  Time since last request: 42.009830 seconds.
  path: Assets/Art/mouse-left-click-transparent.png
  artifactKey: Guid(4352d90aa12beb84584e2c2511f13b09) Importer(815301076,1909f56bfc062723c751e8b465ee728b)
Start importing Assets/Art/mouse-left-click-transparent.png using Guid(4352d90aa12beb84584e2c2511f13b09) Importer(815301076,1909f56bfc062723c751e8b465ee728b)  -> (artifact id: 'aef1663e5f4d8a172283c57952e615b7') in 0.010703 seconds 
========================================================================
Received Import Request.
  Time since last request: 11.319130 seconds.
  path: Assets/Art/mouse-left-click-transparent.png
  artifactKey: Guid(4352d90aa12beb84584e2c2511f13b09) Importer(815301076,1909f56bfc062723c751e8b465ee728b)
Start importing Assets/Art/mouse-left-click-transparent.png using Guid(4352d90aa12beb84584e2c2511f13b09) Importer(815301076,1909f56bfc062723c751e8b465ee728b)  -> (artifact id: '106bbb1a56135611dd11a7d12143bc29') in 0.011871 seconds 
========================================================================
Received Import Request.
  Time since last request: 61.122293 seconds.
  path: Assets/Art/mouse-left-click-transparent.png
  artifactKey: Guid(4352d90aa12beb84584e2c2511f13b09) Importer(815301076,1909f56bfc062723c751e8b465ee728b)
Start importing Assets/Art/mouse-left-click-transparent.png using Guid(4352d90aa12beb84584e2c2511f13b09) Importer(815301076,1909f56bfc062723c751e8b465ee728b)  -> (artifact id: 'f5259aca80bffe6c7059ac3994a6f63f') in 0.011716 seconds 
========================================================================
Received Prepare
Registering precompiled user dll's ...
Registered in 0.006250 seconds.
Begin MonoManager ReloadAssembly
Symbol file LoadedFromMemory doesn't match image C:\Users\3ce64b7061da419e\Documents\GitHub\AdvDip_ColourChangesEverything\Library\PackageCache\com.unity.visualscripting@1.8.0\Editor\VisualScripting.Core\Dependencies\YamlDotNet\Unity.VisualScripting.YamlDotNet.dll
Symbol file LoadedFromMemory doesn't match image C:\Users\3ce64b7061da419e\Documents\GitHub\AdvDip_ColourChangesEverything\Library\PackageCache\com.unity.visualscripting@1.8.0\Editor\VisualScripting.Core\Dependencies\DotNetZip\Unity.VisualScripting.IonicZip.dll
Native extension for WindowsStandalone target not found
Native extension for Android target not found
Refreshing native plugins compatible for Editor in 0.72 ms, found 4 plugins.
Preloading 0 native plugins for Editor in 0.00 ms.
Mono: successfully reloaded assembly
- Completed reload, in  0.921 seconds
Domain Reload Profiling:
	ReloadAssembly (921ms)
		BeginReloadAssembly (114ms)
			ExecutionOrderSort (0ms)
			DisableScriptedObjects (6ms)
			BackupInstance (0ms)
			ReleaseScriptingObjects (0ms)
			CreateAndSetChildDomain (32ms)
		EndReloadAssembly (719ms)
			LoadAssemblies (71ms)
			RebuildTransferFunctionScriptingTraits (0ms)
			SetupTypeCache (224ms)
			ReleaseScriptCaches (1ms)
			RebuildScriptCaches (44ms)
			SetupLoadedEditorAssemblies (304ms)
				LogAssemblyErrors (0ms)
				InitializePlatformSupportModulesInManaged (25ms)
				SetLoadedEditorAssemblies (1ms)
				RefreshPlugins (1ms)
				BeforeProcessingInitializeOnLoad (65ms)
				ProcessInitializeOnLoadAttributes (170ms)
				ProcessInitializeOnLoadMethodAttributes (35ms)
				AfterProcessingInitializeOnLoad (7ms)
				EditorAssembliesLoaded (0ms)
			ExecutionOrderSort2 (0ms)
			AwakeInstancesAfterBackupRestoration (9ms)
Platform modules already initialized, skipping
Refreshing native plugins compatible for Editor in 2.05 ms, found 4 plugins.
Preloading 0 native plugins for Editor in 0.00 ms.
Unloading 3736 Unused Serialized files (Serialized files now loaded: 0)
Unloading 22 unused Assets / (24.6 KB). Loaded Objects now: 4232.
Memory consumption went from 147.1 MB to 147.1 MB.
Total: 2.884100 ms (FindLiveObjects: 0.293400 ms CreateObjectMapping: 0.226800 ms MarkObjects: 2.339900 ms  DeleteObjects: 0.022900 ms)

AssetImportParameters requested are different than current active one (requested -> active):
  custom:video-decoder-ogg-theora: a1e56fd34408186e4bbccfd4996cb3dc -> 
  custom:container-muxer-webm: aa71ff27fc2769a1b78a27578f13a17b -> 
  custom:container-demuxer-webm: 4f35f7cbe854078d1ac9338744f61a02 -> 
  custom:video-encoder-webm-vp8: eb34c28f22e8b96e1ab97ce403110664 -> 
  custom:audio-encoder-webm-vorbis: bf7c407c2cedff20999df2af8eb42d56 -> 
  custom:framework-win-MediaFoundation: 216162199b28c13a410421893ffa2e32 -> 
  custom:container-demuxer-ogg: 62fdf1f143b41e24485cea50d1cbac27 -> 
  custom:video-decoder-webm-vp8: 9c59270c3fd7afecdb556c50c9e8de78 -> 
  custom:audio-decoder-ogg-vorbis: bf7c407c2cedff20999df2af8eb42d56 -> 
========================================================================
Received Import Request.
  Time since last request: 370.385226 seconds.
  path: Assets/Art/mouse-left-click-transparent.png
  artifactKey: Guid(4352d90aa12beb84584e2c2511f13b09) Importer(815301076,1909f56bfc062723c751e8b465ee728b)
Start importing Assets/Art/mouse-left-click-transparent.png using Guid(4352d90aa12beb84584e2c2511f13b09) Importer(815301076,1909f56bfc062723c751e8b465ee728b)  -> (artifact id: '8b11e4902f0caac2d3e53f82e7511943') in 0.043598 seconds 
========================================================================
Received Prepare
Registering precompiled user dll's ...
Registered in 0.005178 seconds.
Begin MonoManager ReloadAssembly
Symbol file LoadedFromMemory doesn't match image C:\Users\3ce64b7061da419e\Documents\GitHub\AdvDip_ColourChangesEverything\Library\PackageCache\com.unity.visualscripting@1.8.0\Editor\VisualScripting.Core\Dependencies\YamlDotNet\Unity.VisualScripting.YamlDotNet.dll
Symbol file LoadedFromMemory doesn't match image C:\Users\3ce64b7061da419e\Documents\GitHub\AdvDip_ColourChangesEverything\Library\PackageCache\com.unity.visualscripting@1.8.0\Editor\VisualScripting.Core\Dependencies\DotNetZip\Unity.VisualScripting.IonicZip.dll
Native extension for WindowsStandalone target not found
Native extension for Android target not found
Refreshing native plugins compatible for Editor in 0.64 ms, found 4 plugins.
Preloading 0 native plugins for Editor in 0.00 ms.
Mono: successfully reloaded assembly
- Completed reload, in  0.912 seconds
Domain Reload Profiling:
	ReloadAssembly (913ms)
		BeginReloadAssembly (109ms)
			ExecutionOrderSort (0ms)
			DisableScriptedObjects (6ms)
			BackupInstance (0ms)
			ReleaseScriptingObjects (0ms)
			CreateAndSetChildDomain (30ms)
		EndReloadAssembly (709ms)
			LoadAssemblies (69ms)
			RebuildTransferFunctionScriptingTraits (0ms)
			SetupTypeCache (226ms)
			ReleaseScriptCaches (1ms)
			RebuildScriptCaches (44ms)
			SetupLoadedEditorAssemblies (301ms)
				LogAssemblyErrors (0ms)
				InitializePlatformSupportModulesInManaged (22ms)
				SetLoadedEditorAssemblies (0ms)
				RefreshPlugins (1ms)
				BeforeProcessingInitializeOnLoad (64ms)
				ProcessInitializeOnLoadAttributes (170ms)
				ProcessInitializeOnLoadMethodAttributes (37ms)
				AfterProcessingInitializeOnLoad (7ms)
				EditorAssembliesLoaded (0ms)
			ExecutionOrderSort2 (0ms)
			AwakeInstancesAfterBackupRestoration (9ms)
Platform modules already initialized, skipping
Refreshing native plugins compatible for Editor in 2.98 ms, found 4 plugins.
Preloading 0 native plugins for Editor in 0.00 ms.
Unloading 3736 Unused Serialized files (Serialized files now loaded: 0)
Unloading 22 unused Assets / (24.7 KB). Loaded Objects now: 4235.
Memory consumption went from 147.1 MB to 147.1 MB.
Total: 5.320900 ms (FindLiveObjects: 0.268400 ms CreateObjectMapping: 0.347500 ms MarkObjects: 4.668200 ms  DeleteObjects: 0.035900 ms)

AssetImportParameters requested are different than current active one (requested -> active):
  custom:video-decoder-ogg-theora: a1e56fd34408186e4bbccfd4996cb3dc -> 
  custom:container-muxer-webm: aa71ff27fc2769a1b78a27578f13a17b -> 
  custom:container-demuxer-webm: 4f35f7cbe854078d1ac9338744f61a02 -> 
  custom:video-encoder-webm-vp8: eb34c28f22e8b96e1ab97ce403110664 -> 
  custom:audio-encoder-webm-vorbis: bf7c407c2cedff20999df2af8eb42d56 -> 
  custom:framework-win-MediaFoundation: 216162199b28c13a410421893ffa2e32 -> 
  custom:container-demuxer-ogg: 62fdf1f143b41e24485cea50d1cbac27 -> 
  custom:video-decoder-webm-vp8: 9c59270c3fd7afecdb556c50c9e8de78 -> 
  custom:audio-decoder-ogg-vorbis: bf7c407c2cedff20999df2af8eb42d56 -> 
========================================================================
Received Prepare
Registering precompiled user dll's ...
Registered in 0.007538 seconds.
Begin MonoManager ReloadAssembly
Symbol file LoadedFromMemory doesn't match image C:\Users\3ce64b7061da419e\Documents\GitHub\AdvDip_ColourChangesEverything\Library\PackageCache\com.unity.visualscripting@1.8.0\Editor\VisualScripting.Core\Dependencies\YamlDotNet\Unity.VisualScripting.YamlDotNet.dll
Symbol file LoadedFromMemory doesn't match image C:\Users\3ce64b7061da419e\Documents\GitHub\AdvDip_ColourChangesEverything\Library\PackageCache\com.unity.visualscripting@1.8.0\Editor\VisualScripting.Core\Dependencies\DotNetZip\Unity.VisualScripting.IonicZip.dll
Native extension for WindowsStandalone target not found
Native extension for Android target not found
Refreshing native plugins compatible for Editor in 1.03 ms, found 4 plugins.
Preloading 0 native plugins for Editor in 0.00 ms.
Mono: successfully reloaded assembly
- Completed reload, in  0.906 seconds
Domain Reload Profiling:
	ReloadAssembly (907ms)
		BeginReloadAssembly (112ms)
			ExecutionOrderSort (0ms)
			DisableScriptedObjects (6ms)
			BackupInstance (0ms)
			ReleaseScriptingObjects (0ms)
			CreateAndSetChildDomain (31ms)
		EndReloadAssembly (706ms)
			LoadAssemblies (71ms)
			RebuildTransferFunctionScriptingTraits (0ms)
			SetupTypeCache (204ms)
			ReleaseScriptCaches (1ms)
			RebuildScriptCaches (45ms)
			SetupLoadedEditorAssemblies (307ms)
				LogAssemblyErrors (0ms)
				InitializePlatformSupportModulesInManaged (22ms)
				SetLoadedEditorAssemblies (0ms)
				RefreshPlugins (1ms)
				BeforeProcessingInitializeOnLoad (66ms)
				ProcessInitializeOnLoadAttributes (175ms)
				ProcessInitializeOnLoadMethodAttributes (36ms)
				AfterProcessingInitializeOnLoad (7ms)
				EditorAssembliesLoaded (0ms)
			ExecutionOrderSort2 (0ms)
			AwakeInstancesAfterBackupRestoration (8ms)
Platform modules already initialized, skipping
Refreshing native plugins compatible for Editor in 1.90 ms, found 4 plugins.
Preloading 0 native plugins for Editor in 0.00 ms.
Unloading 3736 Unused Serialized files (Serialized files now loaded: 0)
Unloading 22 unused Assets / (24.6 KB). Loaded Objects now: 4238.
Memory consumption went from 147.1 MB to 147.1 MB.
Total: 2.893300 ms (FindLiveObjects: 0.265300 ms CreateObjectMapping: 0.202400 ms MarkObjects: 2.402100 ms  DeleteObjects: 0.022900 ms)

AssetImportParameters requested are different than current active one (requested -> active):
  custom:video-decoder-ogg-theora: a1e56fd34408186e4bbccfd4996cb3dc -> 
  custom:container-muxer-webm: aa71ff27fc2769a1b78a27578f13a17b -> 
  custom:container-demuxer-webm: 4f35f7cbe854078d1ac9338744f61a02 -> 
  custom:video-encoder-webm-vp8: eb34c28f22e8b96e1ab97ce403110664 -> 
  custom:audio-encoder-webm-vorbis: bf7c407c2cedff20999df2af8eb42d56 -> 
  custom:framework-win-MediaFoundation: 216162199b28c13a410421893ffa2e32 -> 
  custom:container-demuxer-ogg: 62fdf1f143b41e24485cea50d1cbac27 -> 
  custom:video-decoder-webm-vp8: 9c59270c3fd7afecdb556c50c9e8de78 -> 
  custom:audio-decoder-ogg-vorbis: bf7c407c2cedff20999df2af8eb42d56 -> 
========================================================================
Received Import Request.
  Time since last request: 122.932610 seconds.
  path: Assets/Art/Animations/Player.controller
  artifactKey: Guid(5da521d43f52a8c4a921ba07ab1d2e06) Importer(815301076,1909f56bfc062723c751e8b465ee728b)
Start importing Assets/Art/Animations/Player.controller using Guid(5da521d43f52a8c4a921ba07ab1d2e06) Importer(815301076,1909f56bfc062723c751e8b465ee728b)  -> (artifact id: '11eb34ea556ee74bb0de1242b7b0af88') in 0.020092 seconds 
========================================================================
Received Import Request.
  Time since last request: 19.569092 seconds.
  path: Assets/Scripts/Player/PlayerGroundCheck.cs
  artifactKey: Guid(84298006261d9e14cb0ea0cf21107401) Importer(815301076,1909f56bfc062723c751e8b465ee728b)
Start importing Assets/Scripts/Player/PlayerGroundCheck.cs using Guid(84298006261d9e14cb0ea0cf21107401) Importer(815301076,1909f56bfc062723c751e8b465ee728b)  -> (artifact id: 'f581d7e949c775be00f8860109d665d6') in 0.005173 seconds 
========================================================================
Received Import Request.
  Time since last request: 25.595302 seconds.
  path: Assets/Scripts/GroundCheck.cs
  artifactKey: Guid(0e0cee2714e0bbe4f9000a75a75e15e4) Importer(815301076,1909f56bfc062723c751e8b465ee728b)
Start importing Assets/Scripts/GroundCheck.cs using Guid(0e0cee2714e0bbe4f9000a75a75e15e4) Importer(815301076,1909f56bfc062723c751e8b465ee728b)  -> (artifact id: '2d0dbdb99ae8c927a8d23c35af700e9f') in 0.005919 seconds 
========================================================================
Received Import Request.
  Time since last request: 13.451716 seconds.
  path: Assets/Scripts/Player/PlayerAnimator.cs
  artifactKey: Guid(7dd8aeb6b4dfc9a41b634737b90a6480) Importer(815301076,1909f56bfc062723c751e8b465ee728b)
Start importing Assets/Scripts/Player/PlayerAnimator.cs using Guid(7dd8aeb6b4dfc9a41b634737b90a6480) Importer(815301076,1909f56bfc062723c751e8b465ee728b)  -> (artifact id: '6ca60e6ee8db70d1e93c2fbb0a344f37') in 0.005125 seconds 
========================================================================
Received Import Request.
  Time since last request: 186.282072 seconds.
  path: Assets/Art/mouse-left-click-transparent.png
  artifactKey: Guid(4352d90aa12beb84584e2c2511f13b09) Importer(815301076,1909f56bfc062723c751e8b465ee728b)
Start importing Assets/Art/mouse-left-click-transparent.png using Guid(4352d90aa12beb84584e2c2511f13b09) Importer(815301076,1909f56bfc062723c751e8b465ee728b)  -> (artifact id: '9fddbb09177e198672348d80cf270994') in 0.028100 seconds 
========================================================================
Received Prepare
Registering precompiled user dll's ...
Registered in 0.005165 seconds.
Begin MonoManager ReloadAssembly
Symbol file LoadedFromMemory doesn't match image C:\Users\3ce64b7061da419e\Documents\GitHub\AdvDip_ColourChangesEverything\Library\PackageCache\com.unity.visualscripting@1.8.0\Editor\VisualScripting.Core\Dependencies\YamlDotNet\Unity.VisualScripting.YamlDotNet.dll
Symbol file LoadedFromMemory doesn't match image C:\Users\3ce64b7061da419e\Documents\GitHub\AdvDip_ColourChangesEverything\Library\PackageCache\com.unity.visualscripting@1.8.0\Editor\VisualScripting.Core\Dependencies\DotNetZip\Unity.VisualScripting.IonicZip.dll
Native extension for WindowsStandalone target not found
Native extension for Android target not found
Refreshing native plugins compatible for Editor in 0.77 ms, found 4 plugins.
Preloading 0 native plugins for Editor in 0.00 ms.
Mono: successfully reloaded assembly
- Completed reload, in  0.957 seconds
Domain Reload Profiling:
	ReloadAssembly (957ms)
		BeginReloadAssembly (118ms)
			ExecutionOrderSort (0ms)
			DisableScriptedObjects (6ms)
			BackupInstance (0ms)
			ReleaseScriptingObjects (0ms)
			CreateAndSetChildDomain (31ms)
		EndReloadAssembly (740ms)
			LoadAssemblies (71ms)
			RebuildTransferFunctionScriptingTraits (0ms)
			SetupTypeCache (244ms)
			ReleaseScriptCaches (1ms)
			RebuildScriptCaches (46ms)
			SetupLoadedEditorAssemblies (307ms)
				LogAssemblyErrors (0ms)
				InitializePlatformSupportModulesInManaged (23ms)
				SetLoadedEditorAssemblies (0ms)
				RefreshPlugins (1ms)
				BeforeProcessingInitializeOnLoad (66ms)
				ProcessInitializeOnLoadAttributes (175ms)
				ProcessInitializeOnLoadMethodAttributes (35ms)
				AfterProcessingInitializeOnLoad (6ms)
				EditorAssembliesLoaded (0ms)
			ExecutionOrderSort2 (0ms)
			AwakeInstancesAfterBackupRestoration (9ms)
Platform modules already initialized, skipping
Refreshing native plugins compatible for Editor in 1.90 ms, found 4 plugins.
Preloading 0 native plugins for Editor in 0.00 ms.
Unloading 3736 Unused Serialized files (Serialized files now loaded: 0)
Unloading 22 unused Assets / (24.7 KB). Loaded Objects now: 4241.
Memory consumption went from 147.2 MB to 147.1 MB.
Total: 2.783200 ms (FindLiveObjects: 0.256000 ms CreateObjectMapping: 0.160400 ms MarkObjects: 2.342900 ms  DeleteObjects: 0.023200 ms)

AssetImportParameters requested are different than current active one (requested -> active):
  custom:video-decoder-ogg-theora: a1e56fd34408186e4bbccfd4996cb3dc -> 
  custom:container-muxer-webm: aa71ff27fc2769a1b78a27578f13a17b -> 
  custom:container-demuxer-webm: 4f35f7cbe854078d1ac9338744f61a02 -> 
  custom:video-encoder-webm-vp8: eb34c28f22e8b96e1ab97ce403110664 -> 
  custom:audio-encoder-webm-vorbis: bf7c407c2cedff20999df2af8eb42d56 -> 
  custom:framework-win-MediaFoundation: 216162199b28c13a410421893ffa2e32 -> 
  custom:container-demuxer-ogg: 62fdf1f143b41e24485cea50d1cbac27 -> 
  custom:video-decoder-webm-vp8: 9c59270c3fd7afecdb556c50c9e8de78 -> 
  custom:audio-decoder-ogg-vorbis: bf7c407c2cedff20999df2af8eb42d56 -> 
========================================================================
Received Import Request.
  Time since last request: 68.760959 seconds.
  path: Assets/_IMPORTS/Warped City Assets/Artwork/ENVIRONMENT/props/antenna.png
  artifactKey: Guid(7c2c0a20447e14bd0a4767191ddc7d72) Importer(815301076,1909f56bfc062723c751e8b465ee728b)
Start importing Assets/_IMPORTS/Warped City Assets/Artwork/ENVIRONMENT/props/antenna.png using Guid(7c2c0a20447e14bd0a4767191ddc7d72) Importer(815301076,1909f56bfc062723c751e8b465ee728b)  -> (artifact id: 'e4940b9c44ea6dd961d6e3252754b5f5') in 0.081664 seconds 
========================================================================
Received Import Request.
  Time since last request: 0.000026 seconds.
  path: Assets/_IMPORTS/Warped City Assets/Artwork/SPRITES/player/back-jump/back-jump-4.png
  artifactKey: Guid(6cc3fb510e8ba4969aae8867dd99e326) Importer(815301076,1909f56bfc062723c751e8b465ee728b)
Start importing Assets/_IMPORTS/Warped City Assets/Artwork/SPRITES/player/back-jump/back-jump-4.png using Guid(6cc3fb510e8ba4969aae8867dd99e326) Importer(815301076,1909f56bfc062723c751e8b465ee728b)  -> (artifact id: '36dc002720a2217f98377597f4736a42') in 0.014823 seconds 
========================================================================
Received Import Request.
  Time since last request: 0.000021 seconds.
  path: Assets/_IMPORTS/Warped City Assets/Artwork/SPRITES/player/back-jump/back-jump-5.png
  artifactKey: Guid(af6b4020d525741d586a7fe3778dfd6d) Importer(815301076,1909f56bfc062723c751e8b465ee728b)
Start importing Assets/_IMPORTS/Warped City Assets/Artwork/SPRITES/player/back-jump/back-jump-5.png using Guid(af6b4020d525741d586a7fe3778dfd6d) Importer(815301076,1909f56bfc062723c751e8b465ee728b)  -> (artifact id: '8d03ee9276d65fc346b18610e1db8eb4') in 0.012201 seconds 
========================================================================
Received Import Request.
  Time since last request: 0.000022 seconds.
  path: Assets/_IMPORTS/Warped City Assets/Artwork/SPRITES/player/back-jump/back-jump-6.png
  artifactKey: Guid(543a751d492224d75b38c817e173720c) Importer(815301076,1909f56bfc062723c751e8b465ee728b)
Start importing Assets/_IMPORTS/Warped City Assets/Artwork/SPRITES/player/back-jump/back-jump-6.png using Guid(543a751d492224d75b38c817e173720c) Importer(815301076,1909f56bfc062723c751e8b465ee728b)  -> (artifact id: 'b10f10a6f38571b04cf104c42c248754') in 0.010621 seconds 
========================================================================
Received Import Request.
  Time since last request: 0.000024 seconds.
  path: Assets/_IMPORTS/Warped City Assets/Artwork/SPRITES/player/back-jump/back-jump-3.png
  artifactKey: Guid(d185b83f6152c4721a8aa7ea4c529123) Importer(815301076,1909f56bfc062723c751e8b465ee728b)
Start importing Assets/_IMPORTS/Warped City Assets/Artwork/SPRITES/player/back-jump/back-jump-3.png using Guid(d185b83f6152c4721a8aa7ea4c529123) Importer(815301076,1909f56bfc062723c751e8b465ee728b)  -> (artifact id: 'e032ce1407c3bdef311dc386dd4567f3') in 0.010550 seconds 
========================================================================
Received Import Request.
  Time since last request: 10.444876 seconds.
  path: Assets/_IMPORTS/Warped City Assets/Artwork/ENVIRONMENT/props/monitorface/monitor-face-4.png
  artifactKey: Guid(5d3bcf9bd7a3c484d9a14a2502432dc2) Importer(815301076,1909f56bfc062723c751e8b465ee728b)
Start importing Assets/_IMPORTS/Warped City Assets/Artwork/ENVIRONMENT/props/monitorface/monitor-face-4.png using Guid(5d3bcf9bd7a3c484d9a14a2502432dc2) Importer(815301076,1909f56bfc062723c751e8b465ee728b)  -> (artifact id: '66425fdd5ac1fdddb3d959055871c0cc') in 0.013274 seconds 
========================================================================
Received Import Request.
  Time since last request: 0.000024 seconds.
  path: Assets/_IMPORTS/Super Grotto Escape/Props/palm.png
  artifactKey: Guid(4f0b6e8eee5603b48a0ded0b1d5a7013) Importer(815301076,1909f56bfc062723c751e8b465ee728b)
Start importing Assets/_IMPORTS/Super Grotto Escape/Props/palm.png using Guid(4f0b6e8eee5603b48a0ded0b1d5a7013) Importer(815301076,1909f56bfc062723c751e8b465ee728b)  -> (artifact id: '9e7f05ed38217499859daa071f26819e') in 0.013374 seconds 
========================================================================
Received Import Request.
  Time since last request: 0.000016 seconds.
  path: Packages/com.unity.2d.animation/Editor/Assets/SkinningModule/Icons/Light/Parent_Bone.png
  artifactKey: Guid(2972f301b2bf3dd46989677197b9a34d) Importer(815301076,1909f56bfc062723c751e8b465ee728b)
Start importing Packages/com.unity.2d.animation/Editor/Assets/SkinningModule/Icons/Light/Parent_Bone.png using Guid(2972f301b2bf3dd46989677197b9a34d) Importer(815301076,1909f56bfc062723c751e8b465ee728b)  -> (artifact id: '162f08b47b4279a5d68f40ed6ec8b6ad') in 0.011926 seconds 
========================================================================
Received Import Request.
  Time since last request: 0.850419 seconds.
  path: Assets/_IMPORTS/Warped City Assets/Artwork/ENVIRONMENT/props/monitorface/monitor-face-2.png
  artifactKey: Guid(38b39d9e9f64d462a9ad0da114db0656) Importer(815301076,1909f56bfc062723c751e8b465ee728b)
Start importing Assets/_IMPORTS/Warped City Assets/Artwork/ENVIRONMENT/props/monitorface/monitor-face-2.png using Guid(38b39d9e9f64d462a9ad0da114db0656) Importer(815301076,1909f56bfc062723c751e8b465ee728b)  -> (artifact id: '1bf5296c9f630618590759847c2def17') in 0.011852 seconds 
========================================================================
Received Import Request.
  Time since last request: 0.016469 seconds.
  path: Assets/_IMPORTS/Super Grotto Escape/Environment/middle.png
  artifactKey: Guid(1156aa2e92baf8f4eafadb9fed8f4e3a) Importer(815301076,1909f56bfc062723c751e8b465ee728b)
Start importing Assets/_IMPORTS/Super Grotto Escape/Environment/middle.png using Guid(1156aa2e92baf8f4eafadb9fed8f4e3a) Importer(815301076,1909f56bfc062723c751e8b465ee728b)  -> (artifact id: 'd9fc03a43b72f69d4e895feeab4064c9') in 0.019117 seconds 
========================================================================
Received Import Request.
  Time since last request: 0.027708 seconds.
  path: Packages/com.unity.2d.animation/Editor/Assets/SkinningModule/Icons/Light/Mesh@2x.png
  artifactKey: Guid(242f58a86f3ee8e418809e5fc269d531) Importer(815301076,1909f56bfc062723c751e8b465ee728b)
Start importing Packages/com.unity.2d.animation/Editor/Assets/SkinningModule/Icons/Light/Mesh@2x.png using Guid(242f58a86f3ee8e418809e5fc269d531) Importer(815301076,1909f56bfc062723c751e8b465ee728b)  -> (artifact id: 'd1dcf77c9439874abd5067fa5751b074') in 0.011158 seconds 
========================================================================
Received Import Request.
  Time since last request: 0.035943 seconds.
  path: Packages/com.unity.collab-proxy/Editor/PlasticSCM/Assets/Images/loading@2x.png
  artifactKey: Guid(5dbc069eb79bd4d43840847264d6d956) Importer(815301076,1909f56bfc062723c751e8b465ee728b)
Start importing Packages/com.unity.collab-proxy/Editor/PlasticSCM/Assets/Images/loading@2x.png using Guid(5dbc069eb79bd4d43840847264d6d956) Importer(815301076,1909f56bfc062723c751e8b465ee728b)  -> (artifact id: '539330829deb963cfd779d40700f7dc8') in 0.015750 seconds 
========================================================================
Received Import Request.
  Time since last request: 1.098950 seconds.
  path: Packages/com.unity.2d.psdimporter/Editor/Assets/Icons/Dark/Layers Separated@1x.png
  artifactKey: Guid(9c68e002c59804ee7973df039508cc37) Importer(815301076,1909f56bfc062723c751e8b465ee728b)
Start importing Packages/com.unity.2d.psdimporter/Editor/Assets/Icons/Dark/Layers Separated@1x.png using Guid(9c68e002c59804ee7973df039508cc37) Importer(815301076,1909f56bfc062723c751e8b465ee728b)  -> (artifact id: 'a575a5b30491a0bc820f870356950ccc') in 0.036729 seconds 
========================================================================
Received Import Request.
  Time since last request: 0.000026 seconds.
  path: Packages/com.unity.collab-proxy/Editor/PlasticSCM/Assets/Images/iconaddedlocal@2x.png
  artifactKey: Guid(a67b58d6cddcd4345b1e001340de5a76) Importer(815301076,1909f56bfc062723c751e8b465ee728b)
Start importing Packages/com.unity.collab-proxy/Editor/PlasticSCM/Assets/Images/iconaddedlocal@2x.png using Guid(a67b58d6cddcd4345b1e001340de5a76) Importer(815301076,1909f56bfc062723c751e8b465ee728b)  -> (artifact id: '83830d2e98aa15d6ea50483d17c5fd0d') in 0.018822 seconds 
========================================================================
Received Import Request.
  Time since last request: 0.000029 seconds.
  path: Packages/com.unity.2d.animation/Editor/Assets/SkinningModule/Icons/Selected/d_Visibility_Hidded@4x.png
  artifactKey: Guid(8008767850e870a4e8baaf5a6fc8b35c) Importer(815301076,1909f56bfc062723c751e8b465ee728b)
Start importing Packages/com.unity.2d.animation/Editor/Assets/SkinningModule/Icons/Selected/d_Visibility_Hidded@4x.png using Guid(8008767850e870a4e8baaf5a6fc8b35c) Importer(815301076,1909f56bfc062723c751e8b465ee728b)  -> (artifact id: '79e04520b2043716a2d00031dcd69af4') in 0.013592 seconds 
========================================================================
Received Import Request.
  Time since last request: 0.000035 seconds.
  path: Packages/com.unity.collab-proxy/Editor/PlasticSCM/Assets/Images/d_iconplasticviewnotify@2x.png
  artifactKey: Guid(64eb0648ca0d11944a9517d8662508fd) Importer(815301076,1909f56bfc062723c751e8b465ee728b)
Start importing Packages/com.unity.collab-proxy/Editor/PlasticSCM/Assets/Images/d_iconplasticviewnotify@2x.png using Guid(64eb0648ca0d11944a9517d8662508fd) Importer(815301076,1909f56bfc062723c751e8b465ee728b)  -> (artifact id: '3ec55c0ea8edf7f17a98f055629ac7ad') in 0.014414 seconds 
========================================================================
Received Import Request.
  Time since last request: 0.000052 seconds.
  path: Packages/com.unity.2d.animation/Editor/Assets/SkinningModule/Icons/Selected/d_Visibility_Tool@2x.png
  artifactKey: Guid(a9e89ee3f041fa5459a4e78b37d1e58e) Importer(815301076,1909f56bfc062723c751e8b465ee728b)
Start importing Packages/com.unity.2d.animation/Editor/Assets/SkinningModule/Icons/Selected/d_Visibility_Tool@2x.png using Guid(a9e89ee3f041fa5459a4e78b37d1e58e) Importer(815301076,1909f56bfc062723c751e8b465ee728b)  -> (artifact id: '8c0866b4150b23748cf8ddfa37ec2b44') in 0.014309 seconds 
========================================================================
Received Import Request.
  Time since last request: 0.000025 seconds.
  path: Packages/com.unity.2d.animation/Editor/Assets/SkinningModule/Icons/Dark/d_Edit_Joints@3x.png
  artifactKey: Guid(e76bc39dceb8b72439432f8679056c92) Importer(815301076,1909f56bfc062723c751e8b465ee728b)
Start importing Packages/com.unity.2d.animation/Editor/Assets/SkinningModule/Icons/Dark/d_Edit_Joints@3x.png using Guid(e76bc39dceb8b72439432f8679056c92) Importer(815301076,1909f56bfc062723c751e8b465ee728b)  -> (artifact id: 'f4a09abafcd9ba4c1438143fa6d7612a') in 0.014353 seconds 
========================================================================
Received Import Request.
  Time since last request: 0.000025 seconds.
  path: Packages/com.unity.collab-proxy/Editor/PlasticSCM/Assets/Images/d_buttonssosigninemail@2x.png
  artifactKey: Guid(144aa74618b85974a9a50f612c2fa8fd) Importer(815301076,1909f56bfc062723c751e8b465ee728b)
Start importing Packages/com.unity.collab-proxy/Editor/PlasticSCM/Assets/Images/d_buttonssosigninemail@2x.png using Guid(144aa74618b85974a9a50f612c2fa8fd) Importer(815301076,1909f56bfc062723c751e8b465ee728b)  -> (artifact id: '5e497cc234a70edbc4ccc5c4dcbf7132') in 0.013051 seconds 
========================================================================
Received Import Request.
  Time since last request: 0.000021 seconds.
  path: Packages/com.unity.2d.animation/Editor/Assets/SkinningModule/Icons/Selected/Copy@3x.png
  artifactKey: Guid(bb51334c6930f864abac38001f7bdf6e) Importer(815301076,1909f56bfc062723c751e8b465ee728b)
Start importing Packages/com.unity.2d.animation/Editor/Assets/SkinningModule/Icons/Selected/Copy@3x.png using Guid(bb51334c6930f864abac38001f7bdf6e) Importer(815301076,1909f56bfc062723c751e8b465ee728b)  -> (artifact id: '240a7173ceab795068774335fa80b2b1') in 0.012417 seconds 
========================================================================
Received Import Request.
  Time since last request: 0.000019 seconds.
  path: Packages/com.unity.collab-proxy/Editor/PlasticSCM/Assets/Images/buttonssosigninunity.png
  artifactKey: Guid(f9161c6c9e06dc445ada3ee16d991f90) Importer(815301076,1909f56bfc062723c751e8b465ee728b)
Start importing Packages/com.unity.collab-proxy/Editor/PlasticSCM/Assets/Images/buttonssosigninunity.png using Guid(f9161c6c9e06dc445ada3ee16d991f90) Importer(815301076,1909f56bfc062723c751e8b465ee728b)  -> (artifact id: '993dab16a79c581ed8eedc9c31266f2c') in 0.015272 seconds 
========================================================================
Received Import Request.
  Time since last request: 0.000031 seconds.
  path: Packages/com.unity.textmeshpro/Editor Resources/Textures/btn_AlignTop_Light.psd
  artifactKey: Guid(ed041e68439749a69d0efa0e3d896c2e) Importer(815301076,1909f56bfc062723c751e8b465ee728b)
Start importing Packages/com.unity.textmeshpro/Editor Resources/Textures/btn_AlignTop_Light.psd using Guid(ed041e68439749a69d0efa0e3d896c2e) Importer(815301076,1909f56bfc062723c751e8b465ee728b)  -> (artifact id: 'db66b5f1e6bee4b5863be49e6f3a1367') in 0.015597 seconds 
========================================================================
Received Import Request.
  Time since last request: 0.000017 seconds.
  path: Packages/com.unity.2d.animation/Editor/Assets/SkinningModule/Icons/Selected/Copy@4x.png
  artifactKey: Guid(b6a96c7c65795c94abf54a62adbf5c38) Importer(815301076,1909f56bfc062723c751e8b465ee728b)
Start importing Packages/com.unity.2d.animation/Editor/Assets/SkinningModule/Icons/Selected/Copy@4x.png using Guid(b6a96c7c65795c94abf54a62adbf5c38) Importer(815301076,1909f56bfc062723c751e8b465ee728b)  -> (artifact id: '08fb6d65bbff26252d9f7464c6241be6') in 0.011590 seconds 
========================================================================
Received Import Request.
  Time since last request: 0.000019 seconds.
  path: Packages/com.unity.collab-proxy/Editor/PlasticSCM/Assets/Images/iconbranch@2x.png
  artifactKey: Guid(e45389a8a97044d4caf408f252370632) Importer(815301076,1909f56bfc062723c751e8b465ee728b)
Start importing Packages/com.unity.collab-proxy/Editor/PlasticSCM/Assets/Images/iconbranch@2x.png using Guid(e45389a8a97044d4caf408f252370632) Importer(815301076,1909f56bfc062723c751e8b465ee728b)  -> (artifact id: '9be3ad06442285044959b7ab1f80c498') in 0.014160 seconds 
========================================================================
Received Import Request.
  Time since last request: 0.000018 seconds.
  path: Packages/com.unity.2d.animation/Editor/Assets/SkinningModule/Icons/Selected/character_Mode@2x.png
  artifactKey: Guid(5d52b20f865aff242bfcb08c3b6f61a5) Importer(815301076,1909f56bfc062723c751e8b465ee728b)
Start importing Packages/com.unity.2d.animation/Editor/Assets/SkinningModule/Icons/Selected/character_Mode@2x.png using Guid(5d52b20f865aff242bfcb08c3b6f61a5) Importer(815301076,1909f56bfc062723c751e8b465ee728b)  -> (artifact id: '3e1690c3b2666d51ea6a915a3126629e') in 0.012003 seconds 
========================================================================
Received Import Request.
  Time since last request: 0.000021 seconds.
  path: Assets/_IMPORTS/Super Grotto Escape/Fx/Big-Explosion/big-explosion1.png
  artifactKey: Guid(e4d1761511aca924d9a0b3468651a0a7) Importer(815301076,1909f56bfc062723c751e8b465ee728b)
Start importing Assets/_IMPORTS/Super Grotto Escape/Fx/Big-Explosion/big-explosion1.png using Guid(e4d1761511aca924d9a0b3468651a0a7) Importer(815301076,1909f56bfc062723c751e8b465ee728b)  -> (artifact id: 'afb49f438adceede22819345e05f396d') in 0.013698 seconds 
========================================================================
Received Import Request.
  Time since last request: 0.000020 seconds.
  path: Assets/_IMPORTS/Warped City Assets/Artwork/ENVIRONMENT/props/banner-big/banner-big-1.png
  artifactKey: Guid(4db7d20bea57942e9bc03f26f30c64a5) Importer(815301076,1909f56bfc062723c751e8b465ee728b)
Start importing Assets/_IMPORTS/Warped City Assets/Artwork/ENVIRONMENT/props/banner-big/banner-big-1.png using Guid(4db7d20bea57942e9bc03f26f30c64a5) Importer(815301076,1909f56bfc062723c751e8b465ee728b)  -> (artifact id: '956feeb56ce02eec93843e92ecade281') in 0.015072 seconds 
========================================================================
Received Import Request.
  Time since last request: 0.000026 seconds.
  path: Assets/_IMPORTS/Super Grotto Escape/Fx/Big-Explosion/big-explosion3.png
  artifactKey: Guid(680a1c7c549d9b34ca5f30093a5a4b30) Importer(815301076,1909f56bfc062723c751e8b465ee728b)
Start importing Assets/_IMPORTS/Super Grotto Escape/Fx/Big-Explosion/big-explosion3.png using Guid(680a1c7c549d9b34ca5f30093a5a4b30) Importer(815301076,1909f56bfc062723c751e8b465ee728b)  -> (artifact id: '555d2115e0cb5b42738391ac192a8971') in 0.014162 seconds 
========================================================================
Received Import Request.
  Time since last request: 0.000022 seconds.
  path: Assets/_IMPORTS/Warped City Assets/Artwork/ENVIRONMENT/props/banner-neon/banner-neon-1.png
  artifactKey: Guid(651479cc07fa5423fb129d992873995b) Importer(815301076,1909f56bfc062723c751e8b465ee728b)
Start importing Assets/_IMPORTS/Warped City Assets/Artwork/ENVIRONMENT/props/banner-neon/banner-neon-1.png using Guid(651479cc07fa5423fb129d992873995b) Importer(815301076,1909f56bfc062723c751e8b465ee728b)  -> (artifact id: '29d381e3f06ed6e0dec829451809ae42') in 0.012913 seconds 
========================================================================
Received Import Request.
  Time since last request: 0.000019 seconds.
  path: Assets/_IMPORTS/Super Grotto Escape/Characters/Enemies/Bat/bat3.png
  artifactKey: Guid(97091f4cc45919f4384bcd4338eaa165) Importer(815301076,1909f56bfc062723c751e8b465ee728b)
Start importing Assets/_IMPORTS/Super Grotto Escape/Characters/Enemies/Bat/bat3.png using Guid(97091f4cc45919f4384bcd4338eaa165) Importer(815301076,1909f56bfc062723c751e8b465ee728b)  -> (artifact id: 'b5ac9573ade9eb4c951d9ccee44bbd27') in 0.013900 seconds 
========================================================================
Received Import Request.
  Time since last request: 0.000022 seconds.
  path: Assets/_IMPORTS/Warped City Assets/Artwork/ENVIRONMENT/background/buildings-bg.png
  artifactKey: Guid(37d1bdb3e1de647ae915d01a2b7def15) Importer(815301076,1909f56bfc062723c751e8b465ee728b)
Start importing Assets/_IMPORTS/Warped City Assets/Artwork/ENVIRONMENT/background/buildings-bg.png using Guid(37d1bdb3e1de647ae915d01a2b7def15) Importer(815301076,1909f56bfc062723c751e8b465ee728b)  -> (artifact id: '5534d3b997c81a74945f14d2d97822ad') in 0.017391 seconds 
========================================================================
Received Import Request.
  Time since last request: 0.000024 seconds.
  path: Packages/com.unity.2d.animation/Editor/Assets/SkinningModule/Icons/Dark/d_Visibility_Tool@2x.png
  artifactKey: Guid(debf043892056974eaec3b42dfdda5b3) Importer(815301076,1909f56bfc062723c751e8b465ee728b)
Start importing Packages/com.unity.2d.animation/Editor/Assets/SkinningModule/Icons/Dark/d_Visibility_Tool@2x.png using Guid(debf043892056974eaec3b42dfdda5b3) Importer(815301076,1909f56bfc062723c751e8b465ee728b)  -> (artifact id: '98849bae2344a5fd4f390b4327f531f5') in 0.009002 seconds 
========================================================================
Received Import Request.
  Time since last request: 0.000022 seconds.
  path: Packages/com.unity.2d.psdimporter/Editor/Assets/Icons/Dark/Layers Separated@2x.png
  artifactKey: Guid(e269a78d88d514e4c9bde97d573d7e45) Importer(815301076,1909f56bfc062723c751e8b465ee728b)
Start importing Packages/com.unity.2d.psdimporter/Editor/Assets/Icons/Dark/Layers Separated@2x.png using Guid(e269a78d88d514e4c9bde97d573d7e45) Importer(815301076,1909f56bfc062723c751e8b465ee728b)  -> (artifact id: '5fbb8ef6a2354ba381f1c9ea5b7dc870') in 0.012875 seconds 
========================================================================
Received Import Request.
  Time since last request: 0.000018 seconds.
  path: Packages/com.unity.collab-proxy/Editor/PlasticSCM/Assets/Images/d_loading.png
  artifactKey: Guid(d58e94bfb1bac774dbb8ca9c2597ef2e) Importer(815301076,1909f56bfc062723c751e8b465ee728b)
Start importing Packages/com.unity.collab-proxy/Editor/PlasticSCM/Assets/Images/d_loading.png using Guid(d58e94bfb1bac774dbb8ca9c2597ef2e) Importer(815301076,1909f56bfc062723c751e8b465ee728b)  -> (artifact id: '4968e148862c08edc550240e21233a3c') in 0.014274 seconds 
========================================================================
Received Import Request.
  Time since last request: 0.000023 seconds.
  path: Packages/com.unity.collab-proxy/Editor/PlasticSCM/Assets/Images/buttonssosigningoogle.png
  artifactKey: Guid(f09eae8c0ea04254b90c5386a034a225) Importer(815301076,1909f56bfc062723c751e8b465ee728b)
Start importing Packages/com.unity.collab-proxy/Editor/PlasticSCM/Assets/Images/buttonssosigningoogle.png using Guid(f09eae8c0ea04254b90c5386a034a225) Importer(815301076,1909f56bfc062723c751e8b465ee728b)  -> (artifact id: '4f29e65554adc46848b6c1081864f233') in 0.013451 seconds 
========================================================================
Received Prepare
Registering precompiled user dll's ...
Registered in 0.006247 seconds.
Begin MonoManager ReloadAssembly
Symbol file LoadedFromMemory doesn't match image C:\Users\3ce64b7061da419e\Documents\GitHub\AdvDip_ColourChangesEverything\Library\PackageCache\com.unity.visualscripting@1.8.0\Editor\VisualScripting.Core\Dependencies\YamlDotNet\Unity.VisualScripting.YamlDotNet.dll
Symbol file LoadedFromMemory doesn't match image C:\Users\3ce64b7061da419e\Documents\GitHub\AdvDip_ColourChangesEverything\Library\PackageCache\com.unity.visualscripting@1.8.0\Editor\VisualScripting.Core\Dependencies\DotNetZip\Unity.VisualScripting.IonicZip.dll
Native extension for WindowsStandalone target not found
Native extension for Android target not found
Refreshing native plugins compatible for Editor in 1.10 ms, found 4 plugins.
Preloading 0 native plugins for Editor in 0.00 ms.
Mono: successfully reloaded assembly
- Completed reload, in  1.048 seconds
Domain Reload Profiling:
	ReloadAssembly (1049ms)
		BeginReloadAssembly (121ms)
			ExecutionOrderSort (0ms)
			DisableScriptedObjects (8ms)
			BackupInstance (0ms)
			ReleaseScriptingObjects (0ms)
			CreateAndSetChildDomain (32ms)
		EndReloadAssembly (822ms)
			LoadAssemblies (76ms)
			RebuildTransferFunctionScriptingTraits (0ms)
			SetupTypeCache (236ms)
			ReleaseScriptCaches (1ms)
			RebuildScriptCaches (44ms)
			SetupLoadedEditorAssemblies (374ms)
				LogAssemblyErrors (0ms)
				InitializePlatformSupportModulesInManaged (27ms)
				SetLoadedEditorAssemblies (1ms)
				RefreshPlugins (1ms)
				BeforeProcessingInitializeOnLoad (83ms)
				ProcessInitializeOnLoadAttributes (217ms)
				ProcessInitializeOnLoadMethodAttributes (38ms)
				AfterProcessingInitializeOnLoad (7ms)
				EditorAssembliesLoaded (0ms)
			ExecutionOrderSort2 (0ms)
			AwakeInstancesAfterBackupRestoration (9ms)
Platform modules already initialized, skipping
Refreshing native plugins compatible for Editor in 2.94 ms, found 4 plugins.
Preloading 0 native plugins for Editor in 0.00 ms.
Unloading 3736 Unused Serialized files (Serialized files now loaded: 0)
Unloading 22 unused Assets / (24.8 KB). Loaded Objects now: 4277.
Memory consumption went from 147.2 MB to 147.2 MB.
Total: 4.068600 ms (FindLiveObjects: 0.441500 ms CreateObjectMapping: 0.266600 ms MarkObjects: 3.329300 ms  DeleteObjects: 0.029700 ms)

AssetImportParameters requested are different than current active one (requested -> active):
  custom:video-decoder-ogg-theora: a1e56fd34408186e4bbccfd4996cb3dc -> 
  custom:container-muxer-webm: aa71ff27fc2769a1b78a27578f13a17b -> 
  custom:container-demuxer-webm: 4f35f7cbe854078d1ac9338744f61a02 -> 
  custom:video-encoder-webm-vp8: eb34c28f22e8b96e1ab97ce403110664 -> 
  custom:audio-encoder-webm-vorbis: bf7c407c2cedff20999df2af8eb42d56 -> 
  custom:framework-win-MediaFoundation: 216162199b28c13a410421893ffa2e32 -> 
  custom:container-demuxer-ogg: 62fdf1f143b41e24485cea50d1cbac27 -> 
  custom:video-decoder-webm-vp8: 9c59270c3fd7afecdb556c50c9e8de78 -> 
  custom:audio-decoder-ogg-vorbis: bf7c407c2cedff20999df2af8eb42d56 -> 
========================================================================
Received Prepare
Registering precompiled user dll's ...
Registered in 0.005438 seconds.
Begin MonoManager ReloadAssembly
Symbol file LoadedFromMemory doesn't match image C:\Users\3ce64b7061da419e\Documents\GitHub\AdvDip_ColourChangesEverything\Library\PackageCache\com.unity.visualscripting@1.8.0\Editor\VisualScripting.Core\Dependencies\YamlDotNet\Unity.VisualScripting.YamlDotNet.dll
Symbol file LoadedFromMemory doesn't match image C:\Users\3ce64b7061da419e\Documents\GitHub\AdvDip_ColourChangesEverything\Library\PackageCache\com.unity.visualscripting@1.8.0\Editor\VisualScripting.Core\Dependencies\DotNetZip\Unity.VisualScripting.IonicZip.dll
Native extension for WindowsStandalone target not found
Native extension for Android target not found
Refreshing native plugins compatible for Editor in 0.82 ms, found 4 plugins.
Preloading 0 native plugins for Editor in 0.00 ms.
Mono: successfully reloaded assembly
- Completed reload, in  1.064 seconds
Domain Reload Profiling:
	ReloadAssembly (1064ms)
		BeginReloadAssembly (126ms)
			ExecutionOrderSort (0ms)
			DisableScriptedObjects (7ms)
			BackupInstance (0ms)
			ReleaseScriptingObjects (0ms)
			CreateAndSetChildDomain (31ms)
		EndReloadAssembly (832ms)
			LoadAssemblies (84ms)
			RebuildTransferFunctionScriptingTraits (0ms)
			SetupTypeCache (276ms)
			ReleaseScriptCaches (2ms)
			RebuildScriptCaches (56ms)
			SetupLoadedEditorAssemblies (341ms)
				LogAssemblyErrors (0ms)
				InitializePlatformSupportModulesInManaged (28ms)
				SetLoadedEditorAssemblies (1ms)
				RefreshPlugins (1ms)
				BeforeProcessingInitializeOnLoad (76ms)
				ProcessInitializeOnLoadAttributes (194ms)
				ProcessInitializeOnLoadMethodAttributes (34ms)
				AfterProcessingInitializeOnLoad (7ms)
				EditorAssembliesLoaded (0ms)
			ExecutionOrderSort2 (0ms)
			AwakeInstancesAfterBackupRestoration (7ms)
Platform modules already initialized, skipping
Refreshing native plugins compatible for Editor in 2.10 ms, found 4 plugins.
Preloading 0 native plugins for Editor in 0.00 ms.
Unloading 3736 Unused Serialized files (Serialized files now loaded: 0)
Unloading 22 unused Assets / (24.8 KB). Loaded Objects now: 4280.
Memory consumption went from 147.2 MB to 147.2 MB.
Total: 3.851000 ms (FindLiveObjects: 0.258400 ms CreateObjectMapping: 0.178100 ms MarkObjects: 3.390100 ms  DeleteObjects: 0.023600 ms)

AssetImportParameters requested are different than current active one (requested -> active):
  custom:video-decoder-ogg-theora: a1e56fd34408186e4bbccfd4996cb3dc -> 
  custom:container-muxer-webm: aa71ff27fc2769a1b78a27578f13a17b -> 
  custom:container-demuxer-webm: 4f35f7cbe854078d1ac9338744f61a02 -> 
  custom:video-encoder-webm-vp8: eb34c28f22e8b96e1ab97ce403110664 -> 
  custom:audio-encoder-webm-vorbis: bf7c407c2cedff20999df2af8eb42d56 -> 
  custom:framework-win-MediaFoundation: 216162199b28c13a410421893ffa2e32 -> 
  custom:container-demuxer-ogg: 62fdf1f143b41e24485cea50d1cbac27 -> 
  custom:video-decoder-webm-vp8: 9c59270c3fd7afecdb556c50c9e8de78 -> 
  custom:audio-decoder-ogg-vorbis: bf7c407c2cedff20999df2af8eb42d56 -> 
========================================================================
Received Prepare
Registering precompiled user dll's ...
Registered in 0.005271 seconds.
Begin MonoManager ReloadAssembly
Symbol file LoadedFromMemory doesn't match image C:\Users\3ce64b7061da419e\Documents\GitHub\AdvDip_ColourChangesEverything\Library\PackageCache\com.unity.visualscripting@1.8.0\Editor\VisualScripting.Core\Dependencies\YamlDotNet\Unity.VisualScripting.YamlDotNet.dll
Symbol file LoadedFromMemory doesn't match image C:\Users\3ce64b7061da419e\Documents\GitHub\AdvDip_ColourChangesEverything\Library\PackageCache\com.unity.visualscripting@1.8.0\Editor\VisualScripting.Core\Dependencies\DotNetZip\Unity.VisualScripting.IonicZip.dll
Native extension for WindowsStandalone target not found
Native extension for Android target not found
Refreshing native plugins compatible for Editor in 1.06 ms, found 4 plugins.
Preloading 0 native plugins for Editor in 0.00 ms.
Mono: successfully reloaded assembly
- Completed reload, in  1.092 seconds
Domain Reload Profiling:
	ReloadAssembly (1093ms)
		BeginReloadAssembly (142ms)
			ExecutionOrderSort (0ms)
			DisableScriptedObjects (6ms)
			BackupInstance (0ms)
			ReleaseScriptingObjects (0ms)
			CreateAndSetChildDomain (32ms)
		EndReloadAssembly (837ms)
			LoadAssemblies (101ms)
			RebuildTransferFunctionScriptingTraits (0ms)
			SetupTypeCache (239ms)
			ReleaseScriptCaches (2ms)
			RebuildScriptCaches (56ms)
			SetupLoadedEditorAssemblies (365ms)
				LogAssemblyErrors (0ms)
				InitializePlatformSupportModulesInManaged (28ms)
				SetLoadedEditorAssemblies (1ms)
				RefreshPlugins (1ms)
				BeforeProcessingInitializeOnLoad (84ms)
				ProcessInitializeOnLoadAttributes (206ms)
				ProcessInitializeOnLoadMethodAttributes (37ms)
				AfterProcessingInitializeOnLoad (8ms)
				EditorAssembliesLoaded (0ms)
			ExecutionOrderSort2 (0ms)
			AwakeInstancesAfterBackupRestoration (11ms)
Platform modules already initialized, skipping
Refreshing native plugins compatible for Editor in 3.99 ms, found 4 plugins.
Preloading 0 native plugins for Editor in 0.00 ms.
Unloading 3736 Unused Serialized files (Serialized files now loaded: 0)
Unloading 22 unused Assets / (24.7 KB). Loaded Objects now: 4283.
Memory consumption went from 147.3 MB to 147.2 MB.
Total: 6.519500 ms (FindLiveObjects: 1.876600 ms CreateObjectMapping: 0.312700 ms MarkObjects: 4.286700 ms  DeleteObjects: 0.041700 ms)

AssetImportParameters requested are different than current active one (requested -> active):
  custom:video-decoder-ogg-theora: a1e56fd34408186e4bbccfd4996cb3dc -> 
  custom:container-muxer-webm: aa71ff27fc2769a1b78a27578f13a17b -> 
  custom:container-demuxer-webm: 4f35f7cbe854078d1ac9338744f61a02 -> 
  custom:video-encoder-webm-vp8: eb34c28f22e8b96e1ab97ce403110664 -> 
  custom:audio-encoder-webm-vorbis: bf7c407c2cedff20999df2af8eb42d56 -> 
  custom:framework-win-MediaFoundation: 216162199b28c13a410421893ffa2e32 -> 
  custom:container-demuxer-ogg: 62fdf1f143b41e24485cea50d1cbac27 -> 
  custom:video-decoder-webm-vp8: 9c59270c3fd7afecdb556c50c9e8de78 -> 
  custom:audio-decoder-ogg-vorbis: bf7c407c2cedff20999df2af8eb42d56 -> 
Editor requested this worker to shutdown with reason: Scaling down because of idle timeout
AssetImportWorker is now disconnected from the server
Process exiting
Exiting without the bug reporter. Application will terminate with return code 0